
22:41:50.302 > 016 00:22:5
22:41:50.302 > Initializing Ethernet...DHCP ok.
22:41:54.151 > Local IP: 192.168.1.45
22:41:54.153 >
22:41:54.153 > ----> server content follows:
22:41:54.156 > [  4752][I][SoapESP32.cpp:880] browseServer(): new search on server: "My Media Server", objectId: "0"
22:41:54.166 > [  4759][I][SoapESP32.cpp:892] browseServer(): connected successfully to server 192.168.1.42:9791    
22:41:54.174 > [  4765][I][SoapESP32.cpp:915] browseServer(): scan answer from media server:
22:41:54.186 > [  4787][I][SoapESP32.cpp:628] soapScanAttribute(): attribute: "childCount=" missing.
22:41:54.194 > [  4787][I][SoapESP32.cpp:706] soapScanContainer(): folder "8 Alben" (id: "0$albums", childCount: 0) added to list
22:41:54.205 > [  4800][I][SoapESP32.cpp:628] soapScanAttribute(): attribute: "childCount=" missing.
22:41:54.212 > [  4801][I][SoapESP32.cpp:706] soapScanContainer(): folder "106 Titel" (id: "0$items", childCount: 0) added to list
22:41:54.222 > [  4817][I][SoapESP32.cpp:628] soapScanAttribute(): attribute: "childCount=" missing.
22:41:54.230 > [  4819][I][SoapESP32.cpp:706] soapScanContainer(): folder "Interpret" (id: "0$=Artist", childCount: 0) added to list
22:41:54.240 > [  4835][I][SoapESP32.cpp:628] soapScanAttribute(): attribute: "childCount=" missing.
22:41:54.248 > [  4837][I][SoapESP32.cpp:706] soapScanContainer(): folder "Datum" (id: "0$=Date", childCount: 0) added to list
22:41:54.257 > [  4852][I][SoapESP32.cpp:628] soapScanAttribute(): attribute: "childCount=" missing.
22:41:54.265 > [  4854][I][SoapESP32.cpp:706] soapScanContainer(): folder "Genre" (id: "0$=Genre", childCount: 0) added to list
22:41:54.275 > [  4870][I][SoapESP32.cpp:628] soapScanAttribute(): attribute: "childCount=" missing.
22:41:54.282 > [  4872][I][SoapESP32.cpp:706] soapScanContainer(): folder "Alle Interpreten" (id: "0$=All Artists", childCount: 0) added to list
22:41:54.294 > [  4889][I][SoapESP32.cpp:628] soapScanAttribute(): attribute: "childCount=" missing.
22:41:54.301 > [  4891][I][SoapESP32.cpp:706] soapScanContainer(): folder "Komponist" (id: "0$=Composer", childCount: 0) added to list
22:41:54.312 > [  4907][I][SoapESP32.cpp:628] soapScanAttribute(): attribute: "childCount=" missing.
22:41:54.319 > [  4909][I][SoapESP32.cpp:706] soapScanContainer(): folder "[Ordneransicht]" (id: "0$folders", childCount: 0) added to list
22:41:54.330 > [  4923][I][SoapESP32.cpp:981] browseServer(): found 8 folders and 0 files
22:41:54.337 > 8 Alben/
22:41:54.338 > [  4929][I][SoapESP32.cpp:880] browseServer(): new search on server: "My Media Server", objectId: "0$albums"
22:41:54.346 > [  4941][I][SoapESP32.cpp:892] browseServer(): connected successfully to server 192.168.1.42:9791
22:41:54.356 > [  4947][I][SoapESP32.cpp:915] browseServer(): scan answer from media server:
22:41:54.374 > [  4975][I][SoapESP32.cpp:706] soapScanContainer(): folder "Car-CD 1" (id: "0$albums$*a0", childCount: 2) added to list
22:41:54.402 > [  5003][I][SoapESP32.cpp:706] soapScanContainer(): folder "Car-CD 1" (id: "0$albums$*a1", childCount: 16) added to list
22:41:54.428 > [  5029][I][SoapESP32.cpp:706] soapScanContainer(): folder "Car-CD 2" (id: "0$albums$*a2", childCount: 18) added to list
22:41:54.456 > [  5056][I][SoapESP32.cpp:706] soapScanContainer(): folder "Car-CD 3" (id: "0$albums$*a3", childCount: 20) added to list
22:41:54.484 > [  5085][I][SoapESP32.cpp:706] soapScanContainer(): folder "Car-CD 4" (id: "0$albums$*a4", childCount: 17) added to list
22:41:54.511 > [  5111][I][SoapESP32.cpp:706] soapScanContainer(): folder "Car-CD 5" (id: "0$albums$*a5", childCount: 19) added to list
22:41:54.534 > [  5135][I][SoapESP32.cpp:706] soapScanContainer(): folder "Car-CD 6" (id: "0$albums$*a6", childCount: 14) added to list
22:41:54.549 > [  5150][I][SoapESP32.cpp:706] soapScanContainer(): folder "The Eagles Best Of" (id: "0$albums$*a7", childCount: 1) added to list
22:41:54.561 > [  5156][I][SoapESP32.cpp:628] soapScanAttribute(): attribute: "childCount=" missing.
22:41:54.569 > [  5158][I][SoapESP32.cpp:706] soapScanContainer(): folder "[kein Album]" (id: "0$albums$noalbum", childCount: 0) added to list
22:41:54.580 > [  5173][I][SoapESP32.cpp:981] browseServer(): found 9 folders and 0 files
22:41:54.587 >   Car-CD 1/
22:41:54.588 >   Car-CD 1/
22:41:54.589 >   Car-CD 2/
22:41:54.590 >   Car-CD 3/
22:41:54.591 >   Car-CD 4/
22:41:54.593 >   Car-CD 5/
22:41:54.594 >   Car-CD 6/
22:41:54.595 >   The Eagles Best Of/
22:41:54.597 >   [kein Album]/
22:41:54.598 > 106 Titel/
22:41:54.599 > [  5198][I][SoapESP32.cpp:880] browseServer(): new search on server: "My Media Server", objectId: "0$items"
22:41:54.640 > [  5241][I][SoapESP32.cpp:892] browseServer(): connected successfully to server 192.168.1.42:9791
22:41:54.650 > [  5244][I][SoapESP32.cpp:915] browseServer(): scan answer from media server:
22:41:54.678 > [  5278][I][SoapESP32.cpp:861] soapScanItem(): "74-75" (id: "0$items$*i0", size: 6753175, sizeMissing: false, type: audio) added to list
22:41:54.702 > [  5303][I][SoapESP32.cpp:861] soapScanItem(): "500 Miles" (id: "0$items$*i1", size: 6359038, sizeMissing: false, type: audio) added to list
22:41:54.731 > [  5332][I][SoapESP32.cpp:861] soapScanItem(): "A good heart" (id: "0$items$*i2", size: 9195418, sizeMissing: false, type: audio) added to list
22:41:54.758 > [  5359][I][SoapESP32.cpp:861] soapScanItem(): "A million miles away" (id: "0$items$*i3", size: 22771074, sizeMissing: false, type: audio) added to list
22:41:54.786 > [  5387][I][SoapESP32.cpp:861] soapScanItem(): "A New Day Has Come" (id: "0$items$*i4", size: 6251473, sizeMissing: false, type: audio) added to list
22:41:54.813 > [  5413][I][SoapESP32.cpp:861] soapScanItem(): "Abracadabra" (id: "0$items$*i5", size: 12353263, sizeMissing: false, type: audio) added to list
22:41:54.839 > [  5440][I][SoapESP32.cpp:861] soapScanItem(): "All good things" (id: "0$items$*i6", size: 12455337, sizeMissing: false, type: audio) added to list
22:41:54.866 > [  5467][I][SoapESP32.cpp:861] soapScanItem(): "All Of Me" (id: "0$items$*i7", size: 8668133, sizeMissing: false, type: audio) added to list
22:41:54.890 > [  5492][I][SoapESP32.cpp:861] soapScanItem(): "All This Time" (id: "0$items$*i8", size: 4177264, sizeMissing: false, type: audio) added to list
22:41:54.919 > [  5520][I][SoapESP32.cpp:861] soapScanItem(): "All You Zombies" (id: "0$items$*i9", size: 8620094, sizeMissing: false, type: audio) added to list
22:41:54.946 > [  5547][I][SoapESP32.cpp:861] soapScanItem(): "Always The Sun" (id: "0$items$*i10", size: 9829742, sizeMissing: false, type: audio) added to list
22:41:54.972 > [  5573][I][SoapESP32.cpp:861] soapScanItem(): "Another Love" (id: "0$items$*i11", size: 9929167, sizeMissing: false, type: audio) added to list
22:41:54.999 > [  5600][I][SoapESP32.cpp:861] soapScanItem(): "Bad Ideas" (id: "0$items$*i12", size: 6688084, sizeMissing: false, type: audio) added to list
22:41:55.027 > [  5627][I][SoapESP32.cpp:861] soapScanItem(): "Because The Night" (id: "0$items$*i13", size: 8944456, sizeMissing: false, type: audio) added to list
22:41:55.052 > [  5653][I][SoapESP32.cpp:861] soapScanItem(): "Big In Japan" (id: "0$items$*i14", size: 6892958, sizeMissing: false, type: audio) added to list
22:41:55.079 > [  5680][I][SoapESP32.cpp:861] soapScanItem(): "Blue Mesa" (id: "0$items$*i15", size: 9666929, sizeMissing: false, type: audio) added to list
22:41:55.105 > [  5707][I][SoapESP32.cpp:861] soapScanItem(): "Blueprint" (id: "0$items$*i16", size: 7962597, sizeMissing: false, type: audio) added to list
22:41:55.133 > [  5734][I][SoapESP32.cpp:861] soapScanItem(): "Born To Be Alive" (id: "0$items$*i17", size: 6203103, sizeMissing: false, type: audio) added to list
22:41:55.159 > [  5760][I][SoapESP32.cpp:861] soapScanItem(): "Broken" (id: "0$items$*i18", size: 6073871, sizeMissing: false, type: audio) added to list
22:41:55.183 > [  5783][I][SoapESP32.cpp:861] soapScanItem(): "Broken Sleep" (id: "0$items$*i19", size: 7115834, sizeMissing: false, type: audio) added to list
22:41:55.207 > [  5808][I][SoapESP32.cpp:861] soapScanItem(): "Carpet Crawl" (id: "0$items$*i20", size: 12556493, sizeMissing: false, type: audio) added to list
22:41:55.233 > [  5833][I][SoapESP32.cpp:861] soapScanItem(): "China Girl" (id: "0$items$*i21", size: 6706178, sizeMissing: false, type: audio) added to list
22:41:55.257 > [  5857][I][SoapESP32.cpp:861] soapScanItem(): "Clocks" (id: "0$items$*i22", size: 12374596, sizeMissing: false, type: audio) added to list
22:41:55.285 > [  5885][I][SoapESP32.cpp:861] soapScanItem(): "Cripple and the Starfish" (id: "0$items$*i23", size: 6172531, sizeMissing: false, type: audio) added to list
22:41:55.312 > [  5913][I][SoapESP32.cpp:861] soapScanItem(): "Der Kommissar" (id: "0$items$*i24", size: 7459426, sizeMissing: false, type: audio) added to list
22:41:55.338 > [  5939][I][SoapESP32.cpp:861] soapScanItem(): "Do You Really Want To Hurt Me" (id: "0$items$*i25", size: 10425164, sizeMissing: false, type: audio) added to list
22:41:55.365 > [  5966][I][SoapESP32.cpp:861] soapScanItem(): "Don't Forget About Me" (id: "0$items$*i26", size: 5705448, sizeMissing: false, type: audio) added to list
22:41:55.392 > [  5993][I][SoapESP32.cpp:861] soapScanItem(): "Done" (id: "0$items$*i27", size: 6905292, sizeMissing: false, type: audio) added to list
22:41:55.417 > [  6019][I][SoapESP32.cpp:861] soapScanItem(): "Down To The River" (id: "0$items$*i28", size: 14473215, sizeMissing: false, type: audio) added to list
22:41:55.444 > [  6045][I][SoapESP32.cpp:861] soapScanItem(): "Dutch Mountains" (id: "0$items$*i29", size: 8555384, sizeMissing: false, type: audio) added to list
22:41:55.469 > [  6070][I][SoapESP32.cpp:861] soapScanItem(): "Electric" (id: "0$items$*i30", size: 10179145, sizeMissing: false, type: audio) added to list
22:41:55.494 > [  6095][I][SoapESP32.cpp:861] soapScanItem(): "Enjoy the Silence" (id: "0$items$*i31", size: 4628781, sizeMissing: false, type: audio) added to list
22:41:55.521 > [  6122][I][SoapESP32.cpp:861] soapScanItem(): "Excuse me Mr." (id: "0$items$*i32", size: 11797545, sizeMissing: false, type: audio) added to list
22:41:55.547 > [  6147][I][SoapESP32.cpp:861] soapScanItem(): "Excuse me Mr." (id: "0$items$*i33", size: 11870222, sizeMissing: false, type: audio) added to list
22:41:55.572 > [  6172][I][SoapESP32.cpp:861] soapScanItem(): "Forever Young" (id: "0$items$*i34", size: 4556304, sizeMissing: false, type: audio) added to list
22:41:55.598 > [  6199][I][SoapESP32.cpp:861] soapScanItem(): "From the land down under" (id: "0$items$*i35", size: 3542515, sizeMissing: false, type: audio) added to list
22:41:55.625 > [  6226][I][SoapESP32.cpp:861] soapScanItem(): "Go West" (id: "0$items$*i36", size: 4833196, sizeMissing: false, type: audio) added to list
22:41:55.651 > [  6252][I][SoapESP32.cpp:861] soapScanItem(): "Gyöngyhajú lány" (id: "0$items$*i37", size: 10991944, sizeMissing: false, type: audio) added to list
22:41:55.681 > [  6281][I][SoapESP32.cpp:861] soapScanItem(): "Hands Clean" (id: "0$items$*i38", size: 6528589, sizeMissing: false, type: audio) added to list
22:41:55.706 > [  6307][I][SoapESP32.cpp:861] soapScanItem(): "Hell Or High Water" (id: "0$items$*i39", size: 8833381, sizeMissing: false, type: audio) added to list
22:41:55.732 > [  6333][I][SoapESP32.cpp:861] soapScanItem(): "Home" (id: "0$items$*i40", size: 6157651, sizeMissing: false, type: audio) added to list
22:41:55.760 > [  6361][I][SoapESP32.cpp:861] soapScanItem(): "Hotel California" (id: "0$items$*i41", size: 17327932, sizeMissing: false, type: audio) added to list
22:41:55.786 > [  6387][I][SoapESP32.cpp:861] soapScanItem(): "I Feel Good" (id: "0$items$*i42", size: 2701318, sizeMissing: false, type: audio) added to list
22:41:55.813 > [  6414][I][SoapESP32.cpp:861] soapScanItem(): "I Follow Rivers" (id: "0$items$*i43", size: 8581856, sizeMissing: false, type: audio) added to list
22:41:55.838 > [  6439][I][SoapESP32.cpp:861] soapScanItem(): "Incubus Live" (id: "0$items$*i44", size: 9670576, sizeMissing: false, type: audio) added to list
22:41:55.863 > [  6464][I][SoapESP32.cpp:861] soapScanItem(): "It's Amazing" (id: "0$items$*i45", size: 6273323, sizeMissing: false, type: audio) added to list
22:41:55.889 > [  6490][I][SoapESP32.cpp:861] soapScanItem(): "Jealous Guy" (id: "0$items$*i46", size: 7192636, sizeMissing: false, type: audio) added to list
22:41:55.915 > [  6516][I][SoapESP32.cpp:861] soapScanItem(): "Just Hold Me" (id: "0$items$*i47", size: 6199684, sizeMissing: false, type: audio) added to list
22:41:55.944 > [  6544][I][SoapESP32.cpp:861] soapScanItem(): "Keep Moving On - Live" (id: "0$items$*i48", size: 12127204, sizeMissing: false, type: audio) added to list
22:41:55.969 > [  6571][I][SoapESP32.cpp:861] soapScanItem(): "Lady In Black" (id: "0$items$*i49", size: 6774204, sizeMissing: false, type: audio) added to list
22:41:55.996 > [  6597][I][SoapESP32.cpp:861] soapScanItem(): "Let Her Go" (id: "0$items$*i50", size: 10143623, sizeMissing: false, type: audio) added to list
22:41:56.022 > [  6623][I][SoapESP32.cpp:861] soapScanItem(): "Lose It" (id: "0$items$*i51", size: 10791332, sizeMissing: false, type: audio) added to list
22:41:56.048 > [  6649][I][SoapESP32.cpp:861] soapScanItem(): "Love Hurts" (id: "0$items$*i52", size: 9284867, sizeMissing: false, type: audio) added to list
22:41:56.073 > [  6674][I][SoapESP32.cpp:861] soapScanItem(): "Madrugada - Vocal (Live in Norway)" (id: "0$items$*i53", size: 10303735, sizeMissing: false, type: audio) added to list
22:41:56.100 > [  6701][I][SoapESP32.cpp:861] soapScanItem(): "Majesty live" (id: "0$items$*i54", size: 14136935, sizeMissing: false, type: audio) added to list
22:41:56.129 > [  6729][I][SoapESP32.cpp:861] soapScanItem(): "Major Tom (German Version)" (id: "0$items$*i55", size: 3855747, sizeMissing: false, type: audio) added to list
22:41:56.155 > [  6756][I][SoapESP32.cpp:861] soapScanItem(): "Material World" (id: "0$items$*i56", size: 7104618, sizeMissing: false, type: audio) added to list
22:41:56.181 > [  6782][I][SoapESP32.cpp:861] soapScanItem(): "My Name Is Luka" (id: "0$items$*i57", size: 7354786, sizeMissing: false, type: audio) added to list
22:41:56.208 > [  6809][I][SoapESP32.cpp:861] soapScanItem(): "No Milk Today" (id: "0$items$*i58", size: 5489679, sizeMissing: false, type: audio) added to list
22:41:56.236 > [  6837][I][SoapESP32.cpp:861] soapScanItem(): "Nothing Compares 2 U" (id: "0$items$*i59", size: 7516934, sizeMissing: false, type: audio) added to list
22:41:56.263 > [  6864][I][SoapESP32.cpp:861] soapScanItem(): "On my way to LA (long)" (id: "0$items$*i60", size: 6695426, sizeMissing: false, type: audio) added to list
22:41:56.289 > [  6890][I][SoapESP32.cpp:861] soapScanItem(): "One" (id: "0$items$*i61", size: 7689152, sizeMissing: false, type: audio) added to list
22:41:56.317 > [  6917][I][SoapESP32.cpp:861] soapScanItem(): "One Night in Bangkok" (id: "0$items$*i62", size: 5003572, sizeMissing: false, type: audio) added to list
22:41:56.345 > [  6946][I][SoapESP32.cpp:861] soapScanItem(): "One Of Us Cannot Be Wrong" (id: "0$items$*i63", size: 14082497, sizeMissing: false, type: audio) added to list
22:41:56.379 > [  6979][I][SoapESP32.cpp:861] soapScanItem(): "Our house" (id: "0$items$*i64", size: 5756679, sizeMissing: false, type: audio) added to list
22:41:56.405 > [  7006][I][SoapESP32.cpp:861] soapScanItem(): "Pure Love" (id: "0$items$*i65", size: 8441184, sizeMissing: false, type: audio) added to list
22:41:56.432 > [  7032][I][SoapESP32.cpp:861] soapScanItem(): "Ride" (id: "0$items$*i66", size: 11630482, sizeMissing: false, type: audio) added to list
22:41:56.456 > [  7057][I][SoapESP32.cpp:861] soapScanItem(): "Riverside" (id: "0$items$*i67", size: 5557406, sizeMissing: false, type: audio) added to list
22:41:56.481 > [  7082][I][SoapESP32.cpp:861] soapScanItem(): "Room With a View" (id: "0$items$*i68", size: 8140545, sizeMissing: false, type: audio) added to list
22:41:56.511 > [  7112][I][SoapESP32.cpp:861] soapScanItem(): "Ruined Heart" (id: "0$items$*i69", size: 10102568, sizeMissing: false, type: audio) added to list
22:41:56.539 > [  7140][I][SoapESP32.cpp:861] soapScanItem(): "San Francisco (Be Sure To Wear Flowers In You Hair)" (id: "0$items$*i70", size: 4341799, sizeMissing: false, 
type: audio) added to list
22:41:56.568 > [  7170][I][SoapESP32.cpp:861] soapScanItem(): "Save Me" (id: "0$items$*i71", size: 7161591, sizeMissing: false, type: audio) added to list
22:41:56.596 > [  7197][I][SoapESP32.cpp:861] soapScanItem(): "Set Fire to the Rain" (id: "0$items$*i72", size: 9696150, sizeMissing: false, type: audio) added to list
22:41:56.624 > [  7225][I][SoapESP32.cpp:861] soapScanItem(): "She Moves" (id: "0$items$*i73", size: 7784102, sizeMissing: false, type: audio) added to list
22:41:56.648 > [  7250][I][SoapESP32.cpp:861] soapScanItem(): "Sick And Tired" (id: "0$items$*i74", size: 8348435, sizeMissing: false, type: audio) added to list
22:41:56.674 > [  7275][I][SoapESP32.cpp:861] soapScanItem(): "Sick And Tired" (id: "0$items$*i75", size: 8348435, sizeMissing: false, type: audio) added to list
22:41:56.705 > [  7307][I][SoapESP32.cpp:861] soapScanItem(): "Sign of the Times" (id: "0$items$*i76", size: 13667400, sizeMissing: false, type: audio) added to list
22:41:56.733 > [  7334][I][SoapESP32.cpp:861] soapScanItem(): "Simple Man" (id: "0$items$*i77", size: 14386127, sizeMissing: false, type: audio) added to list
22:41:56.757 > [  7358][I][SoapESP32.cpp:861] soapScanItem(): "Sing" (id: "0$items$*i78", size: 5434021, sizeMissing: false, type: audio) added to list
22:41:56.783 > [  7384][I][SoapESP32.cpp:861] soapScanItem(): "Slip Away" (id: "0$items$*i79", size: 8462013, sizeMissing: false, type: audio) added to list
22:41:56.811 > [  7411][I][SoapESP32.cpp:861] soapScanItem(): "Someone new" (id: "0$items$*i80", size: 5096159, sizeMissing: false, type: audio) added to list
22:41:56.838 > [  7439][I][SoapESP32.cpp:861] soapScanItem(): "Sounds Like A Melody" (id: "0$items$*i81", size: 9210144, sizeMissing: false, type: audio) added to list
22:41:56.865 > [  7465][I][SoapESP32.cpp:861] soapScanItem(): "Stars" (id: "0$items$*i82", size: 4746949, sizeMissing: false, type: audio) added to list
22:41:56.890 > [  7491][I][SoapESP32.cpp:861] soapScanItem(): "Stay" (id: "0$items$*i83", size: 9647394, sizeMissing: false, type: audio) added to list
22:41:56.917 > [  7518][I][SoapESP32.cpp:861] soapScanItem(): "Streets Of London" (id: "0$items$*i84", size: 9938320, sizeMissing: false, type: audio) added to list
22:41:56.943 > [  7545][I][SoapESP32.cpp:861] soapScanItem(): "Subcity" (id: "0$items$*i85", size: 9584311, sizeMissing: false, type: audio) added to list
22:41:56.972 > [  7573][I][SoapESP32.cpp:861] soapScanItem(): "Summer In The City" (id: "0$items$*i86", size: 3888715, sizeMissing: false, type: audio) added to list
22:41:57.001 > [  7603][I][SoapESP32.cpp:861] soapScanItem(): "Summertime Sadness" (id: "0$items$*i87", size: 9115457, sizeMissing: false, type: audio) added to list
22:41:57.027 > [  7628][I][SoapESP32.cpp:861] soapScanItem(): "Super Girl" (id: "0$items$*i88", size: 5577366, sizeMissing: false, type: audio) added to list
22:41:57.053 > [  7654][I][SoapESP32.cpp:861] soapScanItem(): "Sweet About Me" (id: "0$items$*i89", size: 5006892, sizeMissing: false, type: audio) added to list
22:41:57.079 > [  7680][I][SoapESP32.cpp:861] soapScanItem(): "Talk To Me" (id: "0$items$*i90", size: 7881646, sizeMissing: false, type: audio) added to list
22:41:57.104 > [  7705][I][SoapESP32.cpp:861] soapScanItem(): "The Sound Of Silence [Official Music Video]" (id: "0$items$*i91", size: 8332259, sizeMissing: false, type: audio) added to list
22:41:57.135 > [  7736][I][SoapESP32.cpp:861] soapScanItem(): "The Way It Is" (id: "0$items$*i92", size: 11945276, sizeMissing: false, type: audio) added to list
22:41:57.162 > [  7763][I][SoapESP32.cpp:861] soapScanItem(): "This Is The Life" (id: "0$items$*i93", size: 4688488, sizeMissing: false, type: audio) added to list
22:41:57.181 > [  7782][I][SoapESP32.cpp:861] soapScanItem(): "VideoNr1" (id: "0$items$*i94", size: 4692350543, sizeMissing: false, type: audio) added to list
22:41:57.201 > [  7801][I][SoapESP32.cpp:861] soapScanItem(): "VideoNr2" (id: "0$items$*i95", size: 7675374555, sizeMissing: false, type: audio) added to list
22:41:57.226 > [  7827][I][SoapESP32.cpp:861] soapScanItem(): "Vincent" (id: "0$items$*i96", size: 8967826, sizeMissing: false, type: audio) added to list
22:41:57.250 > [  7851][I][SoapESP32.cpp:861] soapScanItem(): "Vocal" (id: "0$items$*i97", size: 11521263, sizeMissing: false, type: audio) added to list
22:41:57.277 > [  7878][I][SoapESP32.cpp:861] soapScanItem(): "Watermelon Sugar" (id: "0$items$*i98", size: 4405070, sizeMissing: false, type: audio) added to list
22:41:57.303 > [  7904][I][SoapESP32.cpp:861] soapScanItem(): "What's On Your Mind?" (id: "0$items$*i99", size: 5861481, sizeMissing: false, type: audio) added to list
22:41:57.317 > [  7910][I][SoapESP32.cpp:981] browseServer(): found 0 folders and 100 files
22:41:57.324 >   74-75   item size: 6753175, audio
22:41:57.327 >   500 Miles   item size: 6359038, audio
22:41:57.330 >   A good heart   item size: 9195418, audio
22:41:57.334 >   A million miles away   item size: 22771074, audio
22:41:57.339 >   A New Day Has Come   item size: 6251473, audio
22:41:57.343 >   Abracadabra   item size: 12353263, audio
22:41:57.347 >   All good things   item size: 12455337, audio
22:41:57.351 >   All Of Me   item size: 8668133, audio
22:41:57.355 >   All This Time   item size: 4177264, audio
22:41:57.359 >   All You Zombies   item size: 8620094, audio
22:41:57.363 >   Always The Sun   item size: 9829742, audio
22:41:57.367 >   Another Love   item size: 9929167, audio
22:41:57.371 >   Bad Ideas   item size: 6688084, audio
22:41:57.374 >   Because The Night   item size: 8944456, audio
22:41:57.378 >   Big In Japan   item size: 6892958, audio
22:41:57.382 >   Blue Mesa   item size: 9666929, audio
22:41:57.386 >   Blueprint   item size: 7962597, audio
22:41:57.389 >   Born To Be Alive   item size: 6203103, audio
22:41:57.393 >   Broken   item size: 6073871, audio
22:41:57.397 >   Broken Sleep   item size: 7115834, audio
22:41:57.401 >   Carpet Crawl   item size: 12556493, audio
22:41:57.404 >   China Girl   item size: 6706178, audio
22:41:57.408 >   Clocks   item size: 12374596, audio
22:41:57.411 >   Cripple and the Starfish   item size: 6172531, audio
22:41:57.416 >   Der Kommissar   item size: 7459426, audio
22:41:57.420 >   Do You Really Want To Hurt Me   item size: 10425164, audio
22:41:57.426 >   Don't Forget About Me   item size: 5705448, audio
22:41:57.430 >   Done   item size: 6905292, audio
22:41:57.433 >   Down To The River   item size: 14473215, audio
22:41:57.438 >   Dutch Mountains   item size: 8555384, audio
22:41:57.442 >   Electric   item size: 10179145, audio
22:41:57.445 >   Enjoy the Silence   item size: 4628781, audio
22:41:57.450 >   Excuse me Mr.   item size: 11797545, audio
22:41:57.455 >   Excuse me Mr.   item size: 11870222, audio
22:41:57.459 >   Forever Young   item size: 4556304, audio
22:41:57.461 >   From the land down under   item size: 3542515, audio
22:41:57.466 >   Go West   item size: 4833196, audio
22:41:57.470 >   Gyöngyhajú lány   item size: 10991944, audio
22:41:57.474 >   Hands Clean   item size: 6528589, audio
22:41:57.478 >   Hell Or High Water   item size: 8833381, audio
22:41:57.482 >   Home   item size: 6157651, audio
22:41:57.485 >   Hotel California   item size: 17327932, audio
22:41:57.491 >   I Feel Good   item size: 2701318, audio
22:41:57.493 >   I Follow Rivers   item size: 8581856, audio
22:41:57.497 >   Incubus Live   item size: 9670576, audio
22:41:57.501 >   It's Amazing   item size: 6273323, audio
22:41:57.505 >   Jealous Guy   item size: 7192636, audio
22:41:57.509 >   Just Hold Me   item size: 6199684, audio
22:41:57.513 >   Keep Moving On - Live   item size: 12127204, audio
22:41:57.517 >   Lady In Black   item size: 6774204, audio
22:41:57.521 >   Let Her Go   item size: 10143623, audio
22:41:57.525 >   Lose It   item size: 10791332, audio
22:41:57.528 >   Love Hurts   item size: 9284867, audio
22:41:57.532 >   Madrugada - Vocal (Live in Norway)   item size: 10303735, audio
22:41:57.538 >   Majesty live   item size: 14136935, audio
22:41:57.542 >   Major Tom (German Version)   item size: 3855747, audio
22:41:57.547 >   Material World   item size: 7104618, audio
22:41:57.551 >   My Name Is Luka   item size: 7354786, audio
22:41:57.555 >   No Milk Today   item size: 5489679, audio
22:41:57.559 >   Nothing Compares 2 U   item size: 7516934, audio
22:41:57.563 >   On my way to LA (long)   item size: 6695426, audio
22:41:57.568 >   One   item size: 7689152, audio
22:41:57.571 >   One Night in Bangkok   item size: 5003572, audio
22:41:57.576 >   One Of Us Cannot Be Wrong   item size: 14082497, audio
22:41:57.581 >   Our house   item size: 5756679, audio
22:41:57.584 >   Pure Love   item size: 8441184, audio
22:41:57.588 >   Ride   item size: 11630482, audio
22:41:57.591 >   Riverside   item size: 5557406, audio
22:41:57.594 >   Room With a View   item size: 8140545, audio
22:41:57.599 >   Ruined Heart   item size: 10102568, audio
22:41:57.603 >   San Francisco (Be Sure To Wear Flowers In You Hair)   item size: 4341799, audio
22:41:57.610 >   Save Me   item size: 7161591, audio
22:41:57.613 >   Set Fire to the Rain   item size: 9696150, audio
22:41:57.618 >   She Moves   item size: 7784102, audio
22:41:57.621 >   Sick And Tired   item size: 8348435, audio
22:41:57.625 >   Sick And Tired   item size: 8348435, audio
22:41:57.629 >   Sign of the Times   item size: 13667400, audio
22:41:57.633 >   Simple Man   item size: 14386127, audio
22:41:57.637 >   Sing   item size: 5434021, audio
22:41:57.640 >   Slip Away   item size: 8462013, audio
22:41:57.644 >   Someone new   item size: 5096159, audio
22:41:57.648 >   Sounds Like A Melody   item size: 9210144, audio
22:41:57.652 >   Stars   item size: 4746949, audio
22:41:57.655 >   Stay   item size: 9647394, audio
22:41:57.659 >   Streets Of London   item size: 9938320, audio
22:41:57.663 >   Subcity   item size: 9584311, audio
22:41:57.666 >   Summer In The City   item size: 3888715, audio
22:41:57.670 >   Summertime Sadness   item size: 9115457, audio
22:41:57.675 >   Super Girl   item size: 5577366, audio
22:41:57.678 >   Sweet About Me   item size: 5006892, audio
22:41:57.682 >   Talk To Me   item size: 7881646, audio
22:41:57.686 >   The Sound Of Silence [Official Music Video]   item size: 8332259, audio
22:41:57.693 >   The Way It Is   item size: 11945276, audio
22:41:57.697 >   This Is The Life   item size: 4688488, audio
22:41:57.701 >   VideoNr1   item size: 4692350543, audio
22:41:57.704 >   VideoNr2   item size: 7675374555, audio
22:41:57.708 >   Vincent   item size: 8967826, audio
22:41:57.712 >   Vocal   item size: 11521263, audio
22:41:57.715 >   Watermelon Sugar   item size: 4405070, audio
22:41:57.719 >   What's On Your Mind?   item size: 5861481, audio
22:41:57.724 > Interpret/
22:41:57.725 > [  8317][I][SoapESP32.cpp:880] browseServer(): new search on server: "My Media Server", objectId: "0$=Artist"
22:41:57.734 > [  8328][I][SoapESP32.cpp:892] browseServer(): connected successfully to server 192.168.1.42:9791
22:41:57.743 > [  8335][I][SoapESP32.cpp:915] browseServer(): scan answer from media server:
22:41:57.754 > [  8355][I][SoapESP32.cpp:628] soapScanAttribute(): attribute: "childCount=" missing.
22:41:57.762 > [  8356][I][SoapESP32.cpp:706] soapScanContainer(): folder "Adele" (id: "0$=Artist$97", childCount: 0) added to list
22:41:57.772 > [  8369][I][SoapESP32.cpp:628] soapScanAttribute(): attribute: "childCount=" missing.
22:41:57.780 > [  8370][I][SoapESP32.cpp:706] soapScanContainer(): folder "Agnes Obel" (id: "0$=Artist$146", childCount: 0) added to list
22:41:57.791 > [  8387][I][SoapESP32.cpp:628] soapScanAttribute(): attribute: "childCount=" missing.
22:41:57.798 > [  8388][I][SoapESP32.cpp:706] soapScanContainer(): folder "Alanis Morissette" (id: "0$=Artist$107", childCount: 0) added to list
22:41:57.810 > [  8406][I][SoapESP32.cpp:628] soapScanAttribute(): attribute: "childCount=" missing.
22:41:57.817 > [  8407][I][SoapESP32.cpp:706] soapScanContainer(): folder "Alice Boman" (id: "0$=Artist$151", childCount: 0) added to list
22:41:57.828 > [  8424][I][SoapESP32.cpp:628] soapScanAttribute(): attribute: "childCount=" missing.
22:41:57.836 > [  8425][I][SoapESP32.cpp:706] soapScanContainer(): folder "Alle Farben" (id: "0$=Artist$154", childCount: 0) added to list
22:41:57.846 > [  8443][I][SoapESP32.cpp:628] soapScanAttribute(): attribute: "childCount=" missing.
22:41:57.854 > [  8444][I][SoapESP32.cpp:706] soapScanContainer(): folder "Alphaville" (id: "0$=Artist$14", childCount: 0) added to list
22:41:57.865 > [  8461][I][SoapESP32.cpp:628] soapScanAttribute(): attribute: "childCount=" missing.
22:41:57.872 > [  8462][I][SoapESP32.cpp:706] soapScanContainer(): folder "Amy Macdonald" (id: "0$=Artist$17", childCount: 0) added to list
22:41:57.883 > [  8480][I][SoapESP32.cpp:628] soapScanAttribute(): attribute: "childCount=" missing.
22:41:57.891 > [  8480][I][SoapESP32.cpp:706] soapScanContainer(): folder "Anastacia" (id: "0$=Artist$10", childCount: 0) added to list
22:41:57.901 > [  8498][I][SoapESP32.cpp:628] soapScanAttribute(): attribute: "childCount=" missing.
22:41:57.909 > [  8499][I][SoapESP32.cpp:706] soapScanContainer(): folder "Antony and the Johnsons" (id: "0$=Artist$160", childCount: 0) added to list
22:41:57.921 > [  8517][I][SoapESP32.cpp:628] soapScanAttribute(): attribute: "childCount=" missing.
22:41:57.928 > [  8518][I][SoapESP32.cpp:706] soapScanContainer(): folder "Austra" (id: "0$=Artist$163", childCount: 0) added to list
22:41:57.939 > [  8535][I][SoapESP32.cpp:628] soapScanAttribute(): attribute: "childCount=" missing.
22:41:57.946 > [  8536][I][SoapESP32.cpp:706] soapScanContainer(): folder "Ben Harper" (id: "0$=Artist$8", childCount: 0) added to list
22:41:57.957 > [  8554][I][SoapESP32.cpp:628] soapScanAttribute(): attribute: "childCount=" missing.
22:41:57.964 > [  8554][I][SoapESP32.cpp:706] soapScanContainer(): folder "Bing Austria & The Flippin' Soul Stompers" (id: "0$=Artist$168", childCount: 0) added to list
22:41:57.978 > [  8574][I][SoapESP32.cpp:628] soapScanAttribute(): attribute: "childCount=" missing.
22:41:57.985 > [  8575][I][SoapESP32.cpp:706] soapScanContainer(): folder "Bobo in White Wooden Houses" (id: "0$=Artist$170", childCount: 0) added to list
22:41:57.998 > [  8594][I][SoapESP32.cpp:628] soapScanAttribute(): attribute: "childCount=" missing.
22:41:58.005 > [  8595][I][SoapESP32.cpp:706] soapScanContainer(): folder "Bruce Hornsby" (id: "0$=Artist$172", childCount: 0) added to list
22:41:58.016 > [  8613][I][SoapESP32.cpp:628] soapScanAttribute(): attribute: "childCount=" missing.
22:41:58.024 > [  8614][I][SoapESP32.cpp:706] soapScanContainer(): folder "Bruce Springsteen" (id: "0$=Artist$128", childCount: 0) added to list
22:41:58.035 > [  8632][I][SoapESP32.cpp:628] soapScanAttribute(): attribute: "childCount=" missing.
22:41:58.043 > [  8632][I][SoapESP32.cpp:706] soapScanContainer(): folder "Carla Bruni" (id: "0$=Artist$174", childCount: 0) added to list
22:41:58.053 > [  8650][I][SoapESP32.cpp:628] soapScanAttribute(): attribute: "childCount=" missing.
22:41:58.061 > [  8651][I][SoapESP32.cpp:706] soapScanContainer(): folder "Celine Dion" (id: "0$=Artist$21", childCount: 0) added to list
22:41:58.072 > [  8668][I][SoapESP32.cpp:628] soapScanAttribute(): attribute: "childCount=" missing.
22:41:58.079 > [  8669][I][SoapESP32.cpp:706] soapScanContainer(): folder "Chris Isaac" (id: "0$=Artist$26", childCount: 0) added to list
22:41:58.090 > [  8687][I][SoapESP32.cpp:628] soapScanAttribute(): attribute: "childCount=" missing.
22:41:58.098 > [  8687][I][SoapESP32.cpp:706] soapScanContainer(): folder "Coldplay" (id: "0$=Artist$176", childCount: 0) added to list
22:41:58.108 > [  8705][I][SoapESP32.cpp:628] soapScanAttribute(): attribute: "childCount=" missing.
22:41:58.116 > [  8706][I][SoapESP32.cpp:706] soapScanContainer(): folder "Connells" (id: "0$=Artist$83", childCount: 0) added to list
22:41:58.126 > [  8723][I][SoapESP32.cpp:628] soapScanAttribute(): attribute: "childCount=" missing.
22:41:58.134 > [  8724][I][SoapESP32.cpp:706] soapScanContainer(): folder "Culture Club" (id: "0$=Artist$178", childCount: 0) added to list
22:41:58.145 > [  8741][I][SoapESP32.cpp:628] soapScanAttribute(): attribute: "childCount=" missing.
22:41:58.152 > [  8742][I][SoapESP32.cpp:706] soapScanContainer(): folder "David Bowie" (id: "0$=Artist$28", childCount: 0) added to list
22:41:58.163 > [  8760][I][SoapESP32.cpp:628] soapScanAttribute(): attribute: "childCount=" missing.
22:41:58.171 > [  8760][I][SoapESP32.cpp:706] soapScanContainer(): folder "Disturbed" (id: "0$=Artist$180", childCount: 0) added to list
22:41:58.181 > [  8778][I][SoapESP32.cpp:628] soapScanAttribute(): attribute: "childCount=" missing.
22:41:58.189 > [  8779][I][SoapESP32.cpp:706] soapScanContainer(): folder "Eilen Jewell" (id: "0$=Artist$182", childCount: 0) added to list
22:41:58.201 > [  8796][I][SoapESP32.cpp:628] soapScanAttribute(): attribute: "childCount=" missing.
22:41:58.208 > [  8797][I][SoapESP32.cpp:706] soapScanContainer(): folder "Ellie Goulding" (id: "0$=Artist$185", childCount: 0) added to list
22:41:58.218 > [  8815][I][SoapESP32.cpp:628] soapScanAttribute(): attribute: "childCount=" missing.
22:41:58.226 > [  8816][I][SoapESP32.cpp:706] soapScanContainer(): folder "Escobar & Heather Nova" (id: "0$=Artist$85", childCount: 0) added to list
22:41:58.238 > [  8834][I][SoapESP32.cpp:628] soapScanAttribute(): attribute: "childCount=" missing.
22:41:58.245 > [  8835][I][SoapESP32.cpp:706] soapScanContainer(): folder "Falco" (id: "0$=Artist$33", childCount: 0) added to list
22:41:58.255 > [  8852][I][SoapESP32.cpp:628] soapScanAttribute(): attribute: "childCount=" missing.
22:41:58.263 > [  8853][I][SoapESP32.cpp:706] soapScanContainer(): folder "Father John Misty" (id: "0$=Artist$188", childCount: 0) added to list
22:41:58.274 > [  8871][I][SoapESP32.cpp:628] soapScanAttribute(): attribute: "childCount=" missing.
22:41:58.283 > [  8872][I][SoapESP32.cpp:706] soapScanContainer(): folder "Feargal Sharkey" (id: "0$=Artist$140", childCount: 0) added to list
22:41:58.294 > [  8890][I][SoapESP32.cpp:628] soapScanAttribute(): attribute: "childCount=" missing.
22:41:58.302 > [  8891][I][SoapESP32.cpp:706] soapScanContainer(): folder "Frazey Ford" (id: "0$=Artist$190", childCount: 0) added to list
22:41:58.313 > [  8908][I][SoapESP32.cpp:628] soapScanAttribute(): attribute: "childCount=" missing.
22:41:58.319 > [  8909][I][SoapESP32.cpp:706] soapScanContainer(): folder "Gabriella Cilmi" (id: "0$=Artist$39", childCount: 0) added to list
22:41:58.330 > [  8927][I][SoapESP32.cpp:628] soapScanAttribute(): attribute: "childCount=" missing.
22:41:58.338 > [  8928][I][SoapESP32.cpp:706] soapScanContainer(): folder "Genesis" (id: "0$=Artist$122", childCount: 0) added to list
22:41:58.348 > [  8945][I][SoapESP32.cpp:628] soapScanAttribute(): attribute: "childCount=" missing.
22:41:58.356 > [  8946][I][SoapESP32.cpp:706] soapScanContainer(): folder "Grace Carter" (id: "0$=Artist$192", childCount: 0) added to list
22:41:58.367 > [  8963][I][SoapESP32.cpp:628] soapScanAttribute(): attribute: "childCount=" missing.
22:41:58.374 > [  8964][I][SoapESP32.cpp:706] soapScanContainer(): folder "Harry Styles" (id: "0$=Artist$194", childCount: 0) added to list
22:41:58.385 > [  8982][I][SoapESP32.cpp:628] soapScanAttribute(): attribute: "childCount=" missing.
22:41:58.393 > [  8983][I][SoapESP32.cpp:706] soapScanContainer(): folder "Heather Nova" (id: "0$=Artist$124", childCount: 0) added to list
22:41:58.404 > [  9000][I][SoapESP32.cpp:628] soapScanAttribute(): attribute: "childCount=" missing.
22:41:58.411 > [  9001][I][SoapESP32.cpp:706] soapScanContainer(): folder "Herman's Hermits" (id: "0$=Artist$115", childCount: 0) added to list
22:41:58.423 > [  9019][I][SoapESP32.cpp:628] soapScanAttribute(): attribute: "childCount=" missing.
22:41:58.430 > [  9020][I][SoapESP32.cpp:706] soapScanContainer(): folder "Hooters" (id: "0$=Artist$54", childCount: 0) added to list
22:41:58.441 > [  9037][I][SoapESP32.cpp:628] soapScanAttribute(): attribute: "childCount=" missing.
22:41:58.449 > [  9038][I][SoapESP32.cpp:706] soapScanContainer(): folder "Jake Bugg" (id: "0$=Artist$198", childCount: 0) added to list
22:41:58.460 > [  9055][I][SoapESP32.cpp:628] soapScanAttribute(): attribute: "childCount=" missing.
22:41:58.467 > [  9056][I][SoapESP32.cpp:706] soapScanContainer(): folder "James Brown" (id: "0$=Artist$74", childCount: 0) added to list
22:41:58.478 > [  9074][I][SoapESP32.cpp:628] soapScanAttribute(): attribute: "childCount=" missing.
22:41:58.486 > [  9075][I][SoapESP32.cpp:706] soapScanContainer(): folder "John Legend" (id: "0$=Artist$200", childCount: 0) added to list
22:41:58.496 > [  9092][I][SoapESP32.cpp:628] soapScanAttribute(): attribute: "childCount=" missing.
22:41:58.504 > [  9093][I][SoapESP32.cpp:706] soapScanContainer(): folder "Lana Del Rey" (id: "0$=Artist$76", childCount: 0) added to list
22:41:58.515 > [  9110][I][SoapESP32.cpp:628] soapScanAttribute(): attribute: "childCount=" missing.
22:41:58.522 > [  9111][I][SoapESP32.cpp:706] soapScanContainer(): folder "Laurie Anderson" (id: "0$=Artist$204", childCount: 0) added to list
22:41:58.534 > [  9129][I][SoapESP32.cpp:628] soapScanAttribute(): attribute: "childCount=" missing.
22:41:58.541 > [  9130][I][SoapESP32.cpp:706] soapScanContainer(): folder "Lovin' Spoonful" (id: "0$=Artist$41", childCount: 0) added to list
22:41:58.551 > [  9148][I][SoapESP32.cpp:628] soapScanAttribute(): attribute: "childCount=" missing.
22:41:58.560 > [  9149][I][SoapESP32.cpp:706] soapScanContainer(): folder "Luke Winslow-King" (id: "0$=Artist$207", childCount: 0) added to list
22:41:58.570 > [  9167][I][SoapESP32.cpp:628] soapScanAttribute(): attribute: "childCount=" missing.
22:41:58.578 > [  9168][I][SoapESP32.cpp:706] soapScanContainer(): folder "Lynyrd Skynyrd" (id: "0$=Artist$209", childCount: 0) added to list
22:41:58.589 > [  9185][I][SoapESP32.cpp:628] soapScanAttribute(): attribute: "childCount=" missing.
22:41:58.597 > [  9186][I][SoapESP32.cpp:706] soapScanContainer(): folder "Madness" (id: "0$=Artist$100", childCount: 0) added to list
22:41:58.608 > [  9204][I][SoapESP32.cpp:628] soapScanAttribute(): attribute: "childCount=" missing.
22:41:58.615 > [  9204][I][SoapESP32.cpp:706] soapScanContainer(): folder "Madrugada" (id: "0$=Artist$212", childCount: 0) added to list
22:41:58.626 > [  9222][I][SoapESP32.cpp:628] soapScanAttribute(): attribute: "childCount=" missing.
22:41:58.634 > [  9223][I][SoapESP32.cpp:706] soapScanContainer(): folder "Maria Mena" (id: "0$=Artist$36", childCount: 0) added to list
22:41:58.644 > [  9240][I][SoapESP32.cpp:628] soapScanAttribute(): attribute: "childCount=" missing.
22:41:58.652 > [  9241][I][SoapESP32.cpp:706] soapScanContainer(): folder "Marillion" (id: "0$=Artist$219", childCount: 0) added to list
22:41:58.663 > [  9258][I][SoapESP32.cpp:628] soapScanAttribute(): attribute: "childCount=" missing.
22:41:58.670 > [  9259][I][SoapESP32.cpp:706] soapScanContainer(): folder "Men at Work" (id: "0$=Artist$60", childCount: 0) added to list
22:41:58.680 > [  9277][I][SoapESP32.cpp:628] soapScanAttribute(): attribute: "childCount=" missing.
22:41:58.687 > [  9277][I][SoapESP32.cpp:706] soapScanContainer(): folder "Murray Head" (id: "0$=Artist$63", childCount: 0) added to list
22:41:58.699 > [  9295][I][SoapESP32.cpp:628] soapScanAttribute(): attribute: "childCount=" missing.
22:41:58.707 > [  9296][I][SoapESP32.cpp:706] soapScanContainer(): folder "Nazareth" (id: "0$=Artist$132", childCount: 0) added to list
22:41:58.717 > [  9313][I][SoapESP32.cpp:628] soapScanAttribute(): attribute: "childCount=" missing.
22:41:58.725 > [  9314][I][SoapESP32.cpp:706] soapScanContainer(): folder "Nelly Furtado" (id: "0$=Artist$24", childCount: 0) added to list
22:41:58.736 > [  9331][I][SoapESP32.cpp:628] soapScanAttribute(): attribute: "childCount=" missing.
22:41:58.743 > [  9332][I][SoapESP32.cpp:706] soapScanContainer(): folder "Nits" (id: "0$=Artist$50", childCount: 0) added to list
22:41:58.753 > [  9349][I][SoapESP32.cpp:628] soapScanAttribute(): attribute: "childCount=" missing.
22:41:58.760 > [  9350][I][SoapESP32.cpp:706] soapScanContainer(): folder "Omega" (id: "0$=Artist$222", childCount: 0) added to list
22:41:58.770 > [  9367][I][SoapESP32.cpp:628] soapScanAttribute(): attribute: "childCount=" missing.
22:41:58.779 > [  9368][I][SoapESP32.cpp:706] soapScanContainer(): folder "Passenger" (id: "0$=Artist$135", childCount: 0) added to list
22:41:58.790 > [  9385][I][SoapESP32.cpp:628] soapScanAttribute(): attribute: "childCount=" missing.
22:41:58.797 > [  9386][I][SoapESP32.cpp:706] soapScanContainer(): folder "Patrick Hernandez" (id: "0$=Artist$226", childCount: 0) added to list
22:41:58.809 > [  9404][I][SoapESP32.cpp:628] soapScanAttribute(): attribute: "childCount=" missing.
22:41:58.816 > [  9405][I][SoapESP32.cpp:706] soapScanContainer(): folder "Pet Shop Boys" (id: "0$=Artist$87", childCount: 0) added to list
22:41:58.826 > [  9423][I][SoapESP32.cpp:628] soapScanAttribute(): attribute: "childCount=" missing.
22:41:58.834 > [  9424][I][SoapESP32.cpp:706] soapScanContainer(): folder "Peter Schilling" (id: "0$=Artist$30", childCount: 0) added to list
22:41:58.846 > [  9441][I][SoapESP32.cpp:628] soapScanAttribute(): attribute: "childCount=" missing.
22:41:58.853 > [  9442][I][SoapESP32.cpp:706] soapScanContainer(): folder "Phil Carmen" (id: "0$=Artist$52", childCount: 0) added to list
22:41:58.864 > [  9460][I][SoapESP32.cpp:628] soapScanAttribute(): attribute: "childCount=" missing.
22:41:58.872 > [  9461][I][SoapESP32.cpp:706] soapScanContainer(): folder "Police" (id: "0$=Artist$67", childCount: 0) added to list
22:41:58.882 > [  9478][I][SoapESP32.cpp:628] soapScanAttribute(): attribute: "childCount=" missing.
22:41:58.889 > [  9478][I][SoapESP32.cpp:706] soapScanContainer(): folder "Rainbirds" (id: "0$=Artist$80", childCount: 0) added to list
22:41:58.899 > [  9496][I][SoapESP32.cpp:628] soapScanAttribute(): attribute: "childCount=" missing.
22:41:58.907 > [  9497][I][SoapESP32.cpp:706] soapScanContainer(): folder "Ralph Mctell" (id: "0$=Artist$230", childCount: 0) added to list
22:41:58.919 > [  9514][I][SoapESP32.cpp:628] soapScanAttribute(): attribute: "childCount=" missing.
22:41:58.926 > [  9515][I][SoapESP32.cpp:706] soapScanContainer(): folder "Reamonn" (id: "0$=Artist$105", childCount: 0) added to list
22:41:58.936 > [  9532][I][SoapESP32.cpp:628] soapScanAttribute(): attribute: "childCount=" missing.
22:41:58.943 > [  9534][I][SoapESP32.cpp:706] soapScanContainer(): folder "Rihanna Feat Mikky Ekko" (id: "0$=Artist$117", childCount: 0) added to list
22:41:58.955 > [  9552][I][SoapESP32.cpp:628] soapScanAttribute(): attribute: "childCount=" missing.
22:41:58.964 > [  9553][I][SoapESP32.cpp:706] soapScanContainer(): folder "Rory Gallagher" (id: "0$=Artist$45", childCount: 0) added to list
22:41:58.975 > [  9570][I][SoapESP32.cpp:628] soapScanAttribute(): attribute: "childCount=" missing.
22:41:58.982 > [  9571][I][SoapESP32.cpp:706] soapScanContainer(): folder "Roxette" (id: "0$=Artist$69", childCount: 0) added to list
22:41:58.993 > [  9588][I][SoapESP32.cpp:628] soapScanAttribute(): attribute: "childCount=" missing.
22:41:59.000 > [  9589][I][SoapESP32.cpp:706] soapScanContainer(): folder "Roxy Music" (id: "0$=Artist$232", childCount: 0) added to list
22:41:59.011 > [  9607][I][SoapESP32.cpp:628] soapScanAttribute(): attribute: "childCount=" missing.
22:41:59.018 > [  9607][I][SoapESP32.cpp:706] soapScanContainer(): folder "Roy Orbison" (id: "0$=Artist$119", childCount: 0) added to list
22:41:59.029 > [  9625][I][SoapESP32.cpp:628] soapScanAttribute(): attribute: "childCount=" missing.
22:41:59.037 > [  9626][I][SoapESP32.cpp:706] soapScanContainer(): folder "Scott Mc Kenzie" (id: "0$=Artist$130", childCount: 0) added to list
22:41:59.047 > [  9644][I][SoapESP32.cpp:628] soapScanAttribute(): attribute: "childCount=" missing.
22:41:59.055 > [  9645][I][SoapESP32.cpp:706] soapScanContainer(): folder "Shakira" (id: "0$=Artist$72", childCount: 0) added to list
22:41:59.065 > [  9662][I][SoapESP32.cpp:628] soapScanAttribute(): attribute: "childCount=" missing.
22:41:59.073 > [  9663][I][SoapESP32.cpp:706] soapScanContainer(): folder "Sinéad O'Connor" (id: "0$=Artist$89", childCount: 0) added to list
22:41:59.084 > [  9680][I][SoapESP32.cpp:628] soapScanAttribute(): attribute: "childCount=" missing.
22:41:59.091 > [  9681][I][SoapESP32.cpp:706] soapScanContainer(): folder "Status Quo" (id: "0$=Artist$234", childCount: 0) added to list
22:41:59.102 > [  9699][I][SoapESP32.cpp:628] soapScanAttribute(): attribute: "childCount=" missing.
22:41:59.110 > [  9700][I][SoapESP32.cpp:706] soapScanContainer(): folder "Steve Miller Band" (id: "0$=Artist$113", childCount: 0) added to list
22:41:59.121 > [  9718][I][SoapESP32.cpp:628] soapScanAttribute(): attribute: "childCount=" missing.
22:41:59.129 > [  9719][I][SoapESP32.cpp:706] soapScanContainer(): folder "Stranglers" (id: "0$=Artist$57", childCount: 0) added to list
22:41:59.139 > [  9736][I][SoapESP32.cpp:628] soapScanAttribute(): attribute: "childCount=" missing.
22:41:59.147 > [  9737][I][SoapESP32.cpp:706] soapScanContainer(): folder "Suzanne Vega" (id: "0$=Artist$92", childCount: 0) added to list
22:41:59.158 > [  9754][I][SoapESP32.cpp:628] soapScanAttribute(): attribute: "childCount=" missing.
22:41:59.166 > [  9755][I][SoapESP32.cpp:706] soapScanContainer(): folder "Ten Thousand Maniacs" (id: "0$=Artist$94", childCount: 0) added to list
22:41:59.178 > [  9773][I][SoapESP32.cpp:628] soapScanAttribute(): attribute: "childCount=" missing.
22:41:59.185 > [  9774][I][SoapESP32.cpp:706] soapScanContainer(): folder "The Eagles" (id: "0$=Artist$111", childCount: 0) added to list
22:41:59.196 > [  9792][I][SoapESP32.cpp:628] soapScanAttribute(): attribute: "childCount=" missing.
22:41:59.203 > [  9793][I][SoapESP32.cpp:706] soapScanContainer(): folder "The Hooters" (id: "0$=Artist$236", childCount: 0) added to list
22:41:59.213 > [  9810][I][SoapESP32.cpp:628] soapScanAttribute(): attribute: "childCount=" missing.
22:41:59.221 > [  9811][I][SoapESP32.cpp:706] soapScanContainer(): folder "The Parakit feat Alden Jacob" (id: "0$=Artist$240", childCount: 0) added to list
22:41:59.233 > [  9830][I][SoapESP32.cpp:628] soapScanAttribute(): attribute: "childCount=" missing.
22:41:59.241 > [  9831][I][SoapESP32.cpp:706] soapScanContainer(): folder "Tom Odell" (id: "0$=Artist$243", childCount: 0) added to list
22:41:59.252 > [  9848][I][SoapESP32.cpp:628] soapScanAttribute(): attribute: "childCount=" missing.
22:41:59.259 > [  9849][I][SoapESP32.cpp:706] soapScanContainer(): folder "Tony Carey" (id: "0$=Artist$245", childCount: 0) added to list
22:41:59.271 > [  9867][I][SoapESP32.cpp:628] soapScanAttribute(): attribute: "childCount=" missing.
22:41:59.278 > [  9867][I][SoapESP32.cpp:706] soapScanContainer(): folder "Tracy Chapman" (id: "0$=Artist$247", childCount: 0) added to list
22:41:59.289 > [  9885][I][SoapESP32.cpp:628] soapScanAttribute(): attribute: "childCount=" missing.
22:41:59.297 > [  9886][I][SoapESP32.cpp:706] soapScanContainer(): folder "Travis" (id: "0$=Artist$65", childCount: 0) added to list
22:41:59.306 > [  9903][I][SoapESP32.cpp:628] soapScanAttribute(): attribute: "childCount=" missing.
22:41:59.314 > [  9904][I][SoapESP32.cpp:706] soapScanContainer(): folder "Triggerfinger" (id: "0$=Artist$250", childCount: 0) added to list
22:41:59.325 > [  9922][I][SoapESP32.cpp:628] soapScanAttribute(): attribute: "childCount=" missing.
22:41:59.333 > [  9922][I][SoapESP32.cpp:706] soapScanContainer(): folder "U2" (id: "0$=Artist$137", childCount: 0) added to list
22:41:59.343 > [  9939][I][SoapESP32.cpp:628] soapScanAttribute(): attribute: "childCount=" missing.
22:41:59.351 > [  9940][I][SoapESP32.cpp:706] soapScanContainer(): folder "Uriah Heep" (id: "0$=Artist$126", childCount: 0) added to list
22:41:59.362 > [  9958][I][SoapESP32.cpp:628] soapScanAttribute(): attribute: "childCount=" missing.
22:41:59.369 > [  9958][I][SoapESP32.cpp:706] soapScanContainer(): folder "Zucchero" (id: "0$=Artist$252", childCount: 0) added to list
22:41:59.380 > [  9975][I][SoapESP32.cpp:628] soapScanAttribute(): attribute: "childCount=" missing.
22:41:59.387 > [  9977][I][SoapESP32.cpp:706] soapScanContainer(): folder "[unbekannt]" (id: "0$=Artist$extra", childCount: 0) added to list
22:41:59.398 > [  9992][I][SoapESP32.cpp:981] browseServer(): found 89 folders and 0 files
22:41:59.405 >   Adele/
22:41:59.406 >   Agnes Obel/
22:41:59.407 >   Alanis Morissette/
22:41:59.409 >   Alice Boman/
22:41:59.411 >   Alle Farben/
22:41:59.412 >   Alphaville/
22:41:59.413 >   Amy Macdonald/
22:41:59.415 >   Anastacia/
22:41:59.416 >   Antony and the Johnsons/
22:41:59.419 >   Austra/
22:41:59.419 >   Ben Harper/
22:41:59.421 >   Bing Austria & The Flippin' Soul Stompers/
22:41:59.425 >   Bobo in White Wooden Houses/
22:41:59.427 >   Bruce Hornsby/
22:41:59.429 >   Bruce Springsteen/
22:41:59.431 >   Carla Bruni/
22:41:59.432 >   Celine Dion/
22:41:59.434 >   Chris Isaac/
22:41:59.435 >   Coldplay/
22:41:59.436 >   Connells/
22:41:59.437 >   Culture Club/
22:41:59.439 >   David Bowie/
22:41:59.440 >   Disturbed/
22:41:59.441 >   Eilen Jewell/
22:41:59.443 >   Ellie Goulding/
22:41:59.445 >   Escobar & Heather Nova/
22:41:59.447 >   Falco/
22:41:59.448 >   Father John Misty/
22:41:59.450 >   Feargal Sharkey/
22:41:59.451 >   Frazey Ford/
22:41:59.453 >   Gabriella Cilmi/
22:41:59.455 >   Genesis/
22:41:59.456 >   Grace Carter/
22:41:59.457 >   Harry Styles/
22:41:59.459 >   Heather Nova/
22:41:59.460 >   Herman's Hermits/
22:41:59.462 >   Hooters/
22:41:59.463 >   Jake Bugg/
22:41:59.464 >   James Brown/
22:41:59.465 >   John Legend/
22:41:59.467 >   Lana Del Rey/
22:41:59.468 >   Laurie Anderson/
22:41:59.470 >   Lovin' Spoonful/
22:41:59.472 >   Luke Winslow-King/
22:41:59.474 >   Lynyrd Skynyrd/
22:41:59.475 >   Madness/
22:41:59.477 >   Madrugada/
22:41:59.478 >   Maria Mena/
22:41:59.479 >   Marillion/
22:41:59.480 >   Men at Work/
22:41:59.482 >   Murray Head/
22:41:59.483 >   Nazareth/
22:41:59.484 >   Nelly Furtado/
22:41:59.485 >   Nits/
22:41:59.485 >   Omega/
22:41:59.486 >   Passenger/
22:41:59.488 >   Patrick Hernandez/
22:41:59.490 >   Pet Shop Boys/
22:41:59.491 >   Peter Schilling/
22:41:59.493 >   Phil Carmen/
22:41:59.494 >   Police/
22:41:59.495 >   Rainbirds/
22:41:59.496 >   Ralph Mctell/
22:41:59.498 >   Reamonn/
22:41:59.499 >   Rihanna Feat Mikky Ekko/
22:41:59.501 >   Rory Gallagher/
22:41:59.503 >   Roxette/
22:41:59.504 >   Roxy Music/
22:41:59.505 >   Roy Orbison/
22:41:59.508 >   Scott Mc Kenzie/
22:41:59.508 >   Shakira/
22:41:59.509 >   Sinéad O'Connor/
22:41:59.511 >   Status Quo/
22:41:59.513 >   Steve Miller Band/
22:41:59.514 >   Stranglers/
22:41:59.517 >   Suzanne Vega/
22:41:59.518 >   Ten Thousand Maniacs/
22:41:59.520 >   The Eagles/
22:41:59.521 >   The Hooters/
22:41:59.522 >   The Parakit feat Alden Jacob/
22:41:59.525 >   Tom Odell/
22:41:59.526 >   Tony Carey/
22:41:59.527 >   Tracy Chapman/
22:41:59.530 >   Travis/
22:41:59.530 >   Triggerfinger/
22:41:59.532 >   U2/
22:41:59.533 >   Uriah Heep/
22:41:59.533 >   Zucchero/
22:41:59.536 >   [unbekannt]/
22:41:59.536 > Datum/
22:41:59.537 > [ 10136][I][SoapESP32.cpp:880] browseServer(): new search on server: "My Media Server", objectId: "0$=Date"
22:41:59.546 > [ 10142][I][SoapESP32.cpp:892] browseServer(): connected successfully to server 192.168.1.42:9791
22:41:59.555 > [ 10147][I][SoapESP32.cpp:915] browseServer(): scan answer from media server:
22:41:59.566 > [ 10167][I][SoapESP32.cpp:628] soapScanAttribute(): attribute: "childCount=" missing.
22:41:59.575 > [ 10167][I][SoapESP32.cpp:706] soapScanContainer(): folder "2020-02-21" (id: "0$=Date$221", childCount: 0) added to list
22:41:59.585 > [ 10180][I][SoapESP32.cpp:628] soapScanAttribute(): attribute: "childCount=" missing.
22:41:59.592 > [ 10182][I][SoapESP32.cpp:706] soapScanContainer(): folder "2019" (id: "0$=Date$184", childCount: 0) added to list
22:41:59.603 > [ 10198][I][SoapESP32.cpp:628] soapScanAttribute(): attribute: "childCount=" missing.
22:41:59.610 > [ 10199][I][SoapESP32.cpp:706] soapScanContainer(): folder "2018" (id: "0$=Date$187", childCount: 0) added to list
22:41:59.620 > [ 10215][I][SoapESP32.cpp:628] soapScanAttribute(): attribute: "childCount=" missing.
22:41:59.628 > [ 10217][I][SoapESP32.cpp:706] soapScanContainer(): folder "2017" (id: "0$=Date$156", childCount: 0) added to list
22:41:59.638 > [ 10233][I][SoapESP32.cpp:628] soapScanAttribute(): attribute: "childCount=" missing.
22:41:59.645 > [ 10235][I][SoapESP32.cpp:706] soapScanContainer(): folder "2016" (id: "0$=Date$242", childCount: 0) added to list
22:41:59.655 > [ 10249][I][SoapESP32.cpp:628] soapScanAttribute(): attribute: "childCount=" missing.
22:41:59.662 > [ 10252][I][SoapESP32.cpp:706] soapScanContainer(): folder "2014" (id: "0$=Date$158", childCount: 0) added to list
22:41:59.672 > [ 10268][I][SoapESP32.cpp:628] soapScanAttribute(): attribute: "childCount=" missing.
22:41:59.680 > [ 10270][I][SoapESP32.cpp:706] soapScanContainer(): folder "2013" (id: "0$=Date$134", childCount: 0) added to list
22:41:59.690 > [ 10286][I][SoapESP32.cpp:628] soapScanAttribute(): attribute: "childCount=" missing.
22:41:59.697 > [ 10288][I][SoapESP32.cpp:706] soapScanContainer(): folder "2012" (id: "0$=Date$79", childCount: 0) added to list
22:41:59.708 > [ 10303][I][SoapESP32.cpp:628] soapScanAttribute(): attribute: "childCount=" missing.
22:41:59.716 > [ 10305][I][SoapESP32.cpp:706] soapScanContainer(): folder "2011" (id: "0$=Date$99", childCount: 0) added to list
22:41:59.725 > [ 10321][I][SoapESP32.cpp:628] soapScanAttribute(): attribute: "childCount=" missing.
22:41:59.734 > [ 10323][I][SoapESP32.cpp:706] soapScanContainer(): folder "2010" (id: "0$=Date$59", childCount: 0) added to list
22:41:59.744 > [ 10338][I][SoapESP32.cpp:628] soapScanAttribute(): attribute: "childCount=" missing.
22:41:59.751 > [ 10340][I][SoapESP32.cpp:706] soapScanContainer(): folder "2007" (id: "0$=Date$20", childCount: 0) added to list
22:41:59.761 > [ 10356][I][SoapESP32.cpp:628] soapScanAttribute(): attribute: "childCount=" missing.
22:41:59.769 > [ 10358][I][SoapESP32.cpp:706] soapScanContainer(): folder "2006-11-21" (id: "0$=Date$139", childCount: 0) added to list
22:41:59.779 > [ 10374][I][SoapESP32.cpp:628] soapScanAttribute(): attribute: "childCount=" missing.
22:41:59.787 > [ 10376][I][SoapESP32.cpp:706] soapScanContainer(): folder "2005" (id: "0$=Date$38", childCount: 0) added to list
22:41:59.797 > [ 10392][I][SoapESP32.cpp:628] soapScanAttribute(): attribute: "childCount=" missing.
22:41:59.804 > [ 10393][I][SoapESP32.cpp:706] soapScanContainer(): folder "2004" (id: "0$=Date$121", childCount: 0) added to list
22:41:59.814 > [ 10409][I][SoapESP32.cpp:628] soapScanAttribute(): attribute: "childCount=" missing.
22:41:59.822 > [ 10411][I][SoapESP32.cpp:706] soapScanContainer(): folder "2003" (id: "0$=Date$229", childCount: 0) added to list
22:41:59.832 > [ 10427][I][SoapESP32.cpp:628] soapScanAttribute(): attribute: "childCount=" missing.
22:41:59.840 > [ 10429][I][SoapESP32.cpp:706] soapScanContainer(): folder "2002" (id: "0$=Date$23", childCount: 0) added to list
22:41:59.848 > [ 10444][I][SoapESP32.cpp:628] soapScanAttribute(): attribute: "childCount=" missing.
22:41:59.856 > [ 10446][I][SoapESP32.cpp:706] soapScanContainer(): folder "2001" (id: "0$=Date$35", childCount: 0) added to list
22:41:59.867 > [ 10462][I][SoapESP32.cpp:628] soapScanAttribute(): attribute: "childCount=" missing.
22:41:59.875 > [ 10464][I][SoapESP32.cpp:706] soapScanContainer(): folder "2000" (id: "0$=Date$44", childCount: 0) added to list
22:41:59.885 > [ 10479][I][SoapESP32.cpp:628] soapScanAttribute(): attribute: "childCount=" missing.
22:41:59.892 > [ 10481][I][SoapESP32.cpp:706] soapScanContainer(): folder "1999" (id: "0$=Date$71", childCount: 0) added to list
22:41:59.902 > [ 10497][I][SoapESP32.cpp:628] soapScanAttribute(): attribute: "childCount=" missing.
22:41:59.910 > [ 10499][I][SoapESP32.cpp:706] soapScanContainer(): folder "1998" (id: "0$=Date$144", childCount: 0) added to list
22:41:59.920 > [ 10515][I][SoapESP32.cpp:628] soapScanAttribute(): attribute: "childCount=" missing.
22:41:59.927 > [ 10516][I][SoapESP32.cpp:706] soapScanContainer(): folder "1989" (id: "0$=Date$249", childCount: 0) added to list
22:41:59.937 > [ 10532][I][SoapESP32.cpp:628] soapScanAttribute(): attribute: "childCount=" missing.
22:41:59.945 > [ 10534][I][SoapESP32.cpp:706] soapScanContainer(): folder "1984" (id: "0$=Date$49", childCount: 0) added to list
22:41:59.955 > [ 10550][I][SoapESP32.cpp:628] soapScanAttribute(): attribute: "childCount=" missing.
22:41:59.962 > [ 10552][I][SoapESP32.cpp:706] soapScanContainer(): folder "1973" (id: "0$=Date$211", childCount: 0) added to list
22:41:59.972 > [ 10567][I][SoapESP32.cpp:628] soapScanAttribute(): attribute: "childCount=" missing.
22:41:59.980 > [ 10569][I][SoapESP32.cpp:706] soapScanContainer(): folder "1969" (id: "0$=Date$224", childCount: 0) added to list
22:41:59.990 > [ 10585][I][SoapESP32.cpp:628] soapScanAttribute(): attribute: "childCount=" missing.
22:41:59.998 > [ 10587][I][SoapESP32.cpp:706] soapScanContainer(): folder "[unbekannt]" (id: "0$=Date$extra", childCount: 0) added to list
22:42:00.008 > [ 10601][I][SoapESP32.cpp:981] browseServer(): found 25 folders and 0 files
22:42:00.015 >   2020-02-21/
22:42:00.016 >   2019/
22:42:00.017 >   2018/
22:42:00.018 >   2017/
22:42:00.019 >   2016/
22:42:00.020 >   2014/
22:42:00.020 >   2013/
22:42:00.021 >   2012/
22:42:00.022 >   2011/
22:42:00.023 >   2010/
22:42:00.024 >   2007/
22:42:00.024 >   2006-11-21/
22:42:00.026 >   2005/
22:42:00.026 >   2004/
22:42:00.027 >   2003/
22:42:00.028 >   2002/
22:42:00.029 >   2001/
22:42:00.029 >   2000/
22:42:00.030 >   1999/
22:42:00.031 >   1998/
22:42:00.032 >   1989/
22:42:00.033 >   1984/
22:42:00.033 >   1973/
22:42:00.034 >   1969/
22:42:00.035 >   [unbekannt]/
22:42:00.036 > Genre/
22:42:00.037 > [ 10629][I][SoapESP32.cpp:880] browseServer(): new search on server: "My Media Server", objectId: "0$=Genre"
22:42:00.047 > [ 10640][I][SoapESP32.cpp:892] browseServer(): connected successfully to server 192.168.1.42:9791
22:42:00.055 > [ 10646][I][SoapESP32.cpp:915] browseServer(): scan answer from media server:
22:42:00.066 > [ 10667][I][SoapESP32.cpp:628] soapScanAttribute(): attribute: "childCount=" missing.
22:42:00.074 > [ 10667][I][SoapESP32.cpp:706] soapScanContainer(): folder "Alternative" (id: "0$=Genre$205", childCount: 0) added to list
22:42:00.084 > [ 10681][I][SoapESP32.cpp:628] soapScanAttribute(): attribute: "childCount=" missing.
22:42:00.092 > [ 10682][I][SoapESP32.cpp:706] soapScanContainer(): folder "Alternative;Folk" (id: "0$=Genre$149", childCount: 0) added to list
22:42:00.103 > [ 10699][I][SoapESP32.cpp:628] soapScanAttribute(): attribute: "childCount=" missing.
22:42:00.112 > [ 10701][I][SoapESP32.cpp:706] soapScanContainer(): folder "Blues" (id: "0$=Genre$46", childCount: 0) added to list
22:42:00.122 > [ 10718][I][SoapESP32.cpp:628] soapScanAttribute(): attribute: "childCount=" missing.
22:42:00.129 > [ 10718][I][SoapESP32.cpp:706] soapScanContainer(): folder "Classic Rock" (id: "0$=Genre$42", childCount: 0) added to list
22:42:00.140 > [ 10736][I][SoapESP32.cpp:628] soapScanAttribute(): attribute: "childCount=" missing.
22:42:00.147 > [ 10737][I][SoapESP32.cpp:706] soapScanContainer(): folder "Dance" (id: "0$=Genre$142", childCount: 0) added to list
22:42:00.157 > [ 10754][I][SoapESP32.cpp:628] soapScanAttribute(): attribute: "childCount=" missing.
22:42:00.165 > [ 10755][I][SoapESP32.cpp:706] soapScanContainer(): folder "Disco + 80" (id: "0$=Genre$103", childCount: 0) added to list
22:42:00.176 > [ 10771][I][SoapESP32.cpp:628] soapScanAttribute(): attribute: "childCount=" missing.
22:42:00.184 > [ 10773][I][SoapESP32.cpp:706] soapScanContainer(): folder "Folk" (id: "0$=Genre$55", childCount: 0) added to list
22:42:00.194 > [ 10790][I][SoapESP32.cpp:628] soapScanAttribute(): attribute: "childCount=" missing.
22:42:00.201 > [ 10790][I][SoapESP32.cpp:706] soapScanContainer(): folder "Folk Rock" (id: "0$=Genre$95", childCount: 0) added to list
22:42:00.212 > [ 10808][I][SoapESP32.cpp:628] soapScanAttribute(): attribute: "childCount=" missing.
22:42:00.219 > [ 10809][I][SoapESP32.cpp:706] soapScanContainer(): folder "General Indie Pop" (id: "0$=Genre$77", childCount: 0) added to list
22:42:00.230 > [ 10826][I][SoapESP32.cpp:628] soapScanAttribute(): attribute: "childCount=" missing.
22:42:00.238 > [ 10827][I][SoapESP32.cpp:706] soapScanContainer(): folder "Indie" (id: "0$=Genre$166", childCount: 0) added to list
22:42:00.248 > [ 10844][I][SoapESP32.cpp:628] soapScanAttribute(): attribute: "childCount=" missing.
22:42:00.256 > [ 10845][I][SoapESP32.cpp:706] soapScanContainer(): folder "Indie; Alternative" (id: "0$=Genre$161", childCount: 0) added to list
22:42:00.267 > [ 10863][I][SoapESP32.cpp:628] soapScanAttribute(): attribute: "childCount=" missing.
22:42:00.275 > [ 10864][I][SoapESP32.cpp:706] soapScanContainer(): folder "Industrial" (id: "0$=Genre$81", childCount: 0) added to list
22:42:00.285 > [ 10881][I][SoapESP32.cpp:628] soapScanAttribute(): attribute: "childCount=" missing.
22:42:00.293 > [ 10882][I][SoapESP32.cpp:706] soapScanContainer(): folder "Italo Rock" (id: "0$=Genre$253", childCount: 0) added to list
22:42:00.304 > [ 10898][I][SoapESP32.cpp:628] soapScanAttribute(): attribute: "childCount=" missing.
22:42:00.311 > [ 10900][I][SoapESP32.cpp:706] soapScanContainer(): folder "NDW" (id: "0$=Genre$31", childCount: 0) added to list
22:42:00.321 > [ 10917][I][SoapESP32.cpp:628] soapScanAttribute(): attribute: "childCount=" missing.
22:42:00.329 > [ 10918][I][SoapESP32.cpp:706] soapScanContainer(): folder "Oldies" (id: "0$=Genre$227", childCount: 0) added to list
22:42:00.339 > [ 10934][I][SoapESP32.cpp:628] soapScanAttribute(): attribute: "childCount=" missing.
22:42:00.347 > [ 10936][I][SoapESP32.cpp:706] soapScanContainer(): folder "Pop" (id: "0$=Genre$18", childCount: 0) added to list
22:42:00.356 > [ 10952][I][SoapESP32.cpp:628] soapScanAttribute(): attribute: "childCount=" missing.
22:42:00.364 > [ 10953][I][SoapESP32.cpp:706] soapScanContainer(): folder "Pop/Rock" (id: "0$=Genre$90", childCount: 0) added to list
22:42:00.374 > [ 10969][I][SoapESP32.cpp:628] soapScanAttribute(): attribute: "childCount=" missing.
22:42:00.382 > [ 10971][I][SoapESP32.cpp:706] soapScanContainer(): folder "Rock" (id: "0$=Genre$61", childCount: 0) added to list
22:42:00.392 > [ 10988][I][SoapESP32.cpp:628] soapScanAttribute(): attribute: "childCount=" missing.
22:42:00.400 > [ 10989][I][SoapESP32.cpp:706] soapScanContainer(): folder "Whatever" (id: "0$=Genre$261", childCount: 0) added to list
22:42:00.410 > [ 11005][I][SoapESP32.cpp:628] soapScanAttribute(): attribute: "childCount=" missing.
22:42:00.418 > [ 11007][I][SoapESP32.cpp:706] soapScanContainer(): folder "[unbekannt]" (id: "0$=Genre$extra", childCount: 0) added to list
22:42:00.429 > [ 11022][I][SoapESP32.cpp:981] browseServer(): found 20 folders and 0 files
22:42:00.435 >   Alternative/
22:42:00.437 >   Alternative;Folk/
22:42:00.438 >   Blues/
22:42:00.439 >   Classic Rock/
22:42:00.441 >   Dance/
22:42:00.442 >   Disco + 80/
22:42:00.443 >   Folk/
22:42:00.444 >   Folk Rock/
22:42:00.445 >   General Indie Pop/
22:42:00.447 >   Indie/
22:42:00.448 >   Indie; Alternative/
22:42:00.450 >   Industrial/
22:42:00.451 >   Italo Rock/
22:42:00.452 >   NDW/
22:42:00.453 >   Oldies/
22:42:00.454 >   Pop/
22:42:00.455 >   Pop/Rock/
22:42:00.456 >   Rock/
22:42:00.457 >   Whatever/
22:42:00.458 >   [unbekannt]/
22:42:00.459 > Alle Interpreten/
22:42:00.461 > [ 11059][I][SoapESP32.cpp:880] browseServer(): new search on server: "My Media Server", objectId: "0$=All Artists"
22:42:00.471 > [ 11064][I][SoapESP32.cpp:892] browseServer(): connected successfully to server 192.168.1.42:9791
22:42:00.479 > [ 11071][I][SoapESP32.cpp:915] browseServer(): scan answer from media server:
22:42:00.490 > [ 11092][I][SoapESP32.cpp:628] soapScanAttribute(): attribute: "childCount=" missing.
22:42:00.499 > [ 11092][I][SoapESP32.cpp:706] soapScanContainer(): folder "Adele" (id: "0$=All Artists$97", childCount: 0) added to list
22:42:00.510 > [ 11106][I][SoapESP32.cpp:628] soapScanAttribute(): attribute: "childCount=" missing.
22:42:00.517 > [ 11107][I][SoapESP32.cpp:706] soapScanContainer(): folder "Agnes Obel" (id: "0$=All Artists$146", childCount: 0) added to list
22:42:00.528 > [ 11124][I][SoapESP32.cpp:628] soapScanAttribute(): attribute: "childCount=" missing.
22:42:00.536 > [ 11125][I][SoapESP32.cpp:706] soapScanContainer(): folder "Alanis Morissette" (id: "0$=All Artists$107", childCount: 0) added to list
22:42:00.547 > [ 11144][I][SoapESP32.cpp:628] soapScanAttribute(): attribute: "childCount=" missing.
22:42:00.554 > [ 11145][I][SoapESP32.cpp:706] soapScanContainer(): folder "Alice Boman" (id: "0$=All Artists$151", childCount: 0) added to list
22:42:00.567 > [ 11163][I][SoapESP32.cpp:628] soapScanAttribute(): attribute: "childCount=" missing.
22:42:00.573 > [ 11164][I][SoapESP32.cpp:706] soapScanContainer(): folder "Alle Farben" (id: "0$=All Artists$154", childCount: 0) added to list
22:42:00.584 > [ 11181][I][SoapESP32.cpp:628] soapScanAttribute(): attribute: "childCount=" missing.
22:42:00.592 > [ 11182][I][SoapESP32.cpp:706] soapScanContainer(): folder "Alphaville" (id: "0$=All Artists$14", childCount: 0) added to list
22:42:00.604 > [ 11200][I][SoapESP32.cpp:628] soapScanAttribute(): attribute: "childCount=" missing.
22:42:00.612 > [ 11201][I][SoapESP32.cpp:706] soapScanContainer(): folder "Amy Macdonald" (id: "0$=All Artists$17", childCount: 0) added to list
22:42:00.623 > [ 11219][I][SoapESP32.cpp:628] soapScanAttribute(): attribute: "childCount=" missing.
22:42:00.630 > [ 11220][I][SoapESP32.cpp:706] soapScanContainer(): folder "Anastacia" (id: "0$=All Artists$10", childCount: 0) added to list
22:42:00.642 > [ 11238][I][SoapESP32.cpp:628] soapScanAttribute(): attribute: "childCount=" missing.
22:42:00.649 > [ 11239][I][SoapESP32.cpp:706] soapScanContainer(): folder "Antony and the Johnsons" (id: "0$=All Artists$160", childCount: 0) added to list
22:42:00.661 > [ 11257][I][SoapESP32.cpp:628] soapScanAttribute(): attribute: "childCount=" missing.
22:42:00.669 > [ 11258][I][SoapESP32.cpp:706] soapScanContainer(): folder "Austra" (id: "0$=All Artists$163", childCount: 0) added to list
22:42:00.680 > [ 11276][I][SoapESP32.cpp:628] soapScanAttribute(): attribute: "childCount=" missing.
22:42:00.687 > [ 11277][I][SoapESP32.cpp:706] soapScanContainer(): folder "Ben Harper" (id: "0$=All Artists$8", childCount: 0) added to list
22:42:00.698 > [ 11295][I][SoapESP32.cpp:628] soapScanAttribute(): attribute: "childCount=" missing.
22:42:00.706 > [ 11295][I][SoapESP32.cpp:706] soapScanContainer(): folder "Bing Austria & The Flippin' Soul Stompers" (id: "0$=All Artists$168", childCount: 0) added to list
22:42:00.719 > [ 11316][I][SoapESP32.cpp:628] soapScanAttribute(): attribute: "childCount=" missing.
22:42:00.726 > [ 11317][I][SoapESP32.cpp:706] soapScanContainer(): folder "Bobo in White Wooden Houses" (id: "0$=All Artists$170", childCount: 0) added to list
22:42:00.740 > [ 11336][I][SoapESP32.cpp:628] soapScanAttribute(): attribute: "childCount=" missing.
22:42:00.748 > [ 11337][I][SoapESP32.cpp:706] soapScanContainer(): folder "Bruce Hornsby" (id: "0$=All Artists$172", childCount: 0) added to list
22:42:00.759 > [ 11355][I][SoapESP32.cpp:628] soapScanAttribute(): attribute: "childCount=" missing.
22:42:00.767 > [ 11356][I][SoapESP32.cpp:706] soapScanContainer(): folder "Bruce Springsteen" (id: "0$=All Artists$128", childCount: 0) added to list
22:42:00.778 > [ 11374][I][SoapESP32.cpp:628] soapScanAttribute(): attribute: "childCount=" missing.
22:42:00.786 > [ 11375][I][SoapESP32.cpp:706] soapScanContainer(): folder "Carla Bruni" (id: "0$=All Artists$174", childCount: 0) added to list
22:42:00.797 > [ 11393][I][SoapESP32.cpp:628] soapScanAttribute(): attribute: "childCount=" missing.
22:42:00.805 > [ 11395][I][SoapESP32.cpp:706] soapScanContainer(): folder "Celine Dion" (id: "0$=All Artists$21", childCount: 0) added to list
22:42:00.816 > [ 11412][I][SoapESP32.cpp:628] soapScanAttribute(): attribute: "childCount=" missing.
22:42:00.824 > [ 11413][I][SoapESP32.cpp:706] soapScanContainer(): folder "Chris Isaac" (id: "0$=All Artists$26", childCount: 0) added to list
22:42:00.835 > [ 11431][I][SoapESP32.cpp:628] soapScanAttribute(): attribute: "childCount=" missing.
22:42:00.842 > [ 11432][I][SoapESP32.cpp:706] soapScanContainer(): folder "Coldplay" (id: "0$=All Artists$176", childCount: 0) added to list
22:42:00.853 > [ 11449][I][SoapESP32.cpp:628] soapScanAttribute(): attribute: "childCount=" missing.
22:42:00.861 > [ 11450][I][SoapESP32.cpp:706] soapScanContainer(): folder "Connells" (id: "0$=All Artists$83", childCount: 0) added to list
22:42:00.872 > [ 11468][I][SoapESP32.cpp:628] soapScanAttribute(): attribute: "childCount=" missing.
22:42:00.879 > [ 11469][I][SoapESP32.cpp:706] soapScanContainer(): folder "Culture Club" (id: "0$=All Artists$178", childCount: 0) added to list
22:42:00.891 > [ 11487][I][SoapESP32.cpp:628] soapScanAttribute(): attribute: "childCount=" missing.
22:42:00.898 > [ 11488][I][SoapESP32.cpp:706] soapScanContainer(): folder "David Bowie" (id: "0$=All Artists$28", childCount: 0) added to list
22:42:00.910 > [ 11506][I][SoapESP32.cpp:628] soapScanAttribute(): attribute: "childCount=" missing.
22:42:00.916 > [ 11506][I][SoapESP32.cpp:706] soapScanContainer(): folder "Disturbed" (id: "0$=All Artists$180", childCount: 0) added to list
22:42:00.927 > [ 11524][I][SoapESP32.cpp:628] soapScanAttribute(): attribute: "childCount=" missing.
22:42:00.936 > [ 11525][I][SoapESP32.cpp:706] soapScanContainer(): folder "Eilen Jewell" (id: "0$=All Artists$182", childCount: 0) added to list
22:42:00.947 > [ 11543][I][SoapESP32.cpp:628] soapScanAttribute(): attribute: "childCount=" missing.
22:42:00.955 > [ 11544][I][SoapESP32.cpp:706] soapScanContainer(): folder "Ellie Goulding" (id: "0$=All Artists$185", childCount: 0) added to list
22:42:00.966 > [ 11562][I][SoapESP32.cpp:628] soapScanAttribute(): attribute: "childCount=" missing.
22:42:00.974 > [ 11563][I][SoapESP32.cpp:706] soapScanContainer(): folder "Escobar & Heather Nova" (id: "0$=All Artists$85", childCount: 0) added to list
22:42:00.986 > [ 11582][I][SoapESP32.cpp:628] soapScanAttribute(): attribute: "childCount=" missing.
22:42:00.993 > [ 11583][I][SoapESP32.cpp:706] soapScanContainer(): folder "Falco" (id: "0$=All Artists$33", childCount: 0) added to list
22:42:01.004 > [ 11600][I][SoapESP32.cpp:628] soapScanAttribute(): attribute: "childCount=" missing.
22:42:01.012 > [ 11601][I][SoapESP32.cpp:706] soapScanContainer(): folder "Father John Misty" (id: "0$=All Artists$188", childCount: 0) added to list
22:42:01.023 > [ 11620][I][SoapESP32.cpp:628] soapScanAttribute(): attribute: "childCount=" missing.
22:42:01.030 > [ 11621][I][SoapESP32.cpp:706] soapScanContainer(): folder "Feargal Sharkey" (id: "0$=All Artists$140", childCount: 0) added to list
22:42:01.043 > [ 11639][I][SoapESP32.cpp:628] soapScanAttribute(): attribute: "childCount=" missing.
22:42:01.049 > [ 11640][I][SoapESP32.cpp:706] soapScanContainer(): folder "Frazey Ford" (id: "0$=All Artists$190", childCount: 0) added to list
22:42:01.060 > [ 11658][I][SoapESP32.cpp:628] soapScanAttribute(): attribute: "childCount=" missing.
22:42:01.069 > [ 11658][I][SoapESP32.cpp:706] soapScanContainer(): folder "Gabriella Cilmi" (id: "0$=All Artists$39", childCount: 0) added to list
22:42:01.081 > [ 11677][I][SoapESP32.cpp:628] soapScanAttribute(): attribute: "childCount=" missing.
22:42:01.088 > [ 11677][I][SoapESP32.cpp:706] soapScanContainer(): folder "Genesis" (id: "0$=All Artists$122", childCount: 0) added to list
22:42:01.099 > [ 11695][I][SoapESP32.cpp:628] soapScanAttribute(): attribute: "childCount=" missing.
22:42:01.107 > [ 11697][I][SoapESP32.cpp:706] soapScanContainer(): folder "Grace Carter" (id: "0$=All Artists$192", childCount: 0) added to list
22:42:01.118 > [ 11714][I][SoapESP32.cpp:628] soapScanAttribute(): attribute: "childCount=" missing.
22:42:01.126 > [ 11715][I][SoapESP32.cpp:706] soapScanContainer(): folder "Harry Styles" (id: "0$=All Artists$194", childCount: 0) added to list
22:42:01.137 > [ 11733][I][SoapESP32.cpp:628] soapScanAttribute(): attribute: "childCount=" missing.
22:42:01.144 > [ 11734][I][SoapESP32.cpp:706] soapScanContainer(): folder "Heather Nova" (id: "0$=All Artists$124", childCount: 0) added to list
22:42:01.156 > [ 11752][I][SoapESP32.cpp:628] soapScanAttribute(): attribute: "childCount=" missing.
22:42:01.163 > [ 11753][I][SoapESP32.cpp:706] soapScanContainer(): folder "Herman's Hermits" (id: "0$=All Artists$115", childCount: 0) added to list
22:42:01.174 > [ 11771][I][SoapESP32.cpp:628] soapScanAttribute(): attribute: "childCount=" missing.
22:42:01.182 > [ 11772][I][SoapESP32.cpp:706] soapScanContainer(): folder "Hooters" (id: "0$=All Artists$54", childCount: 0) added to list
22:42:01.193 > [ 11790][I][SoapESP32.cpp:628] soapScanAttribute(): attribute: "childCount=" missing.
22:42:01.201 > [ 11790][I][SoapESP32.cpp:706] soapScanContainer(): folder "Jake Bugg" (id: "0$=All Artists$198", childCount: 0) added to list
22:42:01.212 > [ 11808][I][SoapESP32.cpp:628] soapScanAttribute(): attribute: "childCount=" missing.
22:42:01.220 > [ 11809][I][SoapESP32.cpp:706] soapScanContainer(): folder "James Brown" (id: "0$=All Artists$74", childCount: 0) added to list
22:42:01.230 > [ 11827][I][SoapESP32.cpp:628] soapScanAttribute(): attribute: "childCount=" missing.
22:42:01.237 > [ 11828][I][SoapESP32.cpp:706] soapScanContainer(): folder "John Legend" (id: "0$=All Artists$200", childCount: 0) added to list
22:42:01.249 > [ 11846][I][SoapESP32.cpp:628] soapScanAttribute(): attribute: "childCount=" missing.
22:42:01.256 > [ 11847][I][SoapESP32.cpp:706] soapScanContainer(): folder "Lana Del Rey" (id: "0$=All Artists$76", childCount: 0) added to list
22:42:01.269 > [ 11865][I][SoapESP32.cpp:628] soapScanAttribute(): attribute: "childCount=" missing.
22:42:01.276 > [ 11866][I][SoapESP32.cpp:706] soapScanContainer(): folder "Laurie Anderson" (id: "0$=All Artists$204", childCount: 0) added to list
22:42:01.288 > [ 11884][I][SoapESP32.cpp:628] soapScanAttribute(): attribute: "childCount=" missing.
22:42:01.295 > [ 11885][I][SoapESP32.cpp:706] soapScanContainer(): folder "Lovin' Spoonful" (id: "0$=All Artists$41", childCount: 0) added to list
22:42:01.307 > [ 11903][I][SoapESP32.cpp:628] soapScanAttribute(): attribute: "childCount=" missing.
22:42:01.314 > [ 11904][I][SoapESP32.cpp:706] soapScanContainer(): folder "Luke Winslow-King" (id: "0$=All Artists$207", childCount: 0) added to list
22:42:01.326 > [ 11922][I][SoapESP32.cpp:628] soapScanAttribute(): attribute: "childCount=" missing.
22:42:01.334 > [ 11923][I][SoapESP32.cpp:706] soapScanContainer(): folder "Lynyrd Skynyrd" (id: "0$=All Artists$209", childCount: 0) added to list
22:42:01.345 > [ 11941][I][SoapESP32.cpp:628] soapScanAttribute(): attribute: "childCount=" missing.
22:42:01.352 > [ 11942][I][SoapESP32.cpp:706] soapScanContainer(): folder "Madness" (id: "0$=All Artists$100", childCount: 0) added to list
22:42:01.364 > [ 11960][I][SoapESP32.cpp:628] soapScanAttribute(): attribute: "childCount=" missing.
22:42:01.371 > [ 11961][I][SoapESP32.cpp:706] soapScanContainer(): folder "Madrugada" (id: "0$=All Artists$212", childCount: 0) added to list
22:42:01.381 > [ 11979][I][SoapESP32.cpp:628] soapScanAttribute(): attribute: "childCount=" missing.
22:42:01.389 > [ 11979][I][SoapESP32.cpp:706] soapScanContainer(): folder "Maria Mena" (id: "0$=All Artists$36", childCount: 0) added to list
22:42:01.400 > [ 11997][I][SoapESP32.cpp:628] soapScanAttribute(): attribute: "childCount=" missing.
22:42:01.408 > [ 11998][I][SoapESP32.cpp:706] soapScanContainer(): folder "Marillion" (id: "0$=All Artists$219", childCount: 0) added to list
22:42:01.420 > [ 12016][I][SoapESP32.cpp:628] soapScanAttribute(): attribute: "childCount=" missing.
22:42:01.427 > [ 12017][I][SoapESP32.cpp:706] soapScanContainer(): folder "Men at Work" (id: "0$=All Artists$60", childCount: 0) added to list
22:42:01.438 > [ 12035][I][SoapESP32.cpp:628] soapScanAttribute(): attribute: "childCount=" missing.
22:42:01.446 > [ 12035][I][SoapESP32.cpp:706] soapScanContainer(): folder "Murray Head" (id: "0$=All Artists$63", childCount: 0) added to list
22:42:01.457 > [ 12053][I][SoapESP32.cpp:628] soapScanAttribute(): attribute: "childCount=" missing.
22:42:01.465 > [ 12054][I][SoapESP32.cpp:706] soapScanContainer(): folder "Nazareth" (id: "0$=All Artists$132", childCount: 0) added to list
22:42:01.476 > [ 12072][I][SoapESP32.cpp:628] soapScanAttribute(): attribute: "childCount=" missing.
22:42:01.482 > [ 12073][I][SoapESP32.cpp:706] soapScanContainer(): folder "Nelly Furtado" (id: "0$=All Artists$24", childCount: 0) added to list
22:42:01.494 > [ 12091][I][SoapESP32.cpp:628] soapScanAttribute(): attribute: "childCount=" missing.
22:42:01.502 > [ 12092][I][SoapESP32.cpp:706] soapScanContainer(): folder "Nits" (id: "0$=All Artists$50", childCount: 0) added to list
22:42:01.513 > [ 12109][I][SoapESP32.cpp:628] soapScanAttribute(): attribute: "childCount=" missing.
22:42:01.520 > [ 12110][I][SoapESP32.cpp:706] soapScanContainer(): folder "Omega" (id: "0$=All Artists$222", childCount: 0) added to list
22:42:01.531 > [ 12127][I][SoapESP32.cpp:628] soapScanAttribute(): attribute: "childCount=" missing.
22:42:01.539 > [ 12128][I][SoapESP32.cpp:706] soapScanContainer(): folder "Passenger" (id: "0$=All Artists$135", childCount: 0) added to list
22:42:01.549 > [ 12146][I][SoapESP32.cpp:628] soapScanAttribute(): attribute: "childCount=" missing.
22:42:01.556 > [ 12147][I][SoapESP32.cpp:706] soapScanContainer(): folder "Patrick Hernandez" (id: "0$=All Artists$226", childCount: 0) added to list
22:42:01.568 > [ 12165][I][SoapESP32.cpp:628] soapScanAttribute(): attribute: "childCount=" missing.
22:42:01.576 > [ 12166][I][SoapESP32.cpp:706] soapScanContainer(): folder "Pet Shop Boys" (id: "0$=All Artists$87", childCount: 0) added to list
22:42:01.588 > [ 12184][I][SoapESP32.cpp:628] soapScanAttribute(): attribute: "childCount=" missing.
22:42:01.596 > [ 12185][I][SoapESP32.cpp:706] soapScanContainer(): folder "Peter Schilling" (id: "0$=All Artists$30", childCount: 0) added to list
22:42:01.607 > [ 12203][I][SoapESP32.cpp:628] soapScanAttribute(): attribute: "childCount=" missing.
22:42:01.615 > [ 12204][I][SoapESP32.cpp:706] soapScanContainer(): folder "Phil Carmen" (id: "0$=All Artists$52", childCount: 0) added to list
22:42:01.626 > [ 12222][I][SoapESP32.cpp:628] soapScanAttribute(): attribute: "childCount=" missing.
22:42:01.634 > [ 12223][I][SoapESP32.cpp:706] soapScanContainer(): folder "Police" (id: "0$=All Artists$67", childCount: 0) added to list
22:42:01.644 > [ 12240][I][SoapESP32.cpp:628] soapScanAttribute(): attribute: "childCount=" missing.
22:42:01.652 > [ 12241][I][SoapESP32.cpp:706] soapScanContainer(): folder "Rainbirds" (id: "0$=All Artists$80", childCount: 0) added to list
22:42:01.663 > [ 12259][I][SoapESP32.cpp:628] soapScanAttribute(): attribute: "childCount=" missing.
22:42:01.670 > [ 12260][I][SoapESP32.cpp:706] soapScanContainer(): folder "Ralph Mctell" (id: "0$=All Artists$230", childCount: 0) added to list
22:42:01.682 > [ 12278][I][SoapESP32.cpp:628] soapScanAttribute(): attribute: "childCount=" missing.
22:42:01.689 > [ 12279][I][SoapESP32.cpp:706] soapScanContainer(): folder "Reamonn" (id: "0$=All Artists$105", childCount: 0) added to list
22:42:01.699 > [ 12296][I][SoapESP32.cpp:628] soapScanAttribute(): attribute: "childCount=" missing.
22:42:01.707 > [ 12300][I][SoapESP32.cpp:706] soapScanContainer(): folder "Rihanna Feat Mikky Ekko" (id: "0$=All Artists$117", childCount: 0) added to list
22:42:01.719 > [ 12316][I][SoapESP32.cpp:628] soapScanAttribute(): attribute: "childCount=" missing.
22:42:01.728 > [ 12317][I][SoapESP32.cpp:706] soapScanContainer(): folder "Rory Gallagher" (id: "0$=All Artists$45", childCount: 0) added to list
22:42:01.739 > [ 12335][I][SoapESP32.cpp:628] soapScanAttribute(): attribute: "childCount=" missing.
22:42:01.747 > [ 12336][I][SoapESP32.cpp:706] soapScanContainer(): folder "Roxette" (id: "0$=All Artists$69", childCount: 0) added to list
22:42:01.758 > [ 12354][I][SoapESP32.cpp:628] soapScanAttribute(): attribute: "childCount=" missing.
22:42:01.764 > [ 12355][I][SoapESP32.cpp:706] soapScanContainer(): folder "Roxy Music" (id: "0$=All Artists$232", childCount: 0) added to list
22:42:01.775 > [ 12372][I][SoapESP32.cpp:628] soapScanAttribute(): attribute: "childCount=" missing.
22:42:01.784 > [ 12373][I][SoapESP32.cpp:706] soapScanContainer(): folder "Roy Orbison" (id: "0$=All Artists$119", childCount: 0) added to list
22:42:01.794 > [ 12391][I][SoapESP32.cpp:628] soapScanAttribute(): attribute: "childCount=" missing.
22:42:01.803 > [ 12392][I][SoapESP32.cpp:706] soapScanContainer(): folder "Scott Mc Kenzie" (id: "0$=All Artists$130", childCount: 0) added to list
22:42:01.814 > [ 12411][I][SoapESP32.cpp:628] soapScanAttribute(): attribute: "childCount=" missing.
22:42:01.822 > [ 12411][I][SoapESP32.cpp:706] soapScanContainer(): folder "Shakira" (id: "0$=All Artists$72", childCount: 0) added to list
22:42:01.832 > [ 12429][I][SoapESP32.cpp:628] soapScanAttribute(): attribute: "childCount=" missing.
22:42:01.839 > [ 12430][I][SoapESP32.cpp:706] soapScanContainer(): folder "Sinéad O'Connor" (id: "0$=All Artists$89", childCount: 0) added to list
22:42:01.852 > [ 12448][I][SoapESP32.cpp:628] soapScanAttribute(): attribute: "childCount=" missing.
22:42:01.859 > [ 12449][I][SoapESP32.cpp:706] soapScanContainer(): folder "Status Quo" (id: "0$=All Artists$234", childCount: 0) added to list
22:42:01.871 > [ 12467][I][SoapESP32.cpp:628] soapScanAttribute(): attribute: "childCount=" missing.
22:42:01.878 > [ 12468][I][SoapESP32.cpp:706] soapScanContainer(): folder "Steve Miller Band" (id: "0$=All Artists$113", childCount: 0) added to list
22:42:01.890 > [ 12486][I][SoapESP32.cpp:628] soapScanAttribute(): attribute: "childCount=" missing.
22:42:01.898 > [ 12487][I][SoapESP32.cpp:706] soapScanContainer(): folder "Stranglers" (id: "0$=All Artists$57", childCount: 0) added to list
22:42:01.908 > [ 12505][I][SoapESP32.cpp:628] soapScanAttribute(): attribute: "childCount=" missing.
22:42:01.916 > [ 12506][I][SoapESP32.cpp:706] soapScanContainer(): folder "Suzanne Vega" (id: "0$=All Artists$92", childCount: 0) added to list
22:42:01.927 > [ 12524][I][SoapESP32.cpp:628] soapScanAttribute(): attribute: "childCount=" missing.
22:42:01.935 > [ 12525][I][SoapESP32.cpp:706] soapScanContainer(): folder "Ten Thousand Maniacs" (id: "0$=All Artists$94", childCount: 0) added to list
22:42:01.947 > [ 12543][I][SoapESP32.cpp:628] soapScanAttribute(): attribute: "childCount=" missing.
22:42:01.955 > [ 12544][I][SoapESP32.cpp:706] soapScanContainer(): folder "The Eagles" (id: "0$=All Artists$111", childCount: 0) added to list
22:42:01.966 > [ 12562][I][SoapESP32.cpp:628] soapScanAttribute(): attribute: "childCount=" missing.
22:42:01.973 > [ 12563][I][SoapESP32.cpp:706] soapScanContainer(): folder "The Hooters" (id: "0$=All Artists$236", childCount: 0) added to list
22:42:01.984 > [ 12581][I][SoapESP32.cpp:628] soapScanAttribute(): attribute: "childCount=" missing.
22:42:01.992 > [ 12582][I][SoapESP32.cpp:706] soapScanContainer(): folder "The Parakit feat Alden Jacob" (id: "0$=All Artists$240", childCount: 0) added to list
22:42:02.005 > [ 12601][I][SoapESP32.cpp:628] soapScanAttribute(): attribute: "childCount=" missing.
22:42:02.012 > [ 12602][I][SoapESP32.cpp:706] soapScanContainer(): folder "Tom Odell" (id: "0$=All Artists$243", childCount: 0) added to list
22:42:02.024 > [ 12620][I][SoapESP32.cpp:628] soapScanAttribute(): attribute: "childCount=" missing.
22:42:02.031 > [ 12621][I][SoapESP32.cpp:706] soapScanContainer(): folder "Tony Carey" (id: "0$=All Artists$245", childCount: 0) added to list
22:42:02.042 > [ 12639][I][SoapESP32.cpp:628] soapScanAttribute(): attribute: "childCount=" missing.
22:42:02.050 > [ 12639][I][SoapESP32.cpp:706] soapScanContainer(): folder "Tracy Chapman" (id: "0$=All Artists$247", childCount: 0) added to list
22:42:02.061 > [ 12658][I][SoapESP32.cpp:628] soapScanAttribute(): attribute: "childCount=" missing.
22:42:02.069 > [ 12658][I][SoapESP32.cpp:706] soapScanContainer(): folder "Travis" (id: "0$=All Artists$65", childCount: 0) added to list
22:42:02.080 > [ 12676][I][SoapESP32.cpp:628] soapScanAttribute(): attribute: "childCount=" missing.
22:42:02.087 > [ 12677][I][SoapESP32.cpp:706] soapScanContainer(): folder "Triggerfinger" (id: "0$=All Artists$250", childCount: 0) added to list
22:42:02.099 > [ 12695][I][SoapESP32.cpp:628] soapScanAttribute(): attribute: "childCount=" missing.
22:42:02.106 > [ 12696][I][SoapESP32.cpp:706] soapScanContainer(): folder "U2" (id: "0$=All Artists$137", childCount: 0) added to list
22:42:02.117 > [ 12713][I][SoapESP32.cpp:628] soapScanAttribute(): attribute: "childCount=" missing.
22:42:02.124 > [ 12714][I][SoapESP32.cpp:706] soapScanContainer(): folder "Uriah Heep" (id: "0$=All Artists$126", childCount: 0) added to list
22:42:02.134 > [ 12732][I][SoapESP32.cpp:628] soapScanAttribute(): attribute: "childCount=" missing.
22:42:02.142 > [ 12733][I][SoapESP32.cpp:706] soapScanContainer(): folder "Zucchero" (id: "0$=All Artists$252", childCount: 0) added to list
22:42:02.153 > [ 12750][I][SoapESP32.cpp:628] soapScanAttribute(): attribute: "childCount=" missing.
22:42:02.162 > [ 12751][I][SoapESP32.cpp:706] soapScanContainer(): folder "[unbekannt]" (id: "0$=All Artists$extra", childCount: 0) added to list
22:42:02.172 > [ 12766][I][SoapESP32.cpp:981] browseServer(): found 89 folders and 0 files
22:42:02.179 >   Adele/
22:42:02.180 >   Agnes Obel/
22:42:02.181 >   Alanis Morissette/
22:42:02.183 >   Alice Boman/
22:42:02.184 >   Alle Farben/
22:42:02.186 >   Alphaville/
22:42:02.187 >   Amy Macdonald/
22:42:02.188 >   Anastacia/
22:42:02.190 >   Antony and the Johnsons/
22:42:02.192 >   Austra/
22:42:02.194 >   Ben Harper/
22:42:02.195 >   Bing Austria & The Flippin' Soul Stompers/
22:42:02.199 >   Bobo in White Wooden Houses/
22:42:02.202 >   Bruce Hornsby/
22:42:02.204 >   Bruce Springsteen/
22:42:02.206 >   Carla Bruni/
22:42:02.207 >   Celine Dion/
22:42:02.208 >   Chris Isaac/
22:42:02.210 >   Coldplay/
22:42:02.211 >   Connells/
22:42:02.212 >   Culture Club/
22:42:02.213 >   David Bowie/
22:42:02.215 >   Disturbed/
22:42:02.216 >   Eilen Jewell/
22:42:02.218 >   Ellie Goulding/
22:42:02.219 >   Escobar & Heather Nova/
22:42:02.222 >   Falco/
22:42:02.222 >   Father John Misty/
22:42:02.224 >   Feargal Sharkey/
22:42:02.226 >   Frazey Ford/
22:42:02.227 >   Gabriella Cilmi/
22:42:02.229 >   Genesis/
22:42:02.230 >   Grace Carter/
22:42:02.232 >   Harry Styles/
22:42:02.233 >   Heather Nova/
22:42:02.235 >   Herman's Hermits/
22:42:02.236 >   Hooters/
22:42:02.237 >   Jake Bugg/
22:42:02.239 >   James Brown/
22:42:02.240 >   John Legend/
22:42:02.241 >   Lana Del Rey/
22:42:02.243 >   Laurie Anderson/
22:42:02.245 >   Lovin' Spoonful/
22:42:02.246 >   Luke Winslow-King/
22:42:02.248 >   Lynyrd Skynyrd/
22:42:02.250 >   Madness/
22:42:02.251 >   Madrugada/
22:42:02.252 >   Maria Mena/
22:42:02.253 >   Marillion/
22:42:02.255 >   Men at Work/
22:42:02.256 >   Murray Head/
22:42:02.258 >   Nazareth/
22:42:02.259 >   Nelly Furtado/
22:42:02.260 >   Nits/
22:42:02.261 >   Omega/
22:42:02.262 >   Passenger/
22:42:02.263 >   Patrick Hernandez/
22:42:02.265 >   Pet Shop Boys/
22:42:02.266 >   Peter Schilling/
22:42:02.268 >   Phil Carmen/
22:42:02.270 >   Police/
22:42:02.270 >   Rainbirds/
22:42:02.271 >   Ralph Mctell/
22:42:02.272 >   Reamonn/
22:42:02.273 >   Rihanna Feat Mikky Ekko/
22:42:02.276 >   Rory Gallagher/
22:42:02.277 >   Roxette/
22:42:02.278 >   Roxy Music/
22:42:02.280 >   Roy Orbison/
22:42:02.281 >   Scott Mc Kenzie/
22:42:02.283 >   Shakira/
22:42:02.284 >   Sinéad O'Connor/
22:42:02.286 >   Status Quo/
22:42:02.287 >   Steve Miller Band/
22:42:02.289 >   Stranglers/
22:42:02.290 >   Suzanne Vega/
22:42:02.293 >   Ten Thousand Maniacs/
22:42:02.295 >   The Eagles/
22:42:02.296 >   The Hooters/
22:42:02.297 >   The Parakit feat Alden Jacob/
22:42:02.300 >   Tom Odell/
22:42:02.302 >   Tony Carey/
22:42:02.303 >   Tracy Chapman/
22:42:02.305 >   Travis/
22:42:02.305 >   Triggerfinger/
22:42:02.307 >   U2/
22:42:02.308 >   Uriah Heep/
22:42:02.309 >   Zucchero/
22:42:02.310 >   [unbekannt]/
22:42:02.311 > Komponist/
22:42:02.313 > [ 12911][I][SoapESP32.cpp:880] browseServer(): new search on server: "My Media Server", objectId: "0$=Composer"
22:42:02.322 > [ 12916][I][SoapESP32.cpp:892] browseServer(): connected successfully to server 192.168.1.42:9791
22:42:02.331 > [ 12923][I][SoapESP32.cpp:915] browseServer(): scan answer from media server:
22:42:02.345 > [ 12946][I][SoapESP32.cpp:628] soapScanAttribute(): attribute: "childCount=" missing.
22:42:02.353 > [ 12947][I][SoapESP32.cpp:706] soapScanContainer(): folder "Carl 'Chas Smash' Smyth" (id: "0$=Composer$101", childCount: 0) added to list
22:42:02.365 > [ 12963][I][SoapESP32.cpp:628] soapScanAttribute(): attribute: "childCount=" missing.
22:42:02.373 > [ 12964][I][SoapESP32.cpp:706] soapScanContainer(): folder "Chris Foreman" (id: "0$=Composer$102", childCount: 0) added to list
22:42:02.384 > [ 12982][I][SoapESP32.cpp:628] soapScanAttribute(): attribute: "childCount=" missing.
22:42:02.392 > [ 12982][I][SoapESP32.cpp:706] soapScanContainer(): folder "Derek (fan1alanis219@cs.com)" (id: "0$=Composer$108", childCount: 0) added to list
22:42:02.404 > [ 13001][I][SoapESP32.cpp:628] soapScanAttribute(): attribute: "childCount=" missing.
22:42:02.411 > [ 13002][I][SoapESP32.cpp:706] soapScanContainer(): folder "Eric Bazilian" (id: "0$=Composer$237", childCount: 0) added to list
22:42:02.423 > [ 13024][I][SoapESP32.cpp:628] soapScanAttribute(): attribute: "childCount=" missing.
22:42:02.431 > [ 13024][I][SoapESP32.cpp:706] soapScanContainer(): folder "Harry Styles, Jeff Bhasker, Mitch Rowland, Ryan Nasci, Alex Salibian & Tyler Johnson" (id: "0$=Composer$195", childCount: 0) added to list
22:42:02.448 > [ 13045][I][SoapESP32.cpp:628] soapScanAttribute(): attribute: "childCount=" missing.
22:42:02.456 > [ 13046][I][SoapESP32.cpp:706] soapScanContainer(): folder "Lana Del Rey" (id: "0$=Composer$76", childCount: 0) added to list
22:42:02.466 > [ 13064][I][SoapESP32.cpp:628] soapScanAttribute(): attribute: "childCount=" missing.
22:42:02.473 > [ 13065][I][SoapESP32.cpp:706] soapScanContainer(): folder "Maria McKee" (id: "0$=Composer$141", childCount: 0) added to list
22:42:02.484 > [ 13083][I][SoapESP32.cpp:628] soapScanAttribute(): attribute: "childCount=" missing.
22:42:02.492 > [ 13084][I][SoapESP32.cpp:706] soapScanContainer(): folder "Rick Nowels" (id: "0$=Composer$202", childCount: 0) added to list
22:42:02.504 > [ 13101][I][SoapESP32.cpp:628] soapScanAttribute(): attribute: "childCount=" missing.
22:42:02.511 > [ 13102][I][SoapESP32.cpp:706] soapScanContainer(): folder "Rob Hyman" (id: "0$=Composer$238", childCount: 0) added to list
22:42:02.522 > [ 13118][I][SoapESP32.cpp:628] soapScanAttribute(): attribute: "childCount=" missing.
22:42:02.529 > [ 13119][I][SoapESP32.cpp:706] soapScanContainer(): folder "[unbekannt]" (id: "0$=Composer$extra", childCount: 0) added to list
22:42:02.540 > [ 13134][I][SoapESP32.cpp:981] browseServer(): found 10 folders and 0 files
22:42:02.548 >   Carl 'Chas Smash' Smyth/
22:42:02.550 >   Chris Foreman/
22:42:02.552 >   Derek (fan1alanis219@cs.com)/
22:42:02.555 >   Eric Bazilian/
22:42:02.556 >   Harry Styles, Jeff Bhasker, Mitch Rowland, Ryan Nasci, Alex Salibian & Tyler Johnson/
22:42:02.564 >   Lana Del Rey/
22:42:02.565 >   Maria McKee/
22:42:02.567 >   Rick Nowels/
22:42:02.568 >   Rob Hyman/
22:42:02.569 >   [unbekannt]/
22:42:02.571 > [Ordneransicht]/
22:42:02.572 > [ 13170][I][SoapESP32.cpp:880] browseServer(): new search on server: "My Media Server", objectId: "0$folders"
22:42:02.582 > [ 13176][I][SoapESP32.cpp:892] browseServer(): connected successfully to server 192.168.1.42:9791
22:42:02.591 > [ 13182][I][SoapESP32.cpp:915] browseServer(): scan answer from media server:
22:42:02.606 > [ 13207][I][SoapESP32.cpp:628] soapScanAttribute(): attribute: "childCount=" missing.
22:42:02.614 > [ 13207][I][SoapESP32.cpp:706] soapScanContainer(): folder "Music" (id: "0$folders$f1", childCount: 0) added to list
22:42:02.624 > [ 13219][I][SoapESP32.cpp:628] soapScanAttribute(): attribute: "childCount=" missing.
22:42:02.632 > [ 13221][I][SoapESP32.cpp:706] soapScanContainer(): folder "Videos" (id: "0$folders$f3", childCount: 0) added to list
22:42:02.642 > [ 13235][I][SoapESP32.cpp:981] browseServer(): found 2 folders and 0 files
22:42:02.649 >   Music/
22:42:02.649 >   Videos/
22:42:02.650 >
22:42:02.651 > Sketch finished.