01:53:07.486 > Connecting to WiFi network [D][WiFiGeneric.cpp:374] _eventCallback(): Event: 0 - WIFI_READY
01:53:07.486 > [D][WiFiGeneric.cpp:374] _eventCallback(): Event: 2 - STA_START
01:53:07.486 > .....[D][WiFiGeneric.cpp:374] _eventCallback(): Event: 4 - STA_CONNECTED
01:53:09.581 > .[D][WiFiGeneric.cpp:374] _eventCallback(): Event: 7 - STA_GOT_IP
01:53:10.006 > [D][WiFiGeneric.cpp:419] _eventCallback(): STA IP: 192.168.1.37, MASK: 255.255.255.0, GW: 192.168.1.1
01:53:10.080 > 
01:53:10.081 > Connected successfully. IP address: 192.168.1.37
01:53:10.084 >
01:53:10.084 > ----> server content follows:
01:53:10.087 > [I][SoapESP32.cpp:874] browseServer(): new search on server: "My Media Server", objectId: "0"
01:53:10.506 > [V][SoapESP32.cpp:1277] soapPost(): send request to server:
01:53:10.512 > POST /upnphost/udhisapi.dll?control=uuid:5f8237e2-e279-46e6-91a1-16662dae9ac3+urn:upnp-org:serviceId:ContentDirectory HTTP/1.1
01:53:10.523 > Host: 192.168.1.42:2869
01:53:10.525 > CACHE-CONTROL: no-cache
01:53:10.527 > PRAGMA: no-cache
01:53:10.529 > Connection: close
01:53:10.531 > Content-Length: 439
01:53:10.532 > Content-Type: text/xml; charset="utf-8"
01:53:10.536 > SOAPAction: "urn:schemas-upnp-org:service:ContentDirectory:1#Browse"
01:53:10.542 > User-Agent: ESP32/Player/UPNP1.0
01:53:10.545 >
01:53:10.545 > <s:Envelope xmlns:s="http://schemas.xmlsoap.org/soap/envelope/" s:encodingStyle="http://schemas.xmlsoap.org/soap/encoding/">
01:53:10.556 > <s:Body><u:Browse xmlns:u="urn:schemas-upnp-org:service:ContentDirectory:1">
01:53:10.563 > <ObjectID>0</ObjectID>
01:53:10.565 > <BrowseFlag>BrowseDirectChildren</BrowseFlag>
01:53:10.569 > <Filter>*</Filter>
01:53:10.571 > <StartingIndex>0</StartingIndex>
01:53:10.574 > <RequestedCount>100</RequestedCount>
01:53:10.577 > <SortCriteria></SortCriteria>
01:53:10.580 > </u:Browse>
01:53:10.581 > </s:Body>
01:53:10.582 > </s:Envelope>
01:53:10.583 >
01:53:10.583 >
01:53:10.604 > [I][SoapESP32.cpp:886] browseServer(): connected successfully to server 192.168.1.42:2869
01:53:10.612 > [V][SoapESP32.cpp:310] soapReadHttpHeader(): header line: HTTP/1.1 200 OK
01:53:10.618 > [V][SoapESP32.cpp:323] soapReadHttpHeader(): header line: Content-Length: 6215
01:53:10.626 > [V][SoapESP32.cpp:323] soapReadHttpHeader(): header line: Content-Type: text/xml; charset="utf-8"
01:53:10.634 > [V][SoapESP32.cpp:323] soapReadHttpHeader(): header line: Server: Microsoft-Windows/10.0 UPnP/1.0 UPnP-Device-Host/1.0 Microsoft-HTTPAPI/2.0
01:53:10.647 > [V][SoapESP32.cpp:323] soapReadHttpHeader(): header line: EXT:
01:53:10.652 > [V][SoapESP32.cpp:323] soapReadHttpHeader(): header line: Date: Fri, 21 Jan 2022 00:53:11 GMT
01:53:10.661 > [V][SoapESP32.cpp:323] soapReadHttpHeader(): header line: Connection: close
01:53:10.667 > [V][SoapESP32.cpp:323] soapReadHttpHeader(): header line:
01:53:10.672 > [D][SoapESP32.cpp:345] soapReadHttpHeader(): HTTP-Header ok, trailing content is not chunked, announced size: 6215
01:53:10.683 > [I][SoapESP32.cpp:909] browseServer(): scan answer from media server: 
01:53:10.695 > [V][SoapESP32.cpp:938] browseServer(): container attribute (length=64): id="3" restricted="1" parentID="0" childCount="7" searchable="1"
01:53:10.707 > [V][SoapESP32.cpp:939] browseServer(): container (length=815): <dc:title>Bilder</dc:title><upnp:class name="object.container">object.container</upnp:class><upnp:writeStatus>NOT_WRITABLE</upnp:writeStatus><upnp:searchClass includeDerived="0">object.container.playlistContainer</upnp:searchClass><upnp:searchClass includeDerived="0">object.item.imageItem.photo</upnp:searchClass><upnp:searchClass includeDerived="0">object.container.album.photoAlbum</upnp:searchClass><upnp:searchClass includeDerived="0">object.container</upnp:searchClass><upnp:searchClass includeDerived="0">object.container.storageFolder</upnp:searchClass><upnp:searchClass includeDerived="0">object.container.album.photoAlbum.dateTaken</upnp:searchClass><upnp:searchClass includeDerived="1">object.container.album</upnp:searchClass><upnp:searchClass includeDerived="1">object.item.imageItem</upnp:searchClass>
01:53:10.785 > [D][SoapESP32.cpp:639] soapScanContainer(): function entered, parent id: 0
01:53:10.791 > [D][SoapESP32.cpp:643] soapScanContainer(): id="3"
01:53:10.796 > [D][SoapESP32.cpp:665] soapScanContainer(): childCount="7"
01:53:10.801 > [D][SoapESP32.cpp:677] soapScanContainer(): searchable="1"
01:53:10.806 > [D][SoapESP32.cpp:691] soapScanContainer(): title="Bilder"
01:53:10.812 > [I][SoapESP32.cpp:700] soapScanContainer(): folder "Bilder" (id: "3", childCount: 7) added to list
01:53:10.826 > [V][SoapESP32.cpp:938] browseServer(): container attribute (length=65): id="1" restricted="1" parentID="0" childCount="10" searchable="1"
01:53:10.838 > [V][SoapESP32.cpp:939] browseServer(): container (length=1065): <dc:title>Musik</dc:title><upnp:class name="object.container">object.container</upnp:class><upnp:writeStatus>NOT_WRITABLE</upnp:writeStatus><upnp:searchClass includeDerived="1">object.item.audioItem</upnp:searchClass><upnp:searchClass includeDerived="0">object.container.playlistContainer</upnp:searchClass><upnp:searchClass includeDerived="0">object.container</upnp:searchClass><upnp:searchClass includeDerived="1">object.container.genre</upnp:searchClass><upnp:searchClass includeDerived="0">object.container.storageFolder</upnp:searchClass><upnp:searchClass includeDerived="0">object.container.genre.musicGenre</upnp:searchClass><upnp:searchClass includeDerived="0">object.item.audioItem.musicTrack</upnp:searchClass><upnp:searchClass includeDerived="0">object.container.album.musicAlbum</upnp:searchClass><upnp:searchClass includeDerived="0">object.item.audioItem.audioBook</upnp:searchClass><upnp:searchClass includeDerived="1">object.container.album</upnp:searchClass><upnp:searchClass includeDerived="0">object.container.person.musicArtist</upnp:searchClass>
01:53:10.936 > [D][SoapESP32.cpp:639] soapScanContainer(): function entered, parent id: 0
01:53:10.943 > [D][SoapESP32.cpp:643] soapScanContainer(): id="1"
01:53:10.948 > [D][SoapESP32.cpp:665] soapScanContainer(): childCount="10"
01:53:10.953 > [D][SoapESP32.cpp:677] soapScanContainer(): searchable="1"
01:53:10.958 > [D][SoapESP32.cpp:691] soapScanContainer(): title="Musik"
01:53:10.963 > [I][SoapESP32.cpp:700] soapScanContainer(): folder "Musik" (id: "1", childCount: 10) added to list
01:53:10.977 > [V][SoapESP32.cpp:938] browseServer(): container attribute (length=64): id="2" restricted="1" parentID="0" childCount="8" searchable="1"
01:53:10.990 > [V][SoapESP32.cpp:939] browseServer(): container (length=1157): <dc:title>Videos</dc:title><upnp:class name="object.container">object.container</upnp:class><upnp:writeStatus>NOT_WRITABLE</upnp:writeStatus><upnp:searchClass includeDerived="0">object.container.album.videoAlbum</upnp:searchClass><upnp:searchClass includeDerived="0">object.item.videoItem.musicVideoClip</upnp:searchClass><upnp:searchClass includeDerived="0">object.container</upnp:searchClass><upnp:searchClass includeDerived="0">object.item.videoItem.videoBroadcast</upnp:searchClass><upnp:searchClass includeDerived="0">object.container.person.movieActor</upnp:searchClass><upnp:searchClass includeDerived="1">object.container.album</upnp:searchClass><upnp:searchClass includeDerived="0">object.item.videoItem.movie</upnp:searchClass><upnp:searchClass includeDerived="1">object.container.genre</upnp:searchClass><upnp:searchClass includeDerived="1">object.item.videoItem</upnp:searchClass><upnp:searchClass includeDerived="0">object.container.playlistContainer</upnp:searchClass><upnp:searchClass includeDerived="0">object.container.genre.movieGenre</upnp:searchClass><upnp:searchClass includeDerived="0">object.container.storageFolder</upnp:searchClass>
01:53:11.096 > [D][SoapESP32.cpp:639] soapScanContainer(): function entered, parent id: 0
01:53:11.102 > [D][SoapESP32.cpp:643] soapScanContainer(): id="2"
01:53:11.107 > [D][SoapESP32.cpp:665] soapScanContainer(): childCount="8"
01:53:11.112 > [D][SoapESP32.cpp:677] soapScanContainer(): searchable="1"
01:53:11.117 > [D][SoapESP32.cpp:691] soapScanContainer(): title="Videos"
01:53:11.122 > [I][SoapESP32.cpp:700] soapScanContainer(): folder "Videos" (id: "2", childCount: 8) added to list
01:53:11.133 > [V][SoapESP32.cpp:938] browseServer(): container attribute (length=65): id="12" restricted="1" parentID="0" childCount="2" searchable="1"
01:53:11.145 > [V][SoapESP32.cpp:939] browseServer(): container (length=1155): <dc:title>Wiedergabelisten</dc:title><upnp:class name="object.container">object.container</upnp:class><upnp:writeStatus>NOT_WRITABLE</upnp:writeStatus><upnp:searchClass includeDerived="0">object.item.videoItem.musicVideoClip</upnp:searchClass><upnp:searchClass includeDerived="0">object.item.audioItem.musicTrack</upnp:searchClass><upnp:searchClass includeDerived="0">object.container</upnp:searchClass><upnp:searchClass includeDerived="0">object.item.imageItem.photo</upnp:searchClass><upnp:searchClass includeDerived="0">object.item.videoItem.videoBroadcast</upnp:searchClass><upnp:searchClass includeDerived="0">object.item.audioItem.audioBook</upnp:searchClass><upnp:searchClass includeDerived="0">object.item.videoItem.movie</upnp:searchClass><upnp:searchClass includeDerived="0">object.item.videoItem</upnp:searchClass><upnp:searchClass includeDerived="0">object.container.playlistContainer</upnp:searchClass><upnp:searchClass includeDerived="0">object.container.storageFolder</upnp:searchClass><upnp:searchClass includeDerived="0">object.item.imageItem</upnp:searchClass><upnp:searchClass includeDerived="0">object.item.audioItem</upnp:searchClass>
01:53:11.251 > [D][SoapESP32.cpp:639] soapScanContainer(): function entered, parent id: 0
01:53:11.258 > [D][SoapESP32.cpp:643] soapScanContainer(): id="12"
01:53:11.262 > [D][SoapESP32.cpp:665] soapScanContainer(): childCount="2"
01:53:11.267 > [D][SoapESP32.cpp:677] soapScanContainer(): searchable="1"
01:53:11.273 > [D][SoapESP32.cpp:691] soapScanContainer(): title="Wiedergabelisten"
01:53:11.279 > [I][SoapESP32.cpp:700] soapScanContainer(): folder "Wiedergabelisten" (id: "12", childCount: 2) added to list
01:53:11.288 > [D][SoapESP32.cpp:959] browseServer(): announced number of folders and/or files: 4
01:53:11.296 > [I][SoapESP32.cpp:975] browseServer(): found 4 folders and 0 files
01:53:11.302 > Bilder/
01:53:11.302 > [I][SoapESP32.cpp:874] browseServer(): new search on server: "My Media Server", objectId: "3"
01:53:11.331 > [V][SoapESP32.cpp:1277] soapPost(): send request to server:
01:53:11.336 > POST /upnphost/udhisapi.dll?control=uuid:5f8237e2-e279-46e6-91a1-16662dae9ac3+urn:upnp-org:serviceId:ContentDirectory HTTP/1.1
01:53:11.348 > Host: 192.168.1.42:2869
01:53:11.350 > CACHE-CONTROL: no-cache
01:53:11.352 > PRAGMA: no-cache
01:53:11.353 > Connection: close
01:53:11.355 > Content-Length: 439
01:53:11.357 > Content-Type: text/xml; charset="utf-8"
01:53:11.361 > SOAPAction: "urn:schemas-upnp-org:service:ContentDirectory:1#Browse"
01:53:11.366 > User-Agent: ESP32/Player/UPNP1.0
01:53:11.369 >
01:53:11.369 > <s:Envelope xmlns:s="http://schemas.xmlsoap.org/soap/envelope/" s:encodingStyle="http://schemas.xmlsoap.org/soap/encoding/">
01:53:11.381 > <s:Body><u:Browse xmlns:u="urn:schemas-upnp-org:service:ContentDirectory:1">
01:53:11.387 > <ObjectID>3</ObjectID>
01:53:11.389 > <BrowseFlag>BrowseDirectChildren</BrowseFlag>
01:53:11.394 > <Filter>*</Filter>
01:53:11.395 > <StartingIndex>0</StartingIndex>
01:53:11.398 > <RequestedCount>100</RequestedCount>
01:53:11.402 > <SortCriteria></SortCriteria>
01:53:11.404 > </u:Browse>
01:53:11.405 > </s:Body>
01:53:11.406 > </s:Envelope>
01:53:11.408 >
01:53:11.408 >
01:53:11.415 > [I][SoapESP32.cpp:886] browseServer(): connected successfully to server 192.168.1.42:2869
01:53:11.423 > [V][SoapESP32.cpp:310] soapReadHttpHeader(): header line: HTTP/1.1 200 OK
01:53:11.429 > [V][SoapESP32.cpp:323] soapReadHttpHeader(): header line: Content-Length: 5958
01:53:11.436 > [V][SoapESP32.cpp:323] soapReadHttpHeader(): header line: Content-Type: text/xml; charset="utf-8"
01:53:11.445 > [V][SoapESP32.cpp:323] soapReadHttpHeader(): header line: Server: Microsoft-Windows/10.0 UPnP/1.0 UPnP-Device-Host/1.0 Microsoft-HTTPAPI/2.0
01:53:11.457 > [V][SoapESP32.cpp:323] soapReadHttpHeader(): header line: EXT: 
01:53:11.463 > [V][SoapESP32.cpp:323] soapReadHttpHeader(): header line: Date: Fri, 21 Jan 2022 00:53:11 GMT
01:53:11.471 > [V][SoapESP32.cpp:323] soapReadHttpHeader(): header line: Connection: close
01:53:11.478 > [V][SoapESP32.cpp:323] soapReadHttpHeader(): header line:
01:53:11.483 > [D][SoapESP32.cpp:345] soapReadHttpHeader(): HTTP-Header ok, trailing content is not chunked, announced size: 5958
01:53:11.493 > [I][SoapESP32.cpp:909] browseServer(): scan answer from media server:
01:53:11.503 > [V][SoapESP32.cpp:938] browseServer(): container attribute (length=64): id="D" restricted="1" parentID="3" childCount="0" searchable="1"
01:53:11.516 > [V][SoapESP32.cpp:939] browseServer(): container (length=539): <dc:title>Alben</dc:title><upnp:class name="object.container">object.container</upnp:class><upnp:writeStatus>NOT_WRITABLE</upnp:writeStatus><upnp:searchClass includeDerived="0">object.item.imageItem.photo</upnp:searchClass><upnp:searchClass includeDerived="0">object.container.album.photoAlbum</upnp:searchClass><upnp:searchClass includeDerived="0">object.container</upnp:searchClass><upnp:searchClass includeDerived="1">object.container.album</upnp:searchClass><upnp:searchClass includeDerived="0">object.item.imageItem</upnp:searchClass>
01:53:11.569 > [D][SoapESP32.cpp:639] soapScanContainer(): function entered, parent id: 3
01:53:11.575 > [D][SoapESP32.cpp:643] soapScanContainer(): id="D"
01:53:11.580 > [D][SoapESP32.cpp:665] soapScanContainer(): childCount="0"
01:53:11.585 > [I][SoapESP32.cpp:667] soapScanContainer(): container "D" child count=0
01:53:11.591 > [D][SoapESP32.cpp:677] soapScanContainer(): searchable="1"
01:53:11.596 > [D][SoapESP32.cpp:691] soapScanContainer(): title="Alben"
01:53:11.602 > [I][SoapESP32.cpp:700] soapScanContainer(): folder "Alben" (id: "D", childCount: 0) added to list
01:53:11.610 > [V][SoapESP32.cpp:938] browseServer(): container attribute (length=64): id="B" restricted="0" parentID="3" childCount="0" searchable="1"
01:53:11.622 > [V][SoapESP32.cpp:939] browseServer(): container (length=395): <dc:title>Alle Bilder</dc:title><upnp:class name="object.container">object.container</upnp:class><upnp:writeStatus>NOT_WRITABLE</upnp:writeStatus><upnp:searchClass includeDerived="0">object.item.imageItem.photo</upnp:searchClass><upnp:searchClass includeDerived="0">object.container.album.photoAlbum</upnp:searchClass><upnp:searchClass includeDerived="1">object.item.imageItem</upnp:searchClass>
01:53:11.662 > [D][SoapESP32.cpp:639] soapScanContainer(): function entered, parent id: 3
01:53:11.669 > [D][SoapESP32.cpp:643] soapScanContainer(): id="B"
01:53:11.673 > [D][SoapESP32.cpp:665] soapScanContainer(): childCount="0"
01:53:11.678 > [I][SoapESP32.cpp:667] soapScanContainer(): container "B" child count=0
01:53:11.685 > [D][SoapESP32.cpp:677] soapScanContainer(): searchable="1"
01:53:11.690 > [D][SoapESP32.cpp:691] soapScanContainer(): title="Alle Bilder"
01:53:11.696 > [I][SoapESP32.cpp:700] soapScanContainer(): folder "Alle Bilder" (id: "B", childCount: 0) added to list
01:53:11.705 > [V][SoapESP32.cpp:938] browseServer(): container attribute (length=66): id="300" restricted="1" parentID="3" childCount="6" searchable="1"
01:53:11.717 > [V][SoapESP32.cpp:939] browseServer(): container (length=551): <dc:title>Bewertung</dc:title><upnp:class name="object.container">object.container</upnp:class><upnp:writeStatus>NOT_WRITABLE</upnp:writeStatus><upnp:searchClass includeDerived="0">object.item.imageItem.photo</upnp:searchClass><upnp:searchClass includeDerived="0">object.container</upnp:searchClass><upnp:searchClass includeDerived="0">object.container.album.photoAlbum</upnp:searchClass><upnp:searchClass includeDerived="0">object.container.storageFolder</upnp:searchClass><upnp:searchClass includeDerived="0">object.item.imageItem</upnp:searchClass>
01:53:11.770 > [D][SoapESP32.cpp:639] soapScanContainer(): function entered, parent id: 3
01:53:11.777 > [D][SoapESP32.cpp:643] soapScanContainer(): id="300"
01:53:11.781 > [D][SoapESP32.cpp:665] soapScanContainer(): childCount="6"
01:53:11.787 > [D][SoapESP32.cpp:677] soapScanContainer(): searchable="1"
01:53:11.792 > [D][SoapESP32.cpp:691] soapScanContainer(): title="Bewertung"
01:53:11.797 > [I][SoapESP32.cpp:700] soapScanContainer(): folder "Bewertung" (id: "300", childCount: 6) added to list
01:53:11.807 > [V][SoapESP32.cpp:938] browseServer(): container attribute (length=64): id="C" restricted="1" parentID="3" childCount="0" searchable="1"
01:53:11.819 > [V][SoapESP32.cpp:939] browseServer(): container (length=576): <dc:title>Bilder aufgenommen am</dc:title><upnp:class name="object.container">object.container</upnp:class><upnp:writeStatus>NOT_WRITABLE</upnp:writeStatus><upnp:searchClass includeDerived="0">object.item.imageItem.photo</upnp:searchClass><upnp:searchClass includeDerived="0">object.container</upnp:searchClass><upnp:searchClass includeDerived="0">object.container.album.photoAlbum</upnp:searchClass><upnp:searchClass includeDerived="0">object.container.album.photoAlbum.dateTaken</upnp:searchClass><upnp:searchClass includeDerived="0">object.item.imageItem</upnp:searchClass>
01:53:11.874 > [D][SoapESP32.cpp:639] soapScanContainer(): function entered, parent id: 3
01:53:11.881 > [D][SoapESP32.cpp:643] soapScanContainer(): id="C"
01:53:11.885 > [D][SoapESP32.cpp:665] soapScanContainer(): childCount="0"
01:53:11.891 > [I][SoapESP32.cpp:667] soapScanContainer(): container "C" child count=0
01:53:11.897 > [D][SoapESP32.cpp:677] soapScanContainer(): searchable="1"
01:53:11.902 > [D][SoapESP32.cpp:691] soapScanContainer(): title="Bilder aufgenommen am"
01:53:11.909 > [I][SoapESP32.cpp:700] soapScanContainer(): folder "Bilder aufgenommen am" (id: "C", childCount: 0) added to list
01:53:11.919 > [V][SoapESP32.cpp:938] browseServer(): container attribute (length=65): id="11" restricted="1" parentID="3" childCount="0" searchable="1"
01:53:11.931 > [V][SoapESP32.cpp:939] browseServer(): container (length=568): <dc:title>Bilderwiedergabelisten</dc:title><upnp:class name="object.container">object.container</upnp:class><upnp:writeStatus>NOT_WRITABLE</upnp:writeStatus><upnp:searchClass includeDerived="0">object.container.playlistContainer</upnp:searchClass><upnp:searchClass includeDerived="0">object.item.imageItem.photo</upnp:searchClass><upnp:searchClass includeDerived="0">object.container</upnp:searchClass><upnp:searchClass includeDerived="0">object.container.album.photoAlbum</upnp:searchClass><upnp:searchClass includeDerived="0">object.item.imageItem</upnp:searchClass>
01:53:11.986 > [D][SoapESP32.cpp:639] soapScanContainer(): function entered, parent id: 3
01:53:11.992 > [D][SoapESP32.cpp:643] soapScanContainer(): id="11"
01:53:11.997 > [D][SoapESP32.cpp:665] soapScanContainer(): childCount="0"
01:53:12.002 > [I][SoapESP32.cpp:667] soapScanContainer(): container "11" child count=0
01:53:12.009 > [D][SoapESP32.cpp:677] soapScanContainer(): searchable="1"
01:53:12.014 > [D][SoapESP32.cpp:691] soapScanContainer(): title="Bilderwiedergabelisten"
01:53:12.020 > [I][SoapESP32.cpp:700] soapScanContainer(): folder "Bilderwiedergabelisten" (id: "11", childCount: 0) added to list
01:53:12.030 > [V][SoapESP32.cpp:938] browseServer(): container attribute (length=65): id="16" restricted="1" parentID="3" childCount="1" searchable="1"
01:53:12.043 > [V][SoapESP32.cpp:939] browseServer(): container (length=548): <dc:title>Ordner</dc:title><upnp:class name="object.container">object.container</upnp:class><upnp:writeStatus>NOT_WRITABLE</upnp:writeStatus><upnp:searchClass includeDerived="0">object.item.imageItem.photo</upnp:searchClass><upnp:searchClass includeDerived="0">object.container</upnp:searchClass><upnp:searchClass includeDerived="0">object.container.album.photoAlbum</upnp:searchClass><upnp:searchClass includeDerived="0">object.container.storageFolder</upnp:searchClass><upnp:searchClass includeDerived="0">object.item.imageItem</upnp:searchClass>
01:53:12.096 > [D][SoapESP32.cpp:639] soapScanContainer(): function entered, parent id: 3
01:53:12.102 > [D][SoapESP32.cpp:643] soapScanContainer(): id="16"
01:53:12.107 > [D][SoapESP32.cpp:665] soapScanContainer(): childCount="1"
01:53:12.112 > [D][SoapESP32.cpp:677] soapScanContainer(): searchable="1"
01:53:12.117 > [D][SoapESP32.cpp:691] soapScanContainer(): title="Ordner"
01:53:12.123 > [I][SoapESP32.cpp:700] soapScanContainer(): folder "Ordner" (id: "16", childCount: 1) added to list
01:53:12.131 > [V][SoapESP32.cpp:938] browseServer(): container attribute (length=65): id="D2" restricted="1" parentID="3" childCount="0" searchable="1"
01:53:12.143 > [V][SoapESP32.cpp:939] browseServer(): container (length=473): <dc:title>Schlüsselwörter</dc:title><upnp:class name="object.container">object.container</upnp:class><upnp:writeStatus>NOT_WRITABLE</upnp:writeStatus><upnp:searchClass includeDerived="0">object.item.imageItem.photo</upnp:searchClass><upnp:searchClass includeDerived="0">object.container</upnp:searchClass><upnp:searchClass includeDerived="0">object.container.album.photoAlbum</upnp:searchClass><upnp:searchClass includeDerived="0">object.item.imageItem</upnp:searchClass>
01:53:12.190 > [D][SoapESP32.cpp:639] soapScanContainer(): function entered, parent id: 3
01:53:12.197 > [D][SoapESP32.cpp:643] soapScanContainer(): id="D2"
01:53:12.201 > [D][SoapESP32.cpp:665] soapScanContainer(): childCount="0"
01:53:12.206 > [I][SoapESP32.cpp:667] soapScanContainer(): container "D2" child count=0
01:53:12.213 > [D][SoapESP32.cpp:677] soapScanContainer(): searchable="1"
01:53:12.218 > [D][SoapESP32.cpp:691] soapScanContainer(): title="Schlüsselwörter"
01:53:12.224 > [I][SoapESP32.cpp:700] soapScanContainer(): folder "Schlüsselwörter" (id: "D2", childCount: 0) added to list
01:53:12.234 > [D][SoapESP32.cpp:959] browseServer(): announced number of folders and/or files: 7
01:53:12.241 > [I][SoapESP32.cpp:975] browseServer(): found 7 folders and 0 files
01:53:12.247 >   Alben/
01:53:12.248 >   Alle Bilder/
01:53:12.250 >   Bewertung/
01:53:12.251 >   Bilder aufgenommen am/
01:53:12.253 >   Bilderwiedergabelisten/
01:53:12.255 >   Ordner/
01:53:12.256 >   Schlüsselwörter/
01:53:12.258 > Musik/
01:53:12.259 > [I][SoapESP32.cpp:874] browseServer(): new search on server: "My Media Server", objectId: "1"
01:53:12.270 > [V][SoapESP32.cpp:1277] soapPost(): send request to server:
01:53:12.275 > POST /upnphost/udhisapi.dll?control=uuid:5f8237e2-e279-46e6-91a1-16662dae9ac3+urn:upnp-org:serviceId:ContentDirectory HTTP/1.1
01:53:12.286 > Host: 192.168.1.42:2869
01:53:12.288 > CACHE-CONTROL: no-cache
01:53:12.291 > PRAGMA: no-cache
01:53:12.292 > Connection: close
01:53:12.294 > Content-Length: 439
01:53:12.296 > Content-Type: text/xml; charset="utf-8"
01:53:12.299 > SOAPAction: "urn:schemas-upnp-org:service:ContentDirectory:1#Browse"
01:53:12.305 > User-Agent: ESP32/Player/UPNP1.0
01:53:12.308 >
01:53:12.308 > <s:Envelope xmlns:s="http://schemas.xmlsoap.org/soap/envelope/" s:encodingStyle="http://schemas.xmlsoap.org/soap/encoding/">
01:53:12.319 > <s:Body><u:Browse xmlns:u="urn:schemas-upnp-org:service:ContentDirectory:1">
01:53:12.327 > <ObjectID>1</ObjectID>
01:53:12.329 > <BrowseFlag>BrowseDirectChildren</BrowseFlag>
01:53:12.333 > <Filter>*</Filter>
01:53:12.335 > <StartingIndex>0</StartingIndex>
01:53:12.338 > <RequestedCount>100</RequestedCount>
01:53:12.341 > <SortCriteria></SortCriteria>
01:53:12.344 > </u:Browse>
01:53:12.345 > </s:Body>
01:53:12.346 > </s:Envelope>
01:53:12.347 >
01:53:12.347 >
01:53:12.405 > [I][SoapESP32.cpp:886] browseServer(): connected successfully to server 192.168.1.42:2869
01:53:12.414 > [V][SoapESP32.cpp:310] soapReadHttpHeader(): header line: HTTP/1.1 200 OK
01:53:12.420 > [V][SoapESP32.cpp:323] soapReadHttpHeader(): header line: Content-Length: 9467
01:53:12.427 > [V][SoapESP32.cpp:323] soapReadHttpHeader(): header line: Content-Type: text/xml; charset="utf-8"
01:53:12.435 > [V][SoapESP32.cpp:323] soapReadHttpHeader(): header line: Server: Microsoft-Windows/10.0 UPnP/1.0 UPnP-Device-Host/1.0 Microsoft-HTTPAPI/2.0
01:53:12.448 > [V][SoapESP32.cpp:323] soapReadHttpHeader(): header line: EXT:
01:53:12.454 > [V][SoapESP32.cpp:323] soapReadHttpHeader(): header line: Date: Fri, 21 Jan 2022 00:53:13 GMT
01:53:12.462 > [V][SoapESP32.cpp:323] soapReadHttpHeader(): header line: Connection: close
01:53:12.469 > [V][SoapESP32.cpp:323] soapReadHttpHeader(): header line:
01:53:12.474 > [D][SoapESP32.cpp:345] soapReadHttpHeader(): HTTP-Header ok, trailing content is not chunked, announced size: 9467
01:53:12.484 > [I][SoapESP32.cpp:909] browseServer(): scan answer from media server:
01:53:12.517 > [V][SoapESP32.cpp:938] browseServer(): container attribute (length=64): id="7" restricted="1" parentID="1" childCount="9" searchable="1"
01:53:12.530 > [V][SoapESP32.cpp:939] browseServer(): container (length=631): <dc:title>Alben</dc:title><upnp:class name="object.container">object.container</upnp:class><upnp:writeStatus>NOT_WRITABLE</upnp:writeStatus><upnp:searchClass includeDerived="0">object.item.audioItem</upnp:searchClass><upnp:searchClass includeDerived="0">object.container</upnp:searchClass><upnp:searchClass includeDerived="0">object.container.album.musicAlbum</upnp:searchClass><upnp:searchClass includeDerived="0">object.item.audioItem.musicTrack</upnp:searchClass><upnp:searchClass includeDerived="1">object.container.album</upnp:searchClass><upnp:searchClass includeDerived="0">object.item.audioItem.audioBook</upnp:searchClass>
01:53:12.591 > [D][SoapESP32.cpp:639] soapScanContainer(): function entered, parent id: 1
01:53:12.597 > [D][SoapESP32.cpp:643] soapScanContainer(): id="7"
01:53:12.602 > [D][SoapESP32.cpp:665] soapScanContainer(): childCount="9"
01:53:12.607 > [D][SoapESP32.cpp:677] soapScanContainer(): searchable="1"
01:53:12.612 > [D][SoapESP32.cpp:691] soapScanContainer(): title="Alben"
01:53:12.617 > [I][SoapESP32.cpp:700] soapScanContainer(): folder "Alben" (id: "7", childCount: 9) added to list
01:53:12.626 > [V][SoapESP32.cpp:938] browseServer(): container attribute (length=67): id="107" restricted="1" parentID="1" childCount="95" searchable="1"
01:53:12.638 > [V][SoapESP32.cpp:939] browseServer(): container (length=655): <dc:title>Albuminterpreten</dc:title><upnp:class name="object.container">object.container</upnp:class><upnp:writeStatus>NOT_WRITABLE</upnp:writeStatus><upnp:searchClass includeDerived="0">object.item.audioItem</upnp:searchClass><upnp:searchClass includeDerived="0">object.container</upnp:searchClass><upnp:searchClass includeDerived="0">object.item.audioItem.musicTrack</upnp:searchClass><upnp:searchClass includeDerived="0">object.container.album.musicAlbum</upnp:searchClass><upnp:searchClass includeDerived="0">object.container.person.musicArtist</upnp:searchClass><upnp:searchClass includeDerived="0">object.item.audioItem.audioBook</upnp:searchClass>
01:53:12.701 > [D][SoapESP32.cpp:639] soapScanContainer(): function entered, parent id: 1
01:53:12.707 > [D][SoapESP32.cpp:643] soapScanContainer(): id="107"
01:53:12.712 > [D][SoapESP32.cpp:665] soapScanContainer(): childCount="95"
01:53:12.717 > [D][SoapESP32.cpp:677] soapScanContainer(): searchable="1"
01:53:12.723 > [D][SoapESP32.cpp:691] soapScanContainer(): title="Albuminterpreten"
01:53:12.729 > [I][SoapESP32.cpp:700] soapScanContainer(): folder "Albuminterpreten" (id: "107", childCount: 95) added to list
01:53:12.738 > [V][SoapESP32.cpp:938] browseServer(): container attribute (length=65): id="6" restricted="1" parentID="1" childCount="95" searchable="1"
01:53:12.751 > [V][SoapESP32.cpp:939] browseServer(): container (length=655): <dc:title>Alle Interpreten</dc:title><upnp:class name="object.container">object.container</upnp:class><upnp:writeStatus>NOT_WRITABLE</upnp:writeStatus><upnp:searchClass includeDerived="0">object.item.audioItem</upnp:searchClass><upnp:searchClass includeDerived="0">object.container</upnp:searchClass><upnp:searchClass includeDerived="0">object.item.audioItem.musicTrack</upnp:searchClass><upnp:searchClass includeDerived="0">object.container.album.musicAlbum</upnp:searchClass><upnp:searchClass includeDerived="0">object.container.person.musicArtist</upnp:searchClass><upnp:searchClass includeDerived="0">object.item.audioItem.audioBook</upnp:searchClass>
01:53:12.814 > [D][SoapESP32.cpp:639] soapScanContainer(): function entered, parent id: 1
01:53:12.820 > [D][SoapESP32.cpp:643] soapScanContainer(): id="6"
01:53:12.825 > [D][SoapESP32.cpp:665] soapScanContainer(): childCount="95"
01:53:12.830 > [D][SoapESP32.cpp:677] soapScanContainer(): searchable="1"
01:53:12.835 > [D][SoapESP32.cpp:691] soapScanContainer(): title="Alle Interpreten"
01:53:12.842 > [I][SoapESP32.cpp:700] soapScanContainer(): folder "Alle Interpreten" (id: "6", childCount: 95) added to list
01:53:12.851 > [V][SoapESP32.cpp:938] browseServer(): container attribute (length=66): id="4" restricted="0" parentID="1" childCount="114" searchable="1"
01:53:12.863 > [V][SoapESP32.cpp:939] browseServer(): container (length=493): <dc:title>Alle Musikdateien</dc:title><upnp:class name="object.container">object.container</upnp:class><upnp:writeStatus>NOT_WRITABLE</upnp:writeStatus><upnp:searchClass includeDerived="1">object.item.audioItem</upnp:searchClass><upnp:searchClass includeDerived="0">object.item.audioItem.musicTrack</upnp:searchClass><upnp:searchClass includeDerived="0">object.container.album.musicAlbum</upnp:searchClass><upnp:searchClass includeDerived="0">object.item.audioItem.audioBook</upnp:searchClass>
01:53:12.912 > [D][SoapESP32.cpp:639] soapScanContainer(): function entered, parent id: 1
01:53:12.918 > [D][SoapESP32.cpp:643] soapScanContainer(): id="4"
01:53:12.923 > [D][SoapESP32.cpp:665] soapScanContainer(): childCount="114"
01:53:12.928 > [D][SoapESP32.cpp:677] soapScanContainer(): searchable="1"
01:53:12.933 > [D][SoapESP32.cpp:691] soapScanContainer(): title="Alle Musikdateien"
01:53:12.940 > [I][SoapESP32.cpp:700] soapScanContainer(): folder "Alle Musikdateien" (id: "4", childCount: 114) added to list
01:53:12.950 > [V][SoapESP32.cpp:938] browseServer(): container attribute (length=66): id="101" restricted="1" parentID="1" childCount="5" searchable="1"
01:53:12.962 > [V][SoapESP32.cpp:939] browseServer(): container (length=643): <dc:title>Bewertung</dc:title><upnp:class name="object.container">object.container</upnp:class><upnp:writeStatus>NOT_WRITABLE</upnp:writeStatus><upnp:searchClass includeDerived="0">object.item.audioItem</upnp:searchClass><upnp:searchClass includeDerived="0">object.container</upnp:searchClass><upnp:searchClass includeDerived="0">object.container.storageFolder</upnp:searchClass><upnp:searchClass includeDerived="0">object.item.audioItem.musicTrack</upnp:searchClass><upnp:searchClass includeDerived="0">object.container.album.musicAlbum</upnp:searchClass><upnp:searchClass includeDerived="0">object.item.audioItem.audioBook</upnp:searchClass>
01:53:13.024 > [D][SoapESP32.cpp:639] soapScanContainer(): function entered, parent id: 1
01:53:13.030 > [D][SoapESP32.cpp:643] soapScanContainer(): id="101"
01:53:13.035 > [D][SoapESP32.cpp:665] soapScanContainer(): childCount="5"
01:53:13.040 > [D][SoapESP32.cpp:677] soapScanContainer(): searchable="1"
01:53:13.045 > [D][SoapESP32.cpp:691] soapScanContainer(): title="Bewertung"
01:53:13.051 > [I][SoapESP32.cpp:700] soapScanContainer(): folder "Bewertung" (id: "101", childCount: 5) added to list
01:53:13.060 > [V][SoapESP32.cpp:938] browseServer(): container attribute (length=65): id="5" restricted="1" parentID="1" childCount="18" searchable="1"
01:53:13.072 > [V][SoapESP32.cpp:939] browseServer(): container (length=720): <dc:title>Genre</dc:title><upnp:class name="object.container">object.container</upnp:class><upnp:writeStatus>NOT_WRITABLE</upnp:writeStatus><upnp:searchClass includeDerived="0">object.item.audioItem</upnp:searchClass><upnp:searchClass includeDerived="0">object.container</upnp:searchClass><upnp:searchClass includeDerived="1">object.container.genre</upnp:searchClass><upnp:searchClass includeDerived="0">object.container.genre.musicGenre</upnp:searchClass><upnp:searchClass includeDerived="0">object.item.audioItem.musicTrack</upnp:searchClass><upnp:searchClass includeDerived="0">object.container.album.musicAlbum</upnp:searchClass><upnp:searchClass includeDerived="0">object.item.audioItem.audioBook</upnp:searchClass>
01:53:13.140 > [D][SoapESP32.cpp:639] soapScanContainer(): function entered, parent id: 1
01:53:13.147 > [D][SoapESP32.cpp:643] soapScanContainer(): id="5"
01:53:13.151 > [D][SoapESP32.cpp:665] soapScanContainer(): childCount="18"
01:53:13.157 > [D][SoapESP32.cpp:677] soapScanContainer(): searchable="1"
01:53:13.162 > [D][SoapESP32.cpp:691] soapScanContainer(): title="Genre"
01:53:13.167 > [I][SoapESP32.cpp:700] soapScanContainer(): folder "Genre" (id: "5", childCount: 18) added to list
01:53:13.176 > [V][SoapESP32.cpp:938] browseServer(): container attribute (length=67): id="108" restricted="1" parentID="1" childCount="10" searchable="1"
01:53:13.189 > [V][SoapESP32.cpp:939] browseServer(): container (length=650): <dc:title>Komponisten</dc:title><upnp:class name="object.container">object.container</upnp:class><upnp:writeStatus>NOT_WRITABLE</upnp:writeStatus><upnp:searchClass includeDerived="0">object.item.audioItem</upnp:searchClass><upnp:searchClass includeDerived="0">object.container</upnp:searchClass><upnp:searchClass includeDerived="0">object.item.audioItem.musicTrack</upnp:searchClass><upnp:searchClass includeDerived="0">object.container.album.musicAlbum</upnp:searchClass><upnp:searchClass includeDerived="0">object.container.person.musicArtist</upnp:searchClass><upnp:searchClass includeDerived="0">object.item.audioItem.audioBook</upnp:searchClass>01:53:13.251 > [D][SoapESP32.cpp:639] soapScanContainer(): function entered, parent id: 1
01:53:13.257 > [D][SoapESP32.cpp:643] soapScanContainer(): id="108"
01:53:13.262 > [D][SoapESP32.cpp:665] soapScanContainer(): childCount="10"
01:53:13.267 > [D][SoapESP32.cpp:677] soapScanContainer(): searchable="1"
01:53:13.272 > [D][SoapESP32.cpp:691] soapScanContainer(): title="Komponisten"
01:53:13.278 > [I][SoapESP32.cpp:700] soapScanContainer(): folder "Komponisten" (id: "108", childCount: 10) added to list
01:53:13.288 > [V][SoapESP32.cpp:938] browseServer(): container attribute (length=67): id="100" restricted="1" parentID="1" childCount="95" searchable="1"
01:53:13.301 > [V][SoapESP32.cpp:939] browseServer(): container (length=662): <dc:title>Mitwirkende Interpreten</dc:title><upnp:class name="object.container">object.container</upnp:class><upnp:writeStatus>NOT_WRITABLE</upnp:writeStatus><upnp:searchClass includeDerived="0">object.item.audioItem</upnp:searchClass><upnp:searchClass includeDerived="0">object.container</upnp:searchClass><upnp:searchClass includeDerived="0">object.item.audioItem.musicTrack</upnp:searchClass><upnp:searchClass includeDerived="0">object.container.album.musicAlbum</upnp:searchClass><upnp:searchClass includeDerived="0">object.container.person.musicArtist</upnp:searchClass><upnp:searchClass includeDerived="0">object.item.audioItem.audioBook</upnp:searchClass>
01:53:13.364 > [D][SoapESP32.cpp:639] soapScanContainer(): function entered, parent id: 1
01:53:13.370 > [D][SoapESP32.cpp:643] soapScanContainer(): id="100"
01:53:13.375 > [D][SoapESP32.cpp:665] soapScanContainer(): childCount="95"
01:53:13.380 > [D][SoapESP32.cpp:677] soapScanContainer(): searchable="1"
01:53:13.386 > [D][SoapESP32.cpp:691] soapScanContainer(): title="Mitwirkende Interpreten"
01:53:13.392 > [I][SoapESP32.cpp:700] soapScanContainer(): folder "Mitwirkende Interpreten" (id: "100", childCount: 95) added to list
01:53:13.403 > [V][SoapESP32.cpp:938] browseServer(): container attribute (length=64): id="F" restricted="1" parentID="1" childCount="0" searchable="1"
01:53:13.415 > [V][SoapESP32.cpp:939] browseServer(): container (length=659): <dc:title>Musikwiedergabelisten</dc:title><upnp:class name="object.container">object.container</upnp:class><upnp:writeStatus>NOT_WRITABLE</upnp:writeStatus><upnp:searchClass includeDerived="0">object.container.playlistContainer</upnp:searchClass><upnp:searchClass includeDerived="0">object.item.audioItem</upnp:searchClass><upnp:searchClass includeDerived="0">object.container</upnp:searchClass><upnp:searchClass includeDerived="0">object.item.audioItem.musicTrack</upnp:searchClass><upnp:searchClass includeDerived="0">object.container.album.musicAlbum</upnp:searchClass><upnp:searchClass includeDerived="0">object.item.audioItem.audioBook</upnp:searchClass>
01:53:13.478 > [D][SoapESP32.cpp:639] soapScanContainer(): function entered, parent id: 1
01:53:13.484 > [D][SoapESP32.cpp:643] soapScanContainer(): id="F"
01:53:13.489 > [D][SoapESP32.cpp:665] soapScanContainer(): childCount="0"
01:53:13.494 > [I][SoapESP32.cpp:667] soapScanContainer(): container "F" child count=0
01:53:13.500 > [D][SoapESP32.cpp:677] soapScanContainer(): searchable="1"
01:53:13.505 > [D][SoapESP32.cpp:691] soapScanContainer(): title="Musikwiedergabelisten"
01:53:13.512 > [I][SoapESP32.cpp:700] soapScanContainer(): folder "Musikwiedergabelisten" (id: "F", childCount: 0) added to list
01:53:13.522 > [V][SoapESP32.cpp:938] browseServer(): container attribute (length=65): id="14" restricted="1" parentID="1" childCount="2" searchable="1"
01:53:13.534 > [V][SoapESP32.cpp:939] browseServer(): container (length=640): <dc:title>Ordner</dc:title><upnp:class name="object.container">object.container</upnp:class><upnp:writeStatus>NOT_WRITABLE</upnp:writeStatus><upnp:searchClass includeDerived="0">object.item.audioItem</upnp:searchClass><upnp:searchClass includeDerived="0">object.container</upnp:searchClass><upnp:searchClass includeDerived="0">object.container.storageFolder</upnp:searchClass><upnp:searchClass includeDerived="0">object.item.audioItem.musicTrack</upnp:searchClass><upnp:searchClass includeDerived="0">object.container.album.musicAlbum</upnp:searchClass><upnp:searchClass includeDerived="0">object.item.audioItem.audioBook</upnp:searchClass>
01:53:13.595 > [D][SoapESP32.cpp:639] soapScanContainer(): function entered, parent id: 1
01:53:13.602 > [D][SoapESP32.cpp:643] soapScanContainer(): id="14"
01:53:13.606 > [D][SoapESP32.cpp:665] soapScanContainer(): childCount="2"
01:53:13.612 > [D][SoapESP32.cpp:677] soapScanContainer(): searchable="1"
01:53:13.617 > [D][SoapESP32.cpp:691] soapScanContainer(): title="Ordner"
01:53:13.622 > [I][SoapESP32.cpp:700] soapScanContainer(): folder "Ordner" (id: "14", childCount: 2) added to list
01:53:13.631 > [D][SoapESP32.cpp:959] browseServer(): announced number of folders and/or files: 10
01:53:13.638 > [I][SoapESP32.cpp:975] browseServer(): found 10 folders and 0 files
01:53:13.644 >   Alben/
01:53:13.645 >   Albuminterpreten/
01:53:13.647 >   Alle Interpreten/
01:53:13.648 >   Alle Musikdateien/
01:53:13.651 >   Bewertung/
01:53:13.652 >   Genre/
01:53:13.653 >   Komponisten/
01:53:13.654 >   Mitwirkende Interpreten/
01:53:13.656 >   Musikwiedergabelisten/
01:53:13.659 >   Ordner/
01:53:13.660 > Videos/
01:53:13.660 > [I][SoapESP32.cpp:874] browseServer(): new search on server: "My Media Server", objectId: "2"
01:53:13.669 > [V][SoapESP32.cpp:1277] soapPost(): send request to server:
01:53:13.675 > POST /upnphost/udhisapi.dll?control=uuid:5f8237e2-e279-46e6-91a1-16662dae9ac3+urn:upnp-org:serviceId:ContentDirectory HTTP/1.1
01:53:13.686 > Host: 192.168.1.42:2869
01:53:13.688 > CACHE-CONTROL: no-cache
01:53:13.690 > PRAGMA: no-cache
01:53:13.692 > Connection: close
01:53:13.693 > Content-Length: 439
01:53:13.695 > Content-Type: text/xml; charset="utf-8"
01:53:13.699 > SOAPAction: "urn:schemas-upnp-org:service:ContentDirectory:1#Browse"
01:53:13.705 > User-Agent: ESP32/Player/UPNP1.0
01:53:13.708 >
01:53:13.708 > <s:Envelope xmlns:s="http://schemas.xmlsoap.org/soap/envelope/" s:encodingStyle="http://schemas.xmlsoap.org/soap/encoding/">
01:53:13.719 > <s:Body><u:Browse xmlns:u="urn:schemas-upnp-org:service:ContentDirectory:1">
01:53:13.726 > <ObjectID>2</ObjectID>
01:53:13.729 > <BrowseFlag>BrowseDirectChildren</BrowseFlag>
01:53:13.732 > <Filter>*</Filter>
01:53:13.734 > <StartingIndex>0</StartingIndex>
01:53:13.738 > <RequestedCount>100</RequestedCount>
01:53:13.740 > <SortCriteria></SortCriteria>
01:53:13.743 > </u:Browse>
01:53:13.744 > </s:Body>
01:53:13.745 > </s:Envelope>
01:53:13.746 >
01:53:13.746 >
01:53:13.778 > [I][SoapESP32.cpp:886] browseServer(): connected successfully to server 192.168.1.42:2869
01:53:13.786 > [V][SoapESP32.cpp:310] soapReadHttpHeader(): header line: HTTP/1.1 200 OK
01:53:13.792 > [V][SoapESP32.cpp:323] soapReadHttpHeader(): header line: Content-Length: 8226
01:53:13.799 > [V][SoapESP32.cpp:323] soapReadHttpHeader(): header line: Content-Type: text/xml; charset="utf-8"
01:53:13.808 > [V][SoapESP32.cpp:323] soapReadHttpHeader(): header line: Server: Microsoft-Windows/10.0 UPnP/1.0 UPnP-Device-Host/1.0 Microsoft-HTTPAPI/2.0
01:53:13.819 > [V][SoapESP32.cpp:323] soapReadHttpHeader(): header line: EXT:
01:53:13.826 > [V][SoapESP32.cpp:323] soapReadHttpHeader(): header line: Date: Fri, 21 Jan 2022 00:53:14 GMT
01:53:13.834 > [V][SoapESP32.cpp:323] soapReadHttpHeader(): header line: Connection: close
01:53:13.841 > [V][SoapESP32.cpp:323] soapReadHttpHeader(): header line:
01:53:13.846 > [D][SoapESP32.cpp:345] soapReadHttpHeader(): HTTP-Header ok, trailing content is not chunked, announced size: 8226
01:53:13.856 > [I][SoapESP32.cpp:909] browseServer(): scan answer from media server:
01:53:13.866 > [V][SoapESP32.cpp:938] browseServer(): container attribute (length=64): id="8" restricted="0" parentID="2" childCount="4" searchable="1"
01:53:13.879 > [V][SoapESP32.cpp:939] browseServer(): container (length=490): <dc:title>Alle Videos</dc:title><upnp:class name="object.container">object.container</upnp:class><upnp:writeStatus>NOT_WRITABLE</upnp:writeStatus><upnp:searchClass includeDerived="0">object.item.videoItem.movie</upnp:searchClass><upnp:searchClass includeDerived="0">object.item.videoItem.musicVideoClip</upnp:searchClass><upnp:searchClass includeDerived="1">object.item.videoItem</upnp:searchClass><upnp:searchClass includeDerived="0">object.item.videoItem.videoBroadcast</upnp:searchClass>
01:53:13.927 > [D][SoapESP32.cpp:639] soapScanContainer(): function entered, parent id: 2
01:53:13.934 > [D][SoapESP32.cpp:643] soapScanContainer(): id="8"
01:53:13.938 > [D][SoapESP32.cpp:665] soapScanContainer(): childCount="4"
01:53:13.943 > [D][SoapESP32.cpp:677] soapScanContainer(): searchable="1"
01:53:13.948 > [D][SoapESP32.cpp:691] soapScanContainer(): title="Alle Videos"
01:53:13.954 > [I][SoapESP32.cpp:700] soapScanContainer(): folder "Alle Videos" (id: "8", childCount: 4) added to list
01:53:13.964 > [V][SoapESP32.cpp:938] browseServer(): container attribute (length=66): id="200" restricted="1" parentID="2" childCount="5" searchable="1"
01:53:13.977 > [V][SoapESP32.cpp:939] browseServer(): container (length=646): <dc:title>Bewertung</dc:title><upnp:class name="object.container">object.container</upnp:class><upnp:writeStatus>NOT_WRITABLE</upnp:writeStatus><upnp:searchClass includeDerived="0">object.item.videoItem.movie</upnp:searchClass><upnp:searchClass includeDerived="0">object.container</upnp:searchClass><upnp:searchClass includeDerived="0">object.item.videoItem.musicVideoClip</upnp:searchClass><upnp:searchClass includeDerived="0">object.item.videoItem</upnp:searchClass><upnp:searchClass includeDerived="0">object.container.storageFolder</upnp:searchClass><upnp:searchClass includeDerived="0">object.item.videoItem.videoBroadcast</upnp:searchClass>
01:53:14.039 > [D][SoapESP32.cpp:639] soapScanContainer(): function entered, parent id: 2
01:53:14.045 > [D][SoapESP32.cpp:643] soapScanContainer(): id="200"
01:53:14.050 > [D][SoapESP32.cpp:665] soapScanContainer(): childCount="5"
01:53:14.055 > [D][SoapESP32.cpp:677] soapScanContainer(): searchable="1"
01:53:14.060 > [D][SoapESP32.cpp:691] soapScanContainer(): title="Bewertung"
01:53:14.066 > [I][SoapESP32.cpp:700] soapScanContainer(): folder "Bewertung" (id: "200", childCount: 5) added to list
01:53:14.075 > [V][SoapESP32.cpp:938] browseServer(): container attribute (length=65): id="15" restricted="1" parentID="2" childCount="2" searchable="1"
01:53:14.087 > [V][SoapESP32.cpp:939] browseServer(): container (length=643): <dc:title>Ordner</dc:title><upnp:class name="object.container">object.container</upnp:class><upnp:writeStatus>NOT_WRITABLE</upnp:writeStatus><upnp:searchClass includeDerived="0">object.item.videoItem.movie</upnp:searchClass><upnp:searchClass includeDerived="0">object.container</upnp:searchClass><upnp:searchClass includeDerived="0">object.item.videoItem.musicVideoClip</upnp:searchClass><upnp:searchClass includeDerived="0">object.item.videoItem</upnp:searchClass><upnp:searchClass includeDerived="0">object.container.storageFolder</upnp:searchClass><upnp:searchClass includeDerived="0">object.item.videoItem.videoBroadcast</upnp:searchClass>
01:53:14.149 > [D][SoapESP32.cpp:639] soapScanContainer(): function entered, parent id: 2
01:53:14.155 > [D][SoapESP32.cpp:643] soapScanContainer(): id="15"
01:53:14.160 > [D][SoapESP32.cpp:665] soapScanContainer(): childCount="2"
01:53:14.165 > [D][SoapESP32.cpp:677] soapScanContainer(): searchable="1"
01:53:14.170 > [D][SoapESP32.cpp:691] soapScanContainer(): title="Ordner"
01:53:14.176 > [I][SoapESP32.cpp:700] soapScanContainer(): folder "Ordner" (id: "15", childCount: 2) added to list
01:53:14.184 > [V][SoapESP32.cpp:938] browseServer(): container attribute (length=64): id="E" restricted="1" parentID="2" childCount="3" searchable="1"
01:53:14.196 > [V][SoapESP32.cpp:939] browseServer(): container (length=724): <dc:title>Serien</dc:title><upnp:class name="object.container">object.container</upnp:class><upnp:writeStatus>NOT_WRITABLE</upnp:writeStatus><upnp:searchClass includeDerived="0">object.item.videoItem.movie</upnp:searchClass><upnp:searchClass includeDerived="0">object.container</upnp:searchClass><upnp:searchClass includeDerived="0">object.item.videoItem.musicVideoClip</upnp:searchClass><upnp:searchClass includeDerived="0">object.item.videoItem</upnp:searchClass><upnp:searchClass includeDerived="0">object.container.album.videoAlbum</upnp:searchClass><upnp:searchClass includeDerived="0">object.item.videoItem.videoBroadcast</upnp:searchClass><upnp:searchClass includeDerived="1">object.container.album</upnp:searchClass>
01:53:14.265 > [D][SoapESP32.cpp:639] soapScanContainer(): function entered, parent id: 2
01:53:14.271 > [D][SoapESP32.cpp:643] soapScanContainer(): id="E"
01:53:14.276 > [D][SoapESP32.cpp:665] soapScanContainer(): childCount="3"
01:53:14.281 > [D][SoapESP32.cpp:677] soapScanContainer(): searchable="1"
01:53:14.286 > [D][SoapESP32.cpp:691] soapScanContainer(): title="Serien"
01:53:14.292 > [I][SoapESP32.cpp:700] soapScanContainer(): folder "Serien" (id: "E", childCount: 3) added to list
01:53:14.305 > [V][SoapESP32.cpp:938] browseServer(): container attribute (length=65): id="18" restricted="1" parentID="2" childCount="7" searchable="1"
01:53:14.317 > [V][SoapESP32.cpp:939] browseServer(): container (length=988): <dc:title>TV-Aufzeichnung</dc:title><upnp:class name="object.container">object.container</upnp:class><upnp:writeStatus>NOT_WRITABLE</upnp:writeStatus><upnp:searchClass includeDerived="0">object.container.playlistContainer</upnp:searchClass><upnp:searchClass includeDerived="0">object.item.videoItem.movie</upnp:searchClass><upnp:searchClass includeDerived="0">object.container.person.movieActor</upnp:searchClass><upnp:searchClass includeDerived="0">object.container</upnp:searchClass><upnp:searchClass includeDerived="1">object.item.videoItem</upnp:searchClass><upnp:searchClass includeDerived="1">object.container.genre</upnp:searchClass><upnp:searchClass includeDerived="0">object.item.videoItem.musicVideoClip</upnp:searchClass><upnp:searchClass includeDerived="0">object.container.storageFolder</upnp:searchClass><upnp:searchClass includeDerived="0">object.item.videoItem.videoBroadcast</upnp:searchClass><upnp:searchClass includeDerived="1">object.container.album</upnp:searchClass>
01:53:14.409 > [D][SoapESP32.cpp:639] soapScanContainer(): function entered, parent id: 2
01:53:14.415 > [D][SoapESP32.cpp:643] soapScanContainer(): id="18"
01:53:14.420 > [D][SoapESP32.cpp:665] soapScanContainer(): childCount="7"
01:53:14.425 > [D][SoapESP32.cpp:677] soapScanContainer(): searchable="1"
01:53:14.430 > [D][SoapESP32.cpp:691] soapScanContainer(): title="TV-Aufzeichnung"
01:53:14.436 > [I][SoapESP32.cpp:700] soapScanContainer(): folder "TV-Aufzeichnung" (id: "18", childCount: 7) added to list
01:53:14.449 > [V][SoapESP32.cpp:938] browseServer(): container attribute (length=64): id="9" restricted="1" parentID="2" childCount="2" searchable="1"
01:53:14.461 > [V][SoapESP32.cpp:939] browseServer(): container (length=729): <dc:title>Videogenres</dc:title><upnp:class name="object.container">object.container</upnp:class><upnp:writeStatus>NOT_WRITABLE</upnp:writeStatus><upnp:searchClass includeDerived="0">object.item.videoItem.movie</upnp:searchClass><upnp:searchClass includeDerived="0">object.container</upnp:searchClass><upnp:searchClass includeDerived="1">object.container.genre</upnp:searchClass><upnp:searchClass includeDerived="0">object.item.videoItem.musicVideoClip</upnp:searchClass><upnp:searchClass includeDerived="0">object.item.videoItem</upnp:searchClass><upnp:searchClass includeDerived="0">object.item.videoItem.videoBroadcast</upnp:searchClass><upnp:searchClass includeDerived="0">object.container.genre.movieGenre</upnp:searchClass>
01:53:14.530 > [D][SoapESP32.cpp:639] soapScanContainer(): function entered, parent id: 2
01:53:14.537 > [D][SoapESP32.cpp:643] soapScanContainer(): id="9"
01:53:14.541 > [D][SoapESP32.cpp:665] soapScanContainer(): childCount="2"
01:53:14.547 > [D][SoapESP32.cpp:677] soapScanContainer(): searchable="1"
01:53:14.552 > [D][SoapESP32.cpp:691] soapScanContainer(): title="Videogenres"
01:53:14.558 > [I][SoapESP32.cpp:700] soapScanContainer(): folder "Videogenres" (id: "9", childCount: 2) added to list
01:53:14.567 > [V][SoapESP32.cpp:938] browseServer(): container attribute (length=64): id="A" restricted="1" parentID="2" childCount="1" searchable="1"
01:53:14.579 > [V][SoapESP32.cpp:939] browseServer(): container (length=658): <dc:title>Videoschauspieler</dc:title><upnp:class name="object.container">object.container</upnp:class><upnp:writeStatus>NOT_WRITABLE</upnp:writeStatus><upnp:searchClass includeDerived="0">object.item.videoItem.movie</upnp:searchClass><upnp:searchClass includeDerived="0">object.container.person.movieActor</upnp:searchClass><upnp:searchClass includeDerived="0">object.container</upnp:searchClass><upnp:searchClass includeDerived="0">object.item.videoItem.musicVideoClip</upnp:searchClass><upnp:searchClass includeDerived="0">object.item.videoItem</upnp:searchClass><upnp:searchClass includeDerived="0">object.item.videoItem.videoBroadcast</upnp:searchClass>
01:53:14.641 > [D][SoapESP32.cpp:639] soapScanContainer(): function entered, parent id: 2
01:53:14.648 > [D][SoapESP32.cpp:643] soapScanContainer(): id="A"
01:53:14.653 > [D][SoapESP32.cpp:665] soapScanContainer(): childCount="1"
01:53:14.658 > [D][SoapESP32.cpp:677] soapScanContainer(): searchable="1"
01:53:14.663 > [D][SoapESP32.cpp:691] soapScanContainer(): title="Videoschauspieler"
01:53:14.669 > [I][SoapESP32.cpp:700] soapScanContainer(): folder "Videoschauspieler" (id: "A", childCount: 1) added to list
01:53:14.679 > [V][SoapESP32.cpp:938] browseServer(): container attribute (length=65): id="10" restricted="1" parentID="2" childCount="0" searchable="1"
01:53:14.691 > [V][SoapESP32.cpp:939] browseServer(): container (length=662): <dc:title>Videowiedergabelisten</dc:title><upnp:class name="object.container">object.container</upnp:class><upnp:writeStatus>NOT_WRITABLE</upnp:writeStatus><upnp:searchClass includeDerived="0">object.container.playlistContainer</upnp:searchClass><upnp:searchClass includeDerived="0">object.item.videoItem.movie</upnp:searchClass><upnp:searchClass includeDerived="0">object.container</upnp:searchClass><upnp:searchClass includeDerived="0">object.item.videoItem.musicVideoClip</upnp:searchClass><upnp:searchClass includeDerived="0">object.item.videoItem</upnp:searchClass><upnp:searchClass includeDerived="0">object.item.videoItem.videoBroadcast</upnp:searchClass>
01:53:14.754 > [D][SoapESP32.cpp:639] soapScanContainer(): function entered, parent id: 2
01:53:14.761 > [D][SoapESP32.cpp:643] soapScanContainer(): id="10"
01:53:14.765 > [D][SoapESP32.cpp:665] soapScanContainer(): childCount="0"
01:53:14.770 > [I][SoapESP32.cpp:667] soapScanContainer(): container "10" child count=0
01:53:14.777 > [D][SoapESP32.cpp:677] soapScanContainer(): searchable="1"
01:53:14.782 > [D][SoapESP32.cpp:691] soapScanContainer(): title="Videowiedergabelisten"
01:53:14.788 > [I][SoapESP32.cpp:700] soapScanContainer(): folder "Videowiedergabelisten" (id: "10", childCount: 0) added to list
01:53:14.799 > [D][SoapESP32.cpp:959] browseServer(): announced number of folders and/or files: 8
01:53:14.806 > [I][SoapESP32.cpp:975] browseServer(): found 8 folders and 0 files
01:53:14.812 >   Alle Videos/
01:53:14.813 >   Bewertung/
01:53:14.814 >   Ordner/
01:53:14.815 >   Serien/
01:53:14.816 >   TV-Aufzeichnung/
01:53:14.818 >   Videogenres/
01:53:14.819 >   Videoschauspieler/
01:53:14.821 >   Videowiedergabelisten/
01:53:14.823 > Wiedergabelisten/
01:53:14.825 > [I][SoapESP32.cpp:874] browseServer(): new search on server: "My Media Server", objectId: "12"
01:53:14.833 > [V][SoapESP32.cpp:1277] soapPost(): send request to server:
01:53:14.839 > POST /upnphost/udhisapi.dll?control=uuid:5f8237e2-e279-46e6-91a1-16662dae9ac3+urn:upnp-org:serviceId:ContentDirectory HTTP/1.1
01:53:14.850 > Host: 192.168.1.42:2869
01:53:14.852 > CACHE-CONTROL: no-cache
01:53:14.854 > PRAGMA: no-cache
01:53:14.856 > Connection: close
01:53:14.857 > Content-Length: 440
01:53:14.859 > Content-Type: text/xml; charset="utf-8"
01:53:14.863 > SOAPAction: "urn:schemas-upnp-org:service:ContentDirectory:1#Browse"
01:53:14.869 > User-Agent: ESP32/Player/UPNP1.0
01:53:14.872 >
01:53:14.872 > <s:Envelope xmlns:s="http://schemas.xmlsoap.org/soap/envelope/" s:encodingStyle="http://schemas.xmlsoap.org/soap/encoding/">
01:53:14.883 > <s:Body><u:Browse xmlns:u="urn:schemas-upnp-org:service:ContentDirectory:1">
01:53:14.890 > <ObjectID>12</ObjectID>
01:53:14.892 > <BrowseFlag>BrowseDirectChildren</BrowseFlag>
01:53:14.895 > <Filter>*</Filter>
01:53:14.897 > <StartingIndex>0</StartingIndex>
01:53:14.900 > <RequestedCount>100</RequestedCount>
01:53:14.904 > <SortCriteria></SortCriteria>
01:53:14.907 > </u:Browse>
01:53:14.907 > </s:Body>
01:53:14.909 > </s:Envelope>
01:53:14.910 >
01:53:14.910 >
01:53:14.913 > [I][SoapESP32.cpp:886] browseServer(): connected successfully to server 192.168.1.42:2869
01:53:14.921 > [V][SoapESP32.cpp:310] soapReadHttpHeader(): header line: HTTP/1.1 200 OK
01:53:14.929 > [V][SoapESP32.cpp:323] soapReadHttpHeader(): header line: Content-Length: 2762
01:53:14.935 > [V][SoapESP32.cpp:323] soapReadHttpHeader(): header line: Content-Type: text/xml; charset="utf-8"
01:53:14.943 > [V][SoapESP32.cpp:323] soapReadHttpHeader(): header line: Server: Microsoft-Windows/10.0 UPnP/1.0 UPnP-Device-Host/1.0 Microsoft-HTTPAPI/2.0
01:53:14.956 > [V][SoapESP32.cpp:323] soapReadHttpHeader(): header line: EXT: 
01:53:14.961 > [V][SoapESP32.cpp:323] soapReadHttpHeader(): header line: Date: Fri, 21 Jan 2022 00:53:15 GMT
01:53:14.971 > [V][SoapESP32.cpp:323] soapReadHttpHeader(): header line: Connection: close
01:53:14.976 > [V][SoapESP32.cpp:323] soapReadHttpHeader(): header line:
01:53:14.983 > [D][SoapESP32.cpp:345] soapReadHttpHeader(): HTTP-Header ok, trailing content is not chunked, announced size: 2762
01:53:14.993 > [I][SoapESP32.cpp:909] browseServer(): scan answer from media server:
01:53:15.009 > [V][SoapESP32.cpp:938] browseServer(): container attribute (length=66): id="13" restricted="1" parentID="12" childCount="0" searchable="1"
01:53:15.022 > [V][SoapESP32.cpp:939] browseServer(): container (length=1074): <dc:title>Alle Wiedergabelisten</dc:title><upnp:class name="object.container">object.container</upnp:class><upnp:writeStatus>NOT_WRITABLE</upnp:writeStatus><upnp:searchClass includeDerived="0">object.item.audioItem</upnp:searchClass><upnp:searchClass includeDerived="0">object.container.playlistContainer</upnp:searchClass><upnp:searchClass includeDerived="0">object.item.imageItem.photo</upnp:searchClass><upnp:searchClass includeDerived="0">object.item.videoItem.movie</upnp:searchClass><upnp:searchClass includeDerived="0">object.container</upnp:searchClass><upnp:searchClass includeDerived="0">object.item.videoItem</upnp:searchClass><upnp:searchClass includeDerived="0">object.item.videoItem.musicVideoClip</upnp:searchClass><upnp:searchClass includeDerived="0">object.item.videoItem.videoBroadcast</upnp:searchClass><upnp:searchClass includeDerived="0">object.item.audioItem.musicTrack</upnp:searchClass><upnp:searchClass includeDerived="0">object.item.imageItem</upnp:searchClass><upnp:searchClass includeDerived="0">object.item.audioItem.audioBook</upnp:searchClass>
01:53:15.120 > [D][SoapESP32.cpp:639] soapScanContainer(): function entered, parent id: 12
01:53:15.126 > [D][SoapESP32.cpp:643] soapScanContainer(): id="13"
01:53:15.131 > [D][SoapESP32.cpp:665] soapScanContainer(): childCount="0"
01:53:15.136 > [I][SoapESP32.cpp:667] soapScanContainer(): container "13" child count=0
01:53:15.144 > [D][SoapESP32.cpp:677] soapScanContainer(): searchable="1"
01:53:15.149 > [D][SoapESP32.cpp:691] soapScanContainer(): title="Alle Wiedergabelisten"
01:53:15.155 > [I][SoapESP32.cpp:700] soapScanContainer(): folder "Alle Wiedergabelisten" (id: "13", childCount: 0) added to list
01:53:15.165 > [V][SoapESP32.cpp:938] browseServer(): container attribute (length=66): id="17" restricted="1" parentID="12" childCount="0" searchable="1"
01:53:15.177 > [V][SoapESP32.cpp:939] browseServer(): container (length=299): <dc:title>Ordner</dc:title><upnp:class name="object.container">object.container</upnp:class><upnp:writeStatus>NOT_WRITABLE</upnp:writeStatus><upnp:searchClass includeDerived="0">object.container</upnp:searchClass><upnp:searchClass includeDerived="0">object.container.storageFolder</upnp:searchClass>
01:53:15.209 > [D][SoapESP32.cpp:639] soapScanContainer(): function entered, parent id: 12
01:53:15.216 > [D][SoapESP32.cpp:643] soapScanContainer(): id="17"
01:53:15.221 > [D][SoapESP32.cpp:665] soapScanContainer(): childCount="0"
01:53:15.226 > [I][SoapESP32.cpp:667] soapScanContainer(): container "17" child count=0
01:53:15.232 > [D][SoapESP32.cpp:677] soapScanContainer(): searchable="1"
01:53:15.237 > [D][SoapESP32.cpp:691] soapScanContainer(): title="Ordner"
01:53:15.243 > [I][SoapESP32.cpp:700] soapScanContainer(): folder "Ordner" (id: "17", childCount: 0) added to list
01:53:15.251 > [D][SoapESP32.cpp:959] browseServer(): announced number of folders and/or files: 2
01:53:15.259 > [I][SoapESP32.cpp:975] browseServer(): found 2 folders and 0 files
01:53:15.264 >   Alle Wiedergabelisten/
01:53:15.266 >   Ordner/
01:53:15.268 >
01:53:15.268 > Sketch finished.