16:13:33.392 > Connecting to WiFi network ......
16:13:35.974 > Connected successfully. IP address: 192.168.1.37
16:13:35.978 >
16:13:35.978 > Scanning local network for DLNA media servers...
16:13:35.982 > [I][SoapESP32.cpp:472] seekServer(): SSDP search for media servers started
16:13:39.990 > [I][SoapESP32.cpp:475] seekServer(): SSDP query discovered 7 media servers
16:13:39.997 > [I][SoapESP32.cpp:478] seekServer(): checking all discovered media servers for service ContentDirectory
16:13:40.015 > [I][SoapESP32.cpp:492] seekServer(): connected successfully to server 192.168.1.42:5001
16:13:40.029 > [I][SoapESP32.cpp:549] seekServer(): ok, this server delivers media content
16:13:40.049 > [I][SoapESP32.cpp:492] seekServer(): connected successfully to server 192.168.1.42:1557
16:13:40.066 > [I][SoapESP32.cpp:549] seekServer(): ok, this server delivers media content
16:13:40.102 > [I][SoapESP32.cpp:492] seekServer(): connected successfully to server 192.168.1.50:9050
16:13:40.114 > [I][SoapESP32.cpp:549] seekServer(): ok, this server delivers media content
16:13:40.138 > [I][SoapESP32.cpp:492] seekServer(): connected successfully to server 192.168.1.42:2869
16:13:40.156 > [I][SoapESP32.cpp:549] seekServer(): ok, this server delivers media content
16:13:40.198 > [I][SoapESP32.cpp:492] seekServer(): connected successfully to server 192.168.1.42:8895
16:13:40.211 > [I][SoapESP32.cpp:549] seekServer(): ok, this server delivers media content
16:13:40.249 > [I][SoapESP32.cpp:492] seekServer(): connected successfully to server 192.168.1.11:55247
16:13:40.266 > [I][SoapESP32.cpp:549] seekServer(): ok, this server delivers media content
16:13:40.297 > [I][SoapESP32.cpp:492] seekServer(): connected successfully to server 192.168.1.42:8096
16:13:40.314 > [I][SoapESP32.cpp:549] seekServer(): ok, this server delivers media content  
16:13:40.320 > Number of discovered servers that deliver content: 7
16:13:40.325 >
16:13:40.325 > Server[0]: IP address: 192.168.1.42, port: 5001, name: Universal Media Server
16:13:40.332 > [I][SoapESP32.cpp:866] browseServer(): new search on server: "Universal Media Server", objectId: "0"
16:13:40.599 > [I][SoapESP32.cpp:878] browseServer(): connected successfully to server 192.168.1.42:5001
16:13:40.608 > [I][SoapESP32.cpp:901] browseServer(): scan answer from media server:
16:13:40.633 > [W][SoapESP32.cpp:622] soapScanAttribute(): attribute: "searchable=" missing.
16:13:40.641 > [W][SoapESP32.cpp:668] soapScanContainer(): attribute "searchable=" is missing, we set it true
16:13:40.649 > [I][SoapESP32.cpp:695] soapScanContainer(): folder "Music" (id: "201", childCount: 1) added to list
16:13:40.667 > [W][SoapESP32.cpp:622] soapScanAttribute(): attribute: "searchable=" missing.
16:13:40.675 > [W][SoapESP32.cpp:668] soapScanContainer(): attribute "searchable=" is missing, we set it true
16:13:40.683 > [I][SoapESP32.cpp:695] soapScanContainer(): folder "Videos" (id: "202", childCount: 1) added to list
16:13:40.698 > [W][SoapESP32.cpp:622] soapScanAttribute(): attribute: "searchable=" missing.
16:13:40.706 > [W][SoapESP32.cpp:668] soapScanContainer(): attribute "searchable=" is missing, we set it true
16:13:40.714 > [I][SoapESP32.cpp:695] soapScanContainer(): folder "Web" (id: "203", childCount: 2) added to list
16:13:40.723 > [I][SoapESP32.cpp:967] browseServer(): found 3 folders and 0 files
16:13:40.729 > Browsing root directory. Number of sub-directories: 3
16:13:40.733 >  Music (child count: 1) 
16:13:40.736 >  Videos (child count: 1)
16:13:40.738 >  Web (child count: 2)   
16:13:40.740 >
16:13:40.740 > Server[1]: IP address: 192.168.1.42, port: 1557, name: Kodi (Virtual-Win10)
16:13:40.747 > [I][SoapESP32.cpp:866] browseServer(): new search on server: "Kodi (Virtual-Win10)", objectId: "0"
16:13:40.783 > [I][SoapESP32.cpp:878] browseServer(): connected successfully to server 192.168.1.42:1557
16:13:40.791 > [I][SoapESP32.cpp:901] browseServer(): scan answer from media server:
16:13:40.800 > [W][SoapESP32.cpp:622] soapScanAttribute(): attribute: "childCount=" missing.
16:13:40.808 > [I][SoapESP32.cpp:675] soapScanContainer(): "musicdb://" attribute searchable=0
16:13:40.815 > [I][SoapESP32.cpp:695] soapScanContainer(): folder "Music Library" (id: "musicdb://", childCount: 0) added to list
16:13:40.825 > [W][SoapESP32.cpp:622] soapScanAttribute(): attribute: "childCount=" missing.
16:13:40.832 > [I][SoapESP32.cpp:675] soapScanContainer(): "library://video/" attribute searchable=0
16:13:40.839 > [I][SoapESP32.cpp:695] soapScanContainer(): folder "Video Library" (id: "library://video/", childCount: 0) added to list
16:13:40.850 > [I][SoapESP32.cpp:967] browseServer(): found 2 folders and 0 files
16:13:40.856 > Browsing root directory. Number of sub-directories: 2
16:13:40.861 >  Music Library (child count: missing)
16:13:40.864 >  Video Library (child count: missing)
16:13:40.867 >
16:13:40.867 > Server[2]: IP address: 192.168.1.50, port: 9050, name: LINKSTATION2b: LinkStation
16:13:40.875 > [I][SoapESP32.cpp:866] browseServer(): new search on server: "LINKSTATION2b: LinkStation", objectId: "0"
16:13:40.920 > [I][SoapESP32.cpp:878] browseServer(): connected successfully to server 192.168.1.50:9050
16:13:40.929 > [I][SoapESP32.cpp:901] browseServer(): scan answer from media server:
16:13:40.936 > [I][SoapESP32.cpp:695] soapScanContainer(): folder "Music" (id: "0$1", childCount: 11) added to list
16:13:40.944 > [I][SoapESP32.cpp:695] soapScanContainer(): folder "Photos" (id: "0$2", childCount: 8) added to list
16:13:40.953 > [I][SoapESP32.cpp:695] soapScanContainer(): folder "Videos" (id: "0$3", childCount: 7) added to list
16:13:40.962 > [I][SoapESP32.cpp:967] browseServer(): found 3 folders and 0 files
16:13:40.968 > Browsing root directory. Number of sub-directories: 3
16:13:40.973 >  Music (child count: 11)
16:13:40.975 >  Photos (child count: 8)
16:13:40.977 >  Videos (child count: 7)
16:13:40.980 >
16:13:40.980 > Server[3]: IP address: 192.168.1.42, port: 2869, name: VIRTUAL-WIN10: MediaPlayerVM:
16:13:40.987 > [I][SoapESP32.cpp:866] browseServer(): new search on server: "VIRTUAL-WIN10: MediaPlayerVM:", objectId: "0"
16:13:41.015 > [I][SoapESP32.cpp:878] browseServer(): connected successfully to server 192.168.1.42:2869
16:13:41.024 > [I][SoapESP32.cpp:901] browseServer(): scan answer from media server:
16:13:41.040 > [I][SoapESP32.cpp:695] soapScanContainer(): folder "Bilder" (id: "3", childCount: 7) added to list
16:13:41.055 > [I][SoapESP32.cpp:695] soapScanContainer(): folder "Musik" (id: "1", childCount: 10) added to list
16:13:41.070 > [I][SoapESP32.cpp:695] soapScanContainer(): folder "Videos" (id: "2", childCount: 8) added to list
16:13:41.083 > [I][SoapESP32.cpp:695] soapScanContainer(): folder "Wiedergabelisten" (id: "12", childCount: 2) added to list
16:13:41.095 > [I][SoapESP32.cpp:967] browseServer(): found 4 folders and 0 files
16:13:41.100 > Browsing root directory. Number of sub-directories: 4
16:13:41.105 >  Bilder (child count: 7)
16:13:41.107 >  Musik (child count: 10)
16:13:41.109 >  Videos (child count: 8)
16:13:41.111 >  Wiedergabelisten (child count: 2)
16:13:41.114 >
16:13:41.114 > Server[4]: IP address: 192.168.1.42, port: 8895, name: Serviio (Virtual-Win10)
16:13:41.121 > [I][SoapESP32.cpp:866] browseServer(): new search on server: "Serviio (Virtual-Win10)", objectId: "0"
16:13:41.153 > [I][SoapESP32.cpp:878] browseServer(): connected successfully to server 192.168.1.42:8895
16:13:41.161 > [I][SoapESP32.cpp:901] browseServer(): scan answer from media server:
16:13:41.168 > [I][SoapESP32.cpp:675] soapScanContainer(): "A" attribute searchable=0
16:13:41.174 > [I][SoapESP32.cpp:695] soapScanContainer(): folder "Audio" (id: "A", childCount: 10) added to list
16:13:41.183 > [I][SoapESP32.cpp:675] soapScanContainer(): "I" attribute searchable=0
16:13:41.189 > [I][SoapESP32.cpp:695] soapScanContainer(): folder "Image" (id: "I", childCount: 5) added to list
16:13:41.197 > [I][SoapESP32.cpp:675] soapScanContainer(): "V" attribute searchable=0
16:13:41.204 > [I][SoapESP32.cpp:695] soapScanContainer(): folder "Video" (id: "V", childCount: 7) added to list
16:13:41.212 > [I][SoapESP32.cpp:967] browseServer(): found 3 folders and 0 files
16:13:41.218 > Browsing root directory. Number of sub-directories: 3
16:13:41.223 >  Audio (child count: 10)
16:13:41.225 >  Image (child count: 5)
16:13:41.227 >  Video (child count: 7)
16:13:41.229 >
16:13:41.230 > Server[5]: IP address: 192.168.1.11, port: 55247, name: LINKSTATION2 [LinkStation Media Server]
16:13:41.237 > [I][SoapESP32.cpp:866] browseServer(): new search on server: "LINKSTATION2 [LinkStation Media Server]", objectId: "0"
16:13:41.407 > [I][SoapESP32.cpp:878] browseServer(): connected successfully to server 192.168.1.11:55247
16:13:41.416 > [I][SoapESP32.cpp:901] browseServer(): scan answer from media server:
16:13:41.422 > [I][SoapESP32.cpp:695] soapScanContainer(): folder "Video" (id: "CAT-VIDEO", childCount: 8) added to list
16:13:41.432 > [I][SoapESP32.cpp:695] soapScanContainer(): folder "Music" (id: "CAT-AUDIO", childCount: 9) added to list
16:13:41.440 > [I][SoapESP32.cpp:695] soapScanContainer(): folder "Photos" (id: "CAT-IMAGE", childCount: 7) added to list
16:13:41.449 > [I][SoapESP32.cpp:695] soapScanContainer(): folder "Folders" (id: "FS-Folder", childCount: 2) added to list
16:13:41.460 > [I][SoapESP32.cpp:967] browseServer(): found 4 folders and 0 files
16:13:41.466 > Browsing root directory. Number of sub-directories: 4
16:13:41.469 >  Video (child count: 8)
16:13:41.473 >  Music (child count: 9)
16:13:41.475 >  Photos (child count: 7)
16:13:41.477 >  Folders (child count: 2)
16:13:41.478 >
16:13:41.479 > Server[6]: IP address: 192.168.1.42, port: 8096, name: Jellyfin - VIRTUAL-WIN10
16:13:41.487 > [I][SoapESP32.cpp:866] browseServer(): new search on server: "Jellyfin - VIRTUAL-WIN10", objectId: "0"
16:13:41.528 > [I][SoapESP32.cpp:878] browseServer(): connected successfully to server 192.168.1.42:8096
16:13:41.537 > [I][SoapESP32.cpp:901] browseServer(): scan answer from media server:
16:13:41.569 > [I][SoapESP32.cpp:695] soapScanContainer(): folder "Movies" (id: "f137a2dd21bbc1b99aa5c0f6bf02a805", childCount: 6) added to list
16:13:41.593 > [I][SoapESP32.cpp:695] soapScanContainer(): folder "Music" (id: "7e64e319657a9516ec78490da03edccb", childCount: 10) added to list
16:13:41.605 > [I][SoapESP32.cpp:967] browseServer(): found 2 folders and 0 files
16:13:41.611 > Browsing root directory. Number of sub-directories: 2
16:13:41.616 >  Movies (child count: 6)
16:13:41.618 >  Music (child count: 10)
16:13:41.621 >
16:13:41.621 >
16:13:41.621 > Sketch finished.