01:36:31.767 > Initializing Ethernet...DHCP ok.
01:36:35.602 > Local IP: 192.168.1.45
01:36:35.604 >
01:36:35.604 > Scanning local network for DLNA media servers...
01:36:35.609 > [  4751][I][SoapESP32.cpp:478] seekServer(): SSDP search for media servers started
01:36:39.609 > [  8758][I][SoapESP32.cpp:481] seekServer(): SSDP query discovered 1 media servers
01:36:39.615 > [  8759][I][SoapESP32.cpp:484] seekServer(): checking all discovered media servers for service ContentDirectory
01:36:39.625 > [  8767][I][SoapESP32.cpp:498] seekServer(): connected successfully to server 192.168.1.11:8200
01:36:39.650 > [  8800][I][SoapESP32.cpp:555] seekServer(): ok, this server delivers media content
01:36:39.658 > Number of discovered servers that deliver content: 1
01:36:39.663 >
01:36:39.663 > Server[0]: IP address: 192.168.1.11, port: 8200, name: QNAP-TS-253D     
01:36:39.669 > [  8808][I][SoapESP32.cpp:880] browseServer(): new search on server: "QNAP-TS-253D", objectId: "0"
01:36:39.678 > [  8820][I][SoapESP32.cpp:892] browseServer(): connected successfully to server 192.168.1.11:8200 
01:36:39.687 > [  8828][I][SoapESP32.cpp:915] browseServer(): scan answer from media server:        
01:36:39.695 > [  8846][I][SoapESP32.cpp:628] soapScanAttribute(): attribute: "searchable=" missing.
01:36:39.703 > [  8846][W][SoapESP32.cpp:679] soapScanContainer(): attribute "searchable=" is missing, we set it true   
01:36:39.712 > [  8852][I][SoapESP32.cpp:706] soapScanContainer(): folder "Music" (id: "1", childCount: 4) added to list
01:36:39.722 > [  8866][I][SoapESP32.cpp:628] soapScanAttribute(): attribute: "searchable=" missing.
01:36:39.729 > [  8868][W][SoapESP32.cpp:679] soapScanContainer(): attribute "searchable=" is missing, we set it true
01:36:39.731 > [  8877][I][SoapESP32.cpp:706] soapScanContainer(): folder "Videos" (id: "2", childCount: 3) added to list
01:36:39.748 > [  8892][I][SoapESP32.cpp:628] soapScanAttribute(): attribute: "searchable=" missing.
01:36:39.756 > [  8894][W][SoapESP32.cpp:679] soapScanContainer(): attribute "searchable=" is missing, we set it true    
01:36:39.765 > [  8903][I][SoapESP32.cpp:706] soapScanContainer(): folder "Photos" (id: "3", childCount: 2) added to list
01:36:39.775 > [  8917][I][SoapESP32.cpp:981] browseServer(): found 3 folders and 0 files
01:36:39.781 > Browsing root directory. Number of sub-directories: 3
01:36:39.785 >  Music (child count: 4)
01:36:39.787 >  Videos (child count: 3)
01:36:39.789 >  Photos (child count: 2)
01:36:39.792 >
01:36:39.792 >
01:36:39.792 > Sketch finished.