01:29:00.358 > Initializing Ethernet...DHCP ok.
01:29:00.358 > Local IP: 192.168.1.45
01:29:00.358 >
01:29:00.358 > ----> server content follows:
01:29:01.457 > Music Library/
01:29:01.710 >   Genres/
01:29:01.735 >   Artists/
01:29:01.803 >     Anastacia/
01:29:01.865 >       Car-CD 1/
01:29:01.867 >     Ben Harper/
01:29:01.928 >       Car-CD 1/
01:29:01.930 >   Albums/      
01:29:02.020 >     Car-CD 1/
01:29:02.099 >       Sick And Tired   item size: missing, audio
01:29:02.104 >     Car-CD 1/
01:29:02.177 >       Excuse me Mr.   item size: missing, audio
01:29:02.182 >   Songs/
01:29:02.300 >     Sick And Tired   item size: missing, audio
01:29:02.305 >     Excuse me Mr.   item size: missing, audio 
01:29:02.309 >   Years/
01:29:02.325 >   Top 100/
01:29:02.387 >     Top 100 songs/
01:29:02.412 >     Top 100 albums/
01:29:02.639 >   Recently added albums/
01:29:02.720 >     Car-CD 1/
01:29:02.799 >       Excuse me Mr.   item size: missing, audio
01:29:02.804 >     Car-CD 1/
01:29:02.878 >       Sick And Tired   item size: missing, audio
01:29:02.883 >   Recently played albums/
01:29:02.903 >   Role/
01:29:02.946 >     Artist/
01:29:03.015 >       Anastacia/ 
01:29:03.017 >       Ben Harper/
01:29:03.019 >   Sources/       
01:29:03.058 >     Car-CD1/
01:29:03.128 >       Anastacia/ 
01:29:03.130 >       Ben Harper/
01:29:03.132 >   Discs/
01:29:03.253 >     Sick And Tired   item size: missing, audio
01:29:03.258 >     Excuse me Mr.   item size: missing, audio 
01:29:03.262 >   Original year/
01:29:03.278 >   Playlists/
01:29:03.301 > Video Library/
01:29:03.364 >   Files/
01:29:03.410 >     Videos/
01:29:03.493 >       EmptyVideoFile   item size: missing, video
01:29:03.498 >       VideoNr1   item size: 4692350543, video   
01:29:03.502 >       VideoNr2   item size: 7675374555, video
01:29:03.506 >   Playlists/
01:29:03.517 >
01:29:03.518 > Sketch finished.