16:11:34.032 > ets Jun  8 2016 00:22:57
16:11:34.035 >
16:11:34.035 > rst:0x1 (POWERON_RESET),boot:0x33 (SPI_FAST_FLASH_BOOT)
16:11:34.039 > configsip: 0, SPIWP:0xee
16:11:34.042 > clk_drv:0x00,q_drv:0x00,d_drv:0x00,cs0_drv:0x00,hd_drv:0x00,wp_drv:0x00
16:11:34.048 > mode:DIO, clock div:2
16:11:34.051 > load:0x3fff0018,len:4
16:11:34.052 > load:0x3fff001c,len:1044
16:11:34.054 > load:0x40078000,len:10124
16:11:34.057 > load:0x40080400,len:5828
16:11:34.059 > entry 0x400806a8
16:11:34.365 > 
16:11:34.366 > Connecting to WiFi network ......
16:11:37.509 > Connected successfully. IP address: 192.168.1.37
16:11:37.513 >
16:11:37.513 > Scanning local network for DLNA media servers...
16:11:41.915 > Number of discovered servers that deliver content: 7
16:11:41.920 >
16:11:41.921 > Server[0]: IP address: 192.168.1.42, port: 5001, name: Universal Media Server
16:11:42.190 > Browsing root directory. Number of sub-directories: 3
16:11:42.196 >  Music (child count: 1)
16:11:42.198 >  Videos (child count: 1)
16:11:42.200 >  Web (child count: 2)
16:11:42.202 >
16:11:42.202 > Server[1]: IP address: 192.168.1.11, port: 55247, name: LINKSTATION2 [LinkStation Media Server]
16:11:42.450 > Browsing root directory. Number of sub-directories: 4
16:11:42.455 >  Video (child count: 8)
16:11:42.457 >  Music (child count: 9)
16:11:42.459 >  Photos (child count: 7)
16:11:42.461 >  Folders (child count: 2)
16:11:42.464 >
16:11:42.464 > Server[2]: IP address: 192.168.1.42, port: 8895, name: Serviio (Virtual-Win10)
16:11:42.531 > Browsing root directory. Number of sub-directories: 3
16:11:42.536 >  Audio (child count: 10)
16:11:42.539 >  Image (child count: 5)
16:11:42.541 >  Video (child count: 7)
16:11:42.543 >
16:11:42.543 > Server[3]: IP address: 192.168.1.42, port: 2869, name: VIRTUAL-WIN10: MediaPlayerVM:
16:11:42.633 > Browsing root directory. Number of sub-directories: 4
16:11:42.638 >  Bilder (child count: 7)
16:11:42.640 >  Musik (child count: 10)
16:11:42.642 >  Videos (child count: 8)
16:11:42.645 >  Wiedergabelisten (child count: 2)
16:11:42.648 >
16:11:42.648 > Server[4]: IP address: 192.168.1.50, port: 9050, name: LINKSTATION2b: LinkStation
16:11:42.692 > Browsing root directory. Number of sub-directories: 3
16:11:42.698 >  Music (child count: 11)
16:11:42.700 >  Photos (child count: 8)
16:11:42.702 >  Videos (child count: 7)
16:11:42.705 >
16:11:42.705 > Server[5]: IP address: 192.168.1.42, port: 8096, name: Jellyfin - VIRTUAL-WIN10
16:11:42.796 > Browsing root directory. Number of sub-directories: 2
16:11:42.802 >  Movies (child count: 6)
16:11:42.804 >  Music (child count: 10)
16:11:42.806 >
16:11:42.807 > Server[6]: IP address: 192.168.1.42, port: 1557, name: Kodi (Virtual-Win10)
16:11:42.854 > Browsing root directory. Number of sub-directories: 2
16:11:42.859 >  Music Library (child count: missing)
16:11:42.862 >  Video Library (child count: missing)
16:11:42.866 >
16:11:42.866 >
16:11:42.866 > Sketch finished.