18:32:30.984 -> ets Jun  8 2016 00:22:57
18:32:30.984 -> 
18:32:30.984 -> rst:0x1 (POWERON_RESET),boot:0x33 (SPI_FAST_FLASH_BOOT)
18:32:30.984 -> configsip: 0, SPIWP:0xee
18:32:30.984 -> clk_drv:0x00,q_drv:0x00,d_drv:0x00,cs0_drv:0x00,hd_drv:0x00,wp_drv:0x00
18:32:30.984 -> mode:DIO, clock div:1
18:32:30.984 -> load:0x3fff0018,len:4
18:32:30.984 -> load:0x3fff001c,len:1216
18:32:30.984 -> ho 0 tail 12 room 4
18:32:30.984 -> load:0x40078000,len:9720
18:32:30.984 -> ho 0 tail 12 room 4
18:32:30.984 -> load:0x40080400,len:6352
18:32:31.021 -> entry 0x400806b8
18:32:31.269 -> 
18:32:31.269 -> Connecting to WiFi network ......
18:32:34.340 -> Connected successfully. IP address: 192.168.1.44
18:32:34.340 -> 
18:32:34.340 -> Scanning local network for DLNA media servers...
18:32:38.470 -> Number of discovered servers that deliver content: 4
18:32:38.470 -> 
18:32:38.470 -> Searching big directory on server: LINKSTATION2b: LinkStation
18:32:38.750 -> Big directory found, name: Album, id: 0$1$12, size: 341
18:32:38.750 -> ------> Browse directory with starting index: 0
18:32:39.531 -> 0: A Night At The Opera/
18:32:39.567 -> 1: ABBA Greatest Hits/
18:32:39.567 -> 2: Aha - Best Of/
18:32:39.567 -> 3: All The Best/
18:32:39.567 -> 4: American III - Solitary Man/
18:32:39.567 -> 5: American IV: The Man Comes Around/
18:32:39.567 -> 6: Amnesiac/
18:32:39.567 -> 7: An Ancient Muse/
18:32:39.567 -> 8: Andrea Bocelli: Aria - The Opera Album/
18:32:39.567 -> 9: Ane Brun Mix/
18:32:39.567 -> 10: Aqualung [remastered 1996]/
18:32:39.567 -> 11: Autobahn/
18:32:39.567 -> 12: Avalon/
18:32:39.567 -> 13: Ave Maria/
18:32:39.567 -> 14: Bach: Bach in Einsiedeln - Orgelwerke/
18:32:39.567 -> 15: Bach: Brandenburgisches Konzert Nr 1 BWV 1046/
18:32:39.603 -> 16: Bach: Brandenburgisches Konzert Nr 2 BWV 1047/
18:32:39.603 -> 17: Bach: Brandenburgisches Konzert Nr 3 BWV 1048/
18:32:39.603 -> 18: Bach: Brandenburgisches Konzert Nr 4 BWV 1049/
18:32:39.603 -> 19: Bach: Brandenburgisches Konzert Nr 5 BWV 1050/
18:32:39.603 -> 20: Bach: Brandenburgisches Konzert Nr 6 BWV 1051/
18:32:39.603 -> 21: Bach: Das Musikalische Opfer BWV 1079/
18:32:39.603 -> 22: Bach: Flötensonata Es-Dur BWV 1031/
18:32:39.603 -> 23: Bach: Flötensonate A-Dur BWV 1032/
18:32:39.603 -> 24: Bach: Flötensonate g-Moll BWV 1020/
18:32:39.639 -> 25: Bach: Flötensonate h-Moll BWV 1030/
18:32:39.639 -> 26: Bach: Inventions & Sinfonias (The Two and Three Part Inventions) BWV 772 - 801/
18:32:39.639 -> 27: Bach: Ouverture Nr 1 BWV 1066/
18:32:39.639 -> 28: Bach: Ouverture Nr 2 BWV 1067/
18:32:39.639 -> 29: Bach: Ouverture Nr 3 BWV 1068/
18:32:39.639 -> 30: Bach: Ouverture Nr 4 BWV 1069/
18:32:39.639 -> 31: Beethoven:  Konzert für Klavier und Orchester Nr 2 B-dur op 19/
18:32:39.639 -> 32: Beethoven: Konzert für Klavier und Orchester No 5 Es-dur op 73, 'Emperor'/
18:32:39.675 -> 33: Beethoven: Konzert für Klavier und Orchester Nr 4 G-dur op 58/
18:32:39.675 -> 34: Beethoven: Sinfonie Nr 5 c-moll op 67/
18:32:39.675 -> 35: Beethoven: Sinfonie Nr 8 F-dur op 93/
18:32:39.675 -> 36: Beethoven: Sinfonie Nr 9 d-Moll op 125/
18:32:39.675 -> 37: Beethoven: Violinkonzert/
18:32:39.675 -> 38: Bellini: Trompetenkonzert Es-dur (Transkription des Oboenkonzerts)/
18:32:39.675 -> 39: Berühmte Opernchöre/
18:32:39.675 -> 40: Best Of/
18:32:39.675 -> 41: Bizet: Carmen/
18:32:39.675 -> 42: Blow/
18:32:39.675 -> 43: Bob Dylan Greatest Hits/
18:32:39.708 -> 44: Boccherini: Concerteo No 1 in Es-Dur G 474/
18:32:39.708 -> 45: Boccherini: Concerteo No 2 in A-Dur G 475/
18:32:39.708 -> 46: Boccherini: Concerteo No 3 in D-Dur G 476/
18:32:39.708 -> 47: Boccherini: Concerteo No 8 in C-Dur G 481/
18:32:39.708 -> 48: Brahms: Ungarische_Tänze/
18:32:39.708 -> 49: Brothers In Arms/
18:32:39.708 -> 50: Bury The Hatchet/
18:32:39.708 -> 51: Car-CD 1/
18:32:39.708 -> 52: Car-CD 2/
18:32:39.708 -> 53: Car-CD 3/
18:32:39.708 -> 54: Car-CD 4/
18:32:39.708 -> 55: Car-CD 5/
18:32:39.708 -> 56: Car-CD 6/
18:32:39.742 -> 57: Carmina Burana/
18:32:39.742 -> 58: Catfish Rising/
18:32:39.742 -> 59: Chant Gregorien: Le chant du silence/
18:32:39.742 -> 60: Chopin: Andante und Polonaise/
18:32:39.742 -> 61: Chopin: Fantasie in f-moll op. 49/
18:32:39.742 -> 62: Chopin: Grosse Fantasie/
18:32:39.742 -> 63: Chopin: Impromptus/
18:32:39.742 -> 64: Chopin: Klavierkonzert No 2 f-moll, op 21/
18:32:39.742 -> 65: Chopin: Klavierkonzert Nr 1 e-moll, op 11/
18:32:39.742 -> 66: Chopin: Klavierkonzert Nr 2 f-moll op 21/
18:32:39.742 -> 67: Chopin: Konzertrondo/
18:32:39.777 -> 68: Chopin: Mazurka in a-moll op. 68 No 2/
18:32:39.777 -> 69: Chopin: Mazurka in As-Dur op. 41 No 4/
18:32:39.777 -> 70: Chopin: Mazurka in Des-Dur op. 30 No 3/
18:32:39.777 -> 71: Chopin: Mazurka in f-moll op. 68 No 4/
18:32:39.777 -> 72: Chopin: Mazurka in g-moll op. 67 No 2/
18:32:39.777 -> 73: Chopin: Mazurka in gis-moll op. 33 No 1/
18:32:39.777 -> 74: Chopin: Mazurka in h-moll op. 33 No 4/
18:32:39.777 -> 75: Chopin: Polonaise in fis-moll op 44/
18:32:39.777 -> 76: Chopin: Préludes op 28/
18:32:39.777 -> 77: Chopin: Scherzo No 1 in h-moll op. 20/
18:32:39.813 -> 78: Chopin: Variationen über ''La ci darem la mano''/
18:32:39.813 -> 79: Chopin: Walter in a-moll op. 34 No 2/
18:32:39.813 -> 80: Chopin: Walzer in As-Dur Op. 34 No 1/
18:32:39.813 -> 81: Chopin: Walzer in As-Dur Op. 69 No 1/
18:32:39.813 -> 82: Cieli di Toscana/
18:32:39.813 -> 83: Concerto for Group and Orchestra/
18:32:39.813 -> 84: Concerto Nr 5 für King Ferdinand IV von Neabel/
18:32:39.813 -> 85: Creep/
18:32:39.813 -> 86: Damals hinterm Mond/
18:32:39.813 -> 87: Die Mensch-Maschine/
18:32:39.813 -> 88: Die schönen Rosen/
18:32:39.813 -> 89: Double Concerto/
18:32:39.847 -> 90: Dvorák: Romance, op. 11/
18:32:39.847 -> 91: Dvorák: Sinfonie Nr 9 e-moll op. 95 'Aus der Neuen Welt'/
18:32:39.847 -> 92: Dvorak: Slawische Tänze op. 46/
18:32:39.847 -> 93: Elements - Best Of/
18:32:39.847 -> 94: Fight For Your Mind/
18:32:39.847 -> 95: God Shuffled His Feet/
18:32:39.847 -> 96: Good As I Been To You/
18:32:39.847 -> 97: Graceland/
18:32:39.847 -> 98: Grieg: Klavierkonzert a-moll, Op 16/
18:32:39.847 -> 99: Grieg: Klavierkonzert a-moll, op. 16/
18:32:39.847 -> ------> Browse directory with starting index: 100
18:32:40.763 -> 100: Grieg: Peer Gynt/
18:32:40.763 -> 101: Griffes: Roman Sketches, Op. 7/
18:32:40.763 -> 102: Händel: Feuerwerksmusik/
18:32:40.763 -> 103: Händel: Konzert Nr 10 g-moll (HHA: Concerto I)/
18:32:40.763 -> 104: Händel: Konzert Nr 8 B-dur (HHA: Concderto II)/
18:32:40.798 -> 105: Händel: Wassermusik/
18:32:40.798 -> 106: Harvest/
18:32:40.798 -> 107: Haydn: Sinfonie Nr 100 G-Dur 'Militär'/
18:32:40.798 -> 108: Haydn: Sinfonie Nr 101 D mamor 'clock'/
18:32:40.798 -> 109: Haydn: Sinfonie Nr 104 D-dur 'Salomon' oder 'London'/
18:32:40.798 -> 110: Haydn: Sinfonie Nr 94 G major 'Surprise'/
18:32:40.798 -> 111: Haydn: Sinphonie Nr 99 E flat major/
18:32:40.798 -> 112: Haydn: Trompetenkonzert D-dur (Transkription des Oboenkonzerts C-Dur)/
18:32:40.798 -> 113: High on Emotion - Live from Dublin/
18:32:40.831 -> 114: Hummel: Concertino für Oboe F-Dur/
18:32:40.831 -> 115: Hummel: Introduktion, Thema und Variationen (komponiert ursprünglich für Oboe)/
18:32:40.831 -> 116: Hummel: Oktett-arthia Es-Dur/
18:32:40.831 -> 117: Hummel: Serenade für Bläseroktett Es-Dur/
18:32:40.831 -> 118: Hummel: Sextett für Bläser F-Dur/
18:32:40.831 -> 119: Ibert: Flötenkonzert/
18:32:40.831 -> 120: Ibert: Pièce pour flûte seule/
18:32:40.831 -> 121: In Rainbows/
18:32:40.831 -> 122: Islands/
18:32:40.831 -> 123: James Galway: Dances For Flute/
18:32:40.867 -> 124: Joe Cocker Ultimate Collection/
18:32:40.867 -> 125: Joseph Haydn: Konzert für Trompete und Orchester Es-dur Hob. VIIe: 1/
18:32:40.867 -> 126: Katie Melua - Best Of/
18:32:40.867 -> 127: Khatchaturian: Flötenkonzert (Violin Concerto, arr. for flute by Jean-Pierre Rampal)/
18:32:40.867 -> 128: Korngold: Symphonic Serenade, Op. 39/
18:32:40.867 -> 129: Lang Lang: Dreams of China/
18:32:40.867 -> 130: Leclair: Oboenkonzert C-Dur/
18:32:40.867 -> 131: Led Zeppelin Remasters CD1/
18:32:40.902 -> 132: Led Zeppelin Remasters CD2/
18:32:40.902 -> 133: Legend/
18:32:40.902 -> 134: Leonhard Cohen Greatest Hits/
18:32:40.902 -> 135: Leonhard Cohen Greatest Hits II/
18:32:40.902 -> 136: Liszt: 3 Etudes de concert/
18:32:40.902 -> 137: Liszt: Klavierkonzert No 1 in Es-dur/
18:32:40.902 -> 138: Liszt: Klavierkonzert No 2 in A-dur/
18:32:40.902 -> 139: Live From Mars (CD1)/
18:32:40.902 -> 140: Live From Mars (CD2)/
18:32:40.902 -> 141: Live in Paris/
18:32:40.902 -> 142: London Grammar Mix/
18:32:40.902 -> 143: Love And Theft/
18:32:40.902 -> 144: Made In Heaven/
18:32:40.902 -> 145: Mahler: Sinfonie Nr 1 D-dur/
18:32:40.938 -> 146: Mahler: Sinfonie Nr 1 D-dur 'Der Titan'/
18:32:40.938 -> 147: Maler: Sinfonie Nr 5 C-sharp minor/
18:32:40.938 -> 148: Marcello: Concerto d-moll für Blockflöte (orig. Oboe), Streicher und Continuo/
18:32:40.938 -> 149: Marcello: Oboenkonzert d-moll/
18:32:40.938 -> 150: Meaty Beaty Big & Bouncy/
18:32:40.938 -> 151: Mendelssohn: Ein Sommernachtstraum/
18:32:40.938 -> 152: Michael Haydn: Konzert für Trompete, Streicher und Cembalo D-dur/
18:32:40.938 -> 153: Mirrorball/
18:32:40.938 -> 154: Moazart: Divertimento KV 136/
18:32:40.971 -> 155: Mozart: Adagio und Fuge KV 546/
18:32:40.971 -> 156: Mozart: Andante für Flöte in C-Dur, KV 315/285e/
18:32:40.971 -> 157: Mozart: Die Zauberflöte/
18:32:40.971 -> 158: Mozart: Divertimento KV 137/
18:32:40.971 -> 159: Mozart: Divertimento KV 138/
18:32:40.971 -> 160: Mozart: Doppelkonzert für Flöte und Harfe in C-Dur, KV 299/297c/
18:32:40.971 -> 161: Mozart: Eine kleine Nachtmusik G-dur KV 525/
18:32:40.971 -> 162: Mozart: Eine Kleine Nachtmusik, G-Dur, KV 525/
18:32:41.005 -> 163: Mozart: Exsultante, Jubilate KV 165 (158a)/
18:32:41.005 -> 164: Mozart: Fagottkonzert in B-Dur, KV 191/186e/
18:32:41.005 -> 165: Mozart: Flötenkonzert in G-Dur, KV 313/285c/
18:32:41.005 -> 166: Mozart: Klarinettenkonzert in A-dur KV 622/
18:32:41.005 -> 167: Mozart: Klavierkonzert No 20 D-moll KV 466/
18:32:41.005 -> 168: Mozart: Klavierkonzert Nr 15 B-dur KV 450/
18:32:41.005 -> 169: Mozart: Klavierkonzert Nr 17 G-dur, KV 453/
18:32:41.005 -> 170: Mozart: Klavierkonzert Nr 21 C-dur, KV 467/
18:32:41.040 -> 171: Mozart: Klavierkonzert Nr 22 Es-dur KV 482/
18:32:41.040 -> 172: Mozart: Klavierkonzert Nr 24 c-moll, KV 491/
18:32:41.040 -> 173: Mozart: Klavierkonzert Nr 27 B-dur, KV 595/
18:32:41.040 -> 174: Mozart: Klavierkonzert Nr. 26 D-dur, KV 537 'Krönungskonzert'/
18:32:41.040 -> 175: Mozart: Konzert für zwei Klaviere und orchester Nr 10 Es-dur KV 365 (316a)/
18:32:41.040 -> 176: Mozart: Krönungsmesse + Spatzenmesse/
18:32:41.040 -> 177: Mozart: Kyrie in d-moll KV 341/
18:32:41.075 -> 178: Mozart: Messe C-dur KV 317 'Krönungsmesse'/
18:32:41.075 -> 179: Mozart: Missa brevis C-dur KV 220 (196b) 'Spatzenmesse'/
18:32:41.075 -> 180: Mozart: Oboenkonzert in C-dur KV 314/285d/
18:32:41.075 -> 181: Mozart: Requiem/
18:32:41.075 -> 182: Mozart: Serenade D-dur KV 320 'Posthorn-Serenade'/
18:32:41.075 -> 183: Mozart: Sinfonie Nr 35 D-dur KV 385 'Haffner'/
18:32:41.075 -> 184: Mozart: Sinfonie Nr 39 Es-dur KV 543/
18:32:41.075 -> 185: Mozart: Sinfonie Nr 40 g-moll KV 550/
18:32:41.075 -> 186: Mozart: Sinfonie Nr 41 C-dur KV 551 'Jupiter'/
18:32:41.110 -> 187: Mozart: Sonate No 18 in G-Dur KV 301/
18:32:41.110 -> 188: Mozart: Sonate No 21 in e-moll KV 304/
18:32:41.110 -> 189: Mozart: Sonate No 24 in F-dur KV 376/
18:32:41.110 -> 190: Mozart: Sonate No 26 in B-dur KV 378/
18:32:41.110 -> 191: Mozart: Trompetenkonzert As-dur (Transkription des Oboenkonzerts C-dur)/
18:32:41.110 -> 192: MTV Unplugged [Live]/
18:32:41.110 -> 193: Murder ballads/
18:32:41.110 -> 194: Musique Intime pour Guitare/
18:32:41.110 -> 195: Mussorgsky: Bilder einer Ausstellung (orch. Ravel)/
18:32:41.146 -> 196: Nachte in spanischen Garten/
18:32:41.146 -> 197: Nakariakov: Virtuose Trompete/
18:32:41.146 -> 198: Naudet: Concerto G-dur für Blockflöte, Streicher und Continuo, op. 17/5/
18:32:41.146 -> 199: No Need To Argue/
18:32:41.146 -> ------> Browse directory with starting index: 200
18:32:41.957 -> 200: OK Computer/
18:32:41.957 -> 201: Ommadawn (2000 Remaster)/
18:32:41.957 -> 202: Orgelstücke - Die Schusterorgel In Torgau/
18:32:41.992 -> 203: Original Masters/
18:32:41.992 -> 204: Oyster/
18:32:41.992 -> 205: P.U.L.S.E Disc 2/
18:32:41.992 -> 206: Paganini: Centone dis Sonate Nr. 1 a-moll/
18:32:41.992 -> 207: Paganini: Centone dis Sonate Nr. II D-Dur/
18:32:41.992 -> 208: Paganini: Centone dis Sonate Nr. III C-Dur/
18:32:41.992 -> 209: Paganini: Centone dis Sonate Nr. IV-A-Dur/
18:32:41.992 -> 210: Paganini: Centone dis Sonate Nr. V E-Dur/
18:32:41.992 -> 211: Paganini: Centone dis Sonate Nr. VI-A-Dur/
18:32:41.992 -> 212: Paganini: Konzert Nr 1 op. 6 in D-dur/
18:32:42.028 -> 213: Paganini: Konzert Nr 2 op. 7 in h-moll/
18:32:42.028 -> 214: Paganini: Konzert Nr 3 in E-Dur/
18:32:42.028 -> 215: Paganini: Konzert Nr 4 in d-moll/
18:32:42.028 -> 216: Paganini: Konzert Nr 5 in a-moll/
18:32:42.028 -> 217: Paganini: Konzert Nr 6 op post in e-moll/
18:32:42.028 -> 218: Paganini: Sonata concertata für Violine & Gitarre A-Dur/
18:32:42.028 -> 219: Pearl/
18:32:42.028 -> 220: Pieces Of You/
18:32:42.028 -> 221: Platinum/
18:32:42.028 -> 222: Populäre Ouvertüren/
18:32:42.028 -> 223: Prokofiev: Sinfonie Nr 1 D-Dur 'Classical' op 25/
18:32:42.063 -> 224: Prokofiev: Sinfonie Nr 1 D-dur 'Klassische Sinphinie' op 25/
18:32:42.063 -> 225: Prokofjew: Die Liebe zu den drei Orangen op 33 bis/
18:32:42.063 -> 226: Prokofjew: Lietenant Kijé op 60/
18:32:42.063 -> 227: Pulse Disc 1/
18:32:42.063 -> 228: QE2/
18:32:42.063 -> 229: Queen Greatest Hits/
18:32:42.063 -> 230: Queen Greatest Hits II/
18:32:42.063 -> 231: Rachmaninov: Klavierkonzert No 2 c-moll, op 18/
18:32:42.063 -> 232: Ravel: Bolero/
18:32:42.063 -> 233: Ravel: Bolero / Mozart: Eine kleine Nachtmusik / Smetana: Moldau / Albinoni: Adagio / Grieg: Peer Gynt: Morgenstimmung/
18:32:42.098 -> 234: Ravel: Ma Mère L'Oye/
18:32:42.098 -> 235: Ravel: Pavane pour une Infante Défunte/
18:32:42.098 -> 236: Ravel: Rapsodie Espagnole/
18:32:42.098 -> 237: Recurring Dream: The Very Best of Crowded House (Special Edition)/
18:32:42.098 -> 238: Revolver/
18:32:42.098 -> 239: Rimsky-Korsakow: Captricio Espagnol op 34/
18:32:42.098 -> 240: Rimsky-Korsakow: Russian Easter Ouverture/
18:32:42.098 -> 241: Rimsky-Korsakow: Sadko/
18:32:42.098 -> 242: Rimsky-Korsakow: Sinfonie Nr 1 e-Moll op 1/
18:32:42.133 -> 243: Rimsky-Korsakow: Sinfonie Nr 2 'Antar' op 9/
18:32:42.133 -> 244: Rimsky-Korsakow: Smyponie Nr 3 C-Dur op 32/
18:32:42.133 -> 245: Ring of Changes/
18:32:42.133 -> 246: Rossini: Ouvertüren/
18:32:42.133 -> 247: Rossini: Stabat Mater/
18:32:42.133 -> 248: Sailing To Philadelphia/
18:32:42.133 -> 249: Salve Regina - Vesper zum Fest Mariä Himmelfahrt/
18:32:42.133 -> 250: Schubert: Sinfonie Nr 5 B-Dur D485/
18:32:42.133 -> 251: Schubert: Sinfonie Nr 8 h-Moll D759 'Unvollendete'/
18:32:42.133 -> 252: Schubert: Sinfonie Nr. 9 C-dur D944/
18:32:42.168 -> 253: Schumann: Klaviertkonzert a-moll, op 54/
18:32:42.168 -> 254: Serious Hits...Live!/
18:32:42.168 -> 255: Sgt. Pepper's Lonely Hearts Club Band/
18:32:42.168 -> 256: Shepherd Moons/
18:32:42.168 -> 257: Sibelius - Beautiful Songs for Choir/
18:32:42.168 -> 258: Sibelius: Concerto in D Minor, op 47/
18:32:42.168 -> 259: Sibelius: En Saga, Op 9/
18:32:42.168 -> 260: Sibelius: Finlandia, op 26 No 7/
18:32:42.168 -> 261: Sibelius: Karelia Suite Op. 11/
18:32:42.168 -> 262: Sibelius: The Swan of Tuonela, Op 22 No 3/
18:32:42.203 -> 263: Smetana: Má Vlast/
18:32:42.203 -> 264: Smetana: Mein Vaterland - Die Moldau/
18:32:42.203 -> 265: Sounds Of Silence/
18:32:42.203 -> 266: South/
18:32:42.203 -> 267: Stars - The Best Of 1992-2002/
18:32:42.203 -> 268: Stay Gold/
18:32:42.203 -> 269: Stormwatch/
18:32:42.203 -> 270: Strauss: Eine Alpensinfonie op. 64/
18:32:42.203 -> 271: Sultans of Swing: The Very Best of Dire Straits/
18:32:42.203 -> 272: Sutras/
18:32:42.203 -> 273: Tales From New York - Disc 1/
18:32:42.203 -> 274: Tales From New York - Disc 2/
18:32:42.203 -> 275: Telemann: Concerto F-dur für Blockflöte, Streicher und Continuo/
18:32:42.239 -> 276: Telemann: Fantasien für Cembalo/
18:32:42.239 -> 277: Telemann: Konzert für Oboe, Streicher und Basso Continuo in D-dur/
18:32:42.239 -> 278: Telemann: Konzert für Oboe, Streicher und Basso Continuo in d-moll/
18:32:42.239 -> 279: Telemann: Konzert für Oboe, Streicher und Basso Continuo in e-moll/
18:32:42.239 -> 280: Telemann: Konzert für Oboe, Streicher und Basso Continuo in f-moll/
18:32:42.239 -> 281: Telemann: Konzert für Oboie, Streicher und Basso Continuo in e-moll/
18:32:42.275 -> 282: Telemann: Konzert-Sonate für Trompete, Streicher und Cembalo D-dur/
18:32:42.275 -> 283: Telemann: Oboenkonzert c-moll/
18:32:42.275 -> 284: The Bends/
18:32:42.275 -> 285: The Best Of/
18:32:42.275 -> 286: The Best Of Blondie/
18:32:42.275 -> 287: The Boatman's Call/
18:32:42.275 -> 288: The Book Of Secrets/
18:32:42.275 -> 289: The Celts/
18:32:42.275 -> 290: The Dark Side of the Moon/
18:32:42.275 -> 291: The Doors Greatest Hits/
18:32:42.275 -> 292: The Eagles Best Of/
18:32:42.275 -> 293: The Ghost Of Tom Joad/
18:32:42.310 -> 294: The Glenn Gould Edition: Byrd, Gibbons, Sweelinck/
18:32:42.310 -> 295: The Lamb Lies Down On Broadway CD1/
18:32:42.310 -> 296: The Lamb Lies Down On Broadway CD2/
18:32:42.310 -> 297: The Lion's Roar/
18:32:42.310 -> 298: The Mask and Mirror/
18:32:42.310 -> 299: The Platinum Collection (1969-1974)/
18:32:42.310 -> ------> Browse directory with starting index: 300
18:32:42.772 -> 300: The Stamping Ground/
18:32:42.772 -> 301: The Very Best Of/
18:32:42.772 -> 302: The Visit/
18:32:42.772 -> 303: Thick as a brick/
18:32:42.772 -> 304: Time Out Of Mind/
18:32:42.772 -> 305: Troubadour: The Definitive Collection 1964-1976 CD1/
18:32:42.772 -> 306: Troubadour: The Definitive Collection 1964-1976 CD2/
18:32:42.772 -> 307: Tschaikowski: 1812 Ouverüre/
18:32:42.772 -> 308: Tschaikowski: Der Nussknacker, Suite Op 71a/
18:32:42.772 -> 309: Tschaikowski: Klavierkonzert No 1 b-moll op. 23/
18:32:42.807 -> 310: Tschaikowski: Romeo & Juliet/
18:32:42.807 -> 311: Tschaikowski: Serenade C-dur für Streichorchester op. 48/
18:32:42.807 -> 312: Tschaikowski: Violinkonzert in D, op 35/
18:32:42.807 -> 313: Tswchaikowski: Sinfonie Nr 6 h-moll 'Pathétique' op 74/
18:32:42.807 -> 314: Tubular Bells/
18:32:42.807 -> 315: Tubular Bells II/
18:32:42.807 -> 316: Tunnel Of Love/
18:32:42.807 -> 317: Unknown/
18:32:42.807 -> 318: Vanessa-Mae: The Violin Player/
18:32:42.807 -> 319: Verdi: La Traviata/
18:32:42.807 -> 320: Verdi: Messa da Requiem/
18:32:42.807 -> 321: Verdi: Nabucco/
18:32:42.843 -> 322: Verdi: Te Deum - Quattro Pezzi Sacri/
18:32:42.843 -> 323: Vivaldi: Concerto a-moll PFV 83 für Sopranino/
18:32:42.843 -> 324: Vivaldi: Concerto C-dur für Blockflöte, Streicher und Continuo, RV 444/
18:32:42.843 -> 325: Vivaldi: Concerto C-Dur PFV 78 für Sopranino/
18:32:42.843 -> 326: Vivaldi: Concerto C-Dur PFV 79 für Sopranino/
18:32:42.843 -> 327: Vivaldi: Concerto C-Dur PV 75 für zwei Trompeten/
18:32:42.843 -> 328: Vivaldi: Concerto c-moll PFV 440 für Altblockflöte/
18:32:42.878 -> 329: Vivaldi: Concerto G-Dur PV 133 für zwei Mandolinen/
18:32:42.878 -> 330: Vivaldi: Concerto g-moll PV 366 für zwei Violinen/
18:32:42.878 -> 331: Vivaldi: Concerto g-moll PV 411 für zwei Celli/
18:32:42.878 -> 332: Vivaldi: Die vier Jahreszeiten/
18:32:42.878 -> 333: Vivaldi: Konzert für 2 Trompeten, Streicher und Cembalo C-dur, RV 537/
18:32:42.878 -> 334: Vivaldi: Le Quattro Stagioni/
18:32:42.878 -> 335: Vivaldi: Oboenkonzert a-moll/
18:32:42.878 -> 336: Viviani: Sonata für Trompete und Orgel C-dur/
18:32:42.913 -> 337: Watermark/
18:32:42.913 -> 338: Weisses Papier/
18:32:42.913 -> 339: White Lilies Island/
18:32:42.913 -> 340: Wish You Were Here/
18:32:42.913 -> 
18:32:42.913 -> Sketch finished.
