22:05:40.358 > Connecting to WiFi network ......
22:05:42.943 > Connected successfully. IP address: 192.168.1.37
22:05:42.948 >
22:05:42.948 > ----> server content follows:
22:05:43.412 > Video/
22:05:43.481 >   Movies/
22:05:43.669 >     All Movies/
22:05:43.741 >       Video art (2020)   item size: 7675374555, video
22:05:43.746 >     Unplayed/
22:05:43.805 >       Video art (2020)   item size: 7675374555, video
22:05:43.810 >     Recently Released/
22:05:43.875 >       Video art (2020)   item size: 7675374555, video
22:05:43.880 >     Recently Added/
22:05:43.937 >       Video art (2020)   item size: 7675374555, video
22:05:43.942 >     Recently Viewed/
22:05:43.970 >     Continue Watching/
22:05:44.001 >     By Collection/
22:05:44.029 >     By Genre/
22:05:44.075 >       Short/
22:05:44.076 >     By Year/
22:05:44.111 >       2020/   
22:05:44.113 >     By Decade/
22:05:44.162 >       2020s/    
22:05:44.163 >     By Director/
22:05:44.205 >       Vladislav Knezevic/
22:05:44.207 >     By Starring Actor/   
22:05:44.236 >     By Country/
22:05:44.275 >       Croatia/        
22:05:44.276 >     By Content Rating/
22:05:44.317 >       None/   
22:05:44.319 >     By Rating/
22:05:44.407 >       5 stars/  
22:05:44.409 >       4 stars/  
22:05:44.411 >       3 stars/  
22:05:44.412 >       2 stars/  
22:05:44.413 >       1 star/   
22:05:44.414 >       Not rated/
22:05:44.416 >     By Resolution/
22:05:44.455 >       1080p/        
22:05:44.456 >       576p/
22:05:44.458 >     By First Letter/
22:05:44.498 >       V/      
22:05:44.499 >     By Folder/
22:05:44.560 >       Video art (2020)   item size: 7675374555, video
22:05:44.564 >   Video Channels/
22:05:44.594 >   Preferences/
22:05:44.733 >     Direct Play [Enabled]/
22:05:44.802 >       [x] Enabled/
22:05:44.805 >       Disabled/
22:05:44.805 >     Direct Stream [Enabled]/
22:05:44.855 >       [x] Enabled/
22:05:44.857 >       Disabled/
22:05:44.858 >     Local Resolution [1080p]/
22:05:44.936 >       [x] 1080p/
22:05:44.939 >       720p/
22:05:44.939 >       480p/
22:05:44.940 >       320p/
22:05:44.941 >       240p/
22:05:44.942 >     Local Video Quality [High]/
22:05:45.001 >       Highest/
22:05:45.003 >       [x] High/
22:05:45.005 >       Medium/
22:05:45.006 >       Low/
22:05:45.007 >     Remote Resolution [720p]/
22:05:45.076 >       1080p/
22:05:45.077 >       [x] 720p/
22:05:45.079 >       480p/
22:05:45.080 >       320p/
22:05:45.081 >       240p/
22:05:45.082 >     Remote Video Quality [Medium]/
22:05:45.143 >       Highest/
22:05:45.144 >       High/
22:05:45.145 >       [x] Medium/
22:05:45.147 >       Low/
22:05:45.148 >     Online Resolution [720p]/
22:05:45.231 >       1080p/
22:05:45.232 >       [x] 720p/
22:05:45.234 >       480p/
22:05:45.235 >       320p/
22:05:45.236 >       240p/
22:05:45.237 >     Online Video Quality [Medium]/
22:05:45.298 >       Highest/
22:05:45.299 >       High/
22:05:45.301 >       [x] Medium/
22:05:45.302 >       Low/
22:05:45.303 >     Subtitle Size [Normal]/
22:05:45.382 >       Tiny/
22:05:45.383 >       Small/
22:05:45.384 >       [x] Normal/
22:05:45.386 >       Large/
22:05:45.387 >       Huge/
22:05:45.388 >     Audio Boost [None]/
22:05:45.450 >       [x] None/
22:05:45.452 >       Small/
22:05:45.453 >       Large/
22:05:45.454 >       Huge/
22:05:45.455 > Music/
22:05:45.515 >   Music/
22:05:45.614 >     All Artists/
22:05:45.651 >       Various Artists/
22:05:45.654 >     By Album/
22:05:45.750 >       Various Artists - Car-CD 4 (2021)/
22:05:45.755 >       Various Artists - Deutsch Pop (2017)/
22:05:45.759 >       Various Artists - Vincent (2018)/
22:05:45.762 >     By Genre/
22:05:45.799 >     By Decade/
22:05:45.853 >       2020s/
22:05:45.855 >       2010s/
22:05:45.856 >     By Year/
22:05:45.908 >       2021/
22:05:45.910 >       2018/
22:05:45.911 >       2017/
22:05:45.912 >     By Collection/
22:05:45.962 >     Recently Added/
22:05:46.060 >       Various Artists - Deutsch Pop (2017)/
22:05:46.064 >       Various Artists - Vincent (2018)/
22:05:46.068 >       Various Artists - Car-CD 4 (2021)/
22:05:46.071 >     By Folder/
22:05:48.722 >       Car-CD1/
22:05:48.723 >       Deutsch Pop/
22:05:48.725 >       74-75   item size: missing, audio
22:05:48.729 >       500 Miles   item size: missing, audio
22:05:48.733 >       Abracadabra   item size: missing, audio
22:05:48.737 >       All good things   item size: missing, audio
22:05:48.742 >       All Of Me   item size: missing, audio
22:05:48.745 >       All This Time   item size: missing, audio
22:05:48.749 >       Always The Sun   item size: missing, audio
22:05:48.754 >       Another Love   item size: missing, audio
22:05:48.758 >       Bad Ideas   item size: missing, audio
22:05:48.762 >       Because The Night   item size: missing, audio
22:05:48.766 >       Big In Japan   item size: missing, audio
22:05:48.770 >       Blue Mesa   item size: missing, audio
22:05:48.774 >       Blueprint   item size: missing, audio
22:05:48.778 >       Born To Be Alive   item size: missing, audio
22:05:48.783 >       Broken   item size: missing, audio
22:05:48.786 >       Broken Sleep   item size: missing, audio
22:05:48.791 >       Carpet Crawl   item size: missing, audio
22:05:48.796 >       China Girl   item size: missing, audio
22:05:48.800 >       Clocks   item size: missing, audio
22:05:48.803 >       Cripple and the Starfish   item size: missing, audio
22:05:48.809 >       Do You Really Want To Hurt Me   item size: missing, audio
22:05:48.814 >       Don't Forget About Me   item size: missing, audio
22:05:48.819 >       Done   item size: missing, audio
22:05:48.823 >       Down To The River   item size: missing, audio
22:05:48.827 >       Dutch Mountains   item size: missing, audio
22:05:48.832 >       Electric   item size: missing, audio
22:05:48.836 >       Enjoy the Silence   item size: missing, audio
22:05:48.840 >       Excuse me Mr.   item size: missing, audio
22:05:48.844 >       Forever Young   item size: missing, audio
22:05:48.849 >       From the land down under   item size: missing, audio
22:05:48.854 >       Go West   item size: missing, audio
22:05:48.858 >       A good heart   item size: missing, audio
22:05:48.862 >       Gyöngyhajú lány   item size: missing, audio
22:05:48.866 >       Hands Clean   item size: missing, audio
22:05:48.870 >       Hell Or High Water   item size: missing, audio
22:05:48.875 >       Home   item size: missing, audio
22:05:48.879 >       Hotel California   item size: missing, audio
22:05:48.883 >       I Feel Good   item size: missing, audio
22:05:48.887 >       I Follow Rivers   item size: missing, audio
22:05:48.892 >       Incubus Live   item size: missing, audio
22:05:48.896 >       It's Amazing   item size: missing, audio
22:05:48.899 >       Jealous Guy   item size: missing, audio
22:05:48.903 >       Just Hold Me   item size: missing, audio
22:05:48.907 >       Keep Moving On - Live   item size: missing, audio
22:05:48.912 >       Der Kommissar   item size: missing, audio
22:05:48.916 >       Lady In Black   item size: missing, audio
22:05:48.921 >       Let Her Go   item size: missing, audio
22:05:48.926 >       Lose It   item size: missing, audio
22:05:48.929 >       Love Hurts   item size: missing, audio
22:05:48.933 >       Madrugada - Vocal (Live in Norway)   item size: missing, audio
22:05:48.939 >       Majesty live   item size: missing, audio
22:05:48.943 >       Major Tom (German Version)   item size: missing, audio
22:05:48.948 >       Material World   item size: missing, audio
22:05:48.952 >       A million miles away   item size: missing, audio
22:05:48.957 >       My Name Is Luka   item size: missing, audio
22:05:48.962 >       A New Day Has Come   item size: missing, audio
22:05:48.967 >       No Milk Today   item size: missing, audio
22:05:48.971 >       Nothing Compares 2 U   item size: missing, audio
22:05:48.975 >       On my way to LA (long)   item size: missing, audio
22:05:48.980 >       One   item size: missing, audio
22:05:48.984 >       One Night in Bangkok   item size: missing, audio
22:05:48.989 >       One Of Us Cannot Be Wrong   item size: missing, audio
22:05:48.994 >       Our house   item size: missing, audio
22:05:48.999 >       Pure Love   item size: missing, audio
22:05:49.003 >       Riverside   item size: missing, audio
22:05:49.007 >       Room With a View   item size: missing, audio
22:05:49.011 >       Ruined Heart   item size: missing, audio
22:05:49.015 >       San Francisco (Be Sure To Wear Flowers In You Hair)   item size: missing, audio
22:05:49.023 >       Save Me   item size: missing, audio
22:05:49.026 >       Set Fire to the Rain   item size: missing, audio
22:05:49.031 >       She Moves   item size: missing, audio
22:05:49.035 >       Sick And Tired   item size: missing, audio
22:05:49.040 >       Sign of the Times   item size: missing, audio
22:05:49.044 >       Simple Man   item size: missing, audio
22:05:49.048 >       Sing   item size: missing, audio
22:05:49.052 >       Slip Away   item size: missing, audio
22:05:49.056 >       Someone new   item size: missing, audio
22:05:49.060 >       The Sound Of Silence [Official Music Video]   item size: missing, audio
22:05:49.067 >       Sounds Like A Melody   item size: missing, audio
22:05:49.072 >       Stars   item size: missing, audio
22:05:49.075 >       Stay   item size: missing, audio
22:05:49.079 >       Streets Of London   item size: missing, audio
22:05:49.083 >       Subcity   item size: missing, audio
22:05:49.086 >       Summer In The City   item size: missing, audio
22:05:49.092 >       Summertime Sadness   item size: missing, audio
22:05:49.096 >       Super Girl   item size: missing, audio
22:05:49.100 >       Sweet About Me   item size: missing, audio
22:05:49.105 >       Talk To Me   item size: missing, audio
22:05:49.109 >       This Is The Life   item size: missing, audio
22:05:49.113 >       Vincent   item size: missing, audio
22:05:49.117 >       Vocal   item size: missing, audio
22:05:49.120 >       Watermelon Sugar   item size: missing, audio
22:05:49.125 >       The Way It Is   item size: missing, audio
22:05:49.129 >       What's On Your Mind?   item size: missing, audio
22:05:49.134 >       Whenever, Wherever   item size: missing, audio
22:05:49.139 >       Why Her Not Me   item size: missing, audio
22:05:49.143 >       Wicked Games   item size: missing, audio
22:05:49.147 >       Working Hard For Your Love   item size: missing, audio
22:05:49.153 >   Music Channels/
22:05:49.183 >   Preferences/
22:05:49.225 >     Music Transcode Bitrate [192kbps]/
22:05:49.348 >       320kbps/
22:05:49.349 >       256kbps/
22:05:49.351 >       224kbps/
22:05:49.352 >       [x] 192kbps/
22:05:49.354 >       160kbps/
22:05:49.355 >       128kbps/
22:05:49.357 >       96kbps/
22:05:49.358 >       64kbps/
22:05:49.359 > Photos/
22:05:49.398 >   Photo Channels/
22:05:49.441 > 
22:05:49.441 > Sketch finished.