--- Terminal on COM3 | 115200 8-N-1
--- Available filters and text transformations: colorize, debug, default, direct, esp32_exception_decoder, hexlify, log2file, nocontrol, printable, send_on_enter, time
--- More details at https://bit.ly/pio-monitor-filters
--- Quit: Ctrl+C | Menu: Ctrl+T | Help: Ctrl+T followed by Ctrl+H
15:08:39.580 > [     6][D][esp32-hal-cpu.c:244] setCpuFrequencyMhz(): PLL: 480 / 2 = 240 Mhz, APB: 80000000 Hz
15:08:39.580 > 
15:08:39.580 > Initializing Ethernet...DHCP ok.
15:08:43.449 > Local IP: 192.168.1.33
15:08:43.450 > 
15:08:43.450 > Scanning local network for DLNA media servers...
15:08:43.454 > [  4754][I][SoapESP32.cpp:479] seekServer(): SSDP search for media servers started
15:08:43.476 > [  4783][D][SoapESP32.cpp:243] soapSSDPquery(): received SSDP packet within 25 ms: packet size: 365
15:08:43.486 > [  4783][V][SoapESP32.cpp:249] soapSSDPquery(): SSDP packet content:
15:08:43.492 > HTTP/1.1 200 OK
15:08:43.493 > LOCATION: http://192.168.1.34:53168/desc
15:08:43.497 > EXT:
15:08:43.498 > SERVER: Windows/6.2 UPnP/1.0 DLNADOC/1.50 Mezzmo Server (Windows)/6.0.6.0
15:08:43.503 > USN: uuid:f987c79e-a017-4c72-9689-cb619434f683::urn:schemas-upnp-org:device:MediaServer:1
15:08:43.511 > CACHE-CONTROL: max-age=1800
15:08:43.515 > ST: urn:schemas-upnp-org:device:MediaServer:1
15:08:43.518 > DATE: Fri, 10 Mar 2023 14:08:44 GMT
15:08:43.521 > Content-Length: 0
15:08:43.522 > 
15:08:43.523 > 
15:08:43.523 > [  4819][D][SoapESP32.cpp:270] soapSSDPquery(): scanned ip=192.168.1.34, port=53168, location="desc"
15:08:43.546 > [  4853][D][SoapESP32.cpp:243] soapSSDPquery(): received SSDP packet within 95 ms: packet size: 365
15:08:43.556 > [  4853][V][SoapESP32.cpp:249] soapSSDPquery(): SSDP packet content:
15:08:43.562 > HTTP/1.1 200 OK
15:08:43.563 > LOCATION: http://192.168.1.34:53168/desc
15:08:43.567 > EXT:
15:08:43.568 > SERVER: Windows/6.2 UPnP/1.0 DLNADOC/1.50 Mezzmo Server (Windows)/6.0.6.0
15:08:43.574 > USN: uuid:f987c79e-a017-4c72-9689-cb619434f683::urn:schemas-upnp-org:device:MediaServer:1
15:08:43.581 > CACHE-CONTROL: max-age=1800
15:08:43.584 > ST: urn:schemas-upnp-org:device:MediaServer:1
15:08:43.589 > DATE: Fri, 10 Mar 2023 14:08:44 GMT
15:08:43.592 > Content-Length: 0
15:08:43.593 > 
15:08:43.594 > 
15:08:43.594 > [  4888][D][SoapESP32.cpp:270] soapSSDPquery(): scanned ip=192.168.1.34, port=53168, location="desc"
15:08:47.465 > [  8772][I][SoapESP32.cpp:482] seekServer(): SSDP query discovered 1 media servers
15:08:47.472 > [  8772][I][SoapESP32.cpp:485] seekServer(): checking all discovered media servers for service ContentDirectory
15:08:47.482 > [  8780][D][SoapESP32.cpp:1159] soapGet(): 192.168.1.34:53168 GET /desc HTTP/1.1
15:08:47.489 > [  8795][I][SoapESP32.cpp:499] seekServer(): connected successfully to server 192.168.1.34:53168
15:08:47.498 > [  8796][V][SoapESP32.cpp:313] soapReadHttpHeader(): header line: HTTP/1.1 200 OK
15:08:47.506 > [  8802][V][SoapESP32.cpp:330] soapReadHttpHeader(): header line: Date: Fri, 10 Mar 2023 15:08:48 GMT
15:08:47.515 > [  8810][V][SoapESP32.cpp:330] soapReadHttpHeader(): header line: CONTENT-TYPE:  text/xml; charset="utf-8"
15:08:47.523 > [  8820][V][SoapESP32.cpp:330] soapReadHttpHeader(): header line: Server: Windows/6.2 UPnP/1.0 DLNADOC/1.50 Mezzmo Server (Windows)/6.0.6.0
15:08:47.536 > [  8831][V][SoapESP32.cpp:330] soapReadHttpHeader(): header line: Content-Length: 2906
15:08:47.544 > [  8839][V][SoapESP32.cpp:330] soapReadHttpHeader(): header line: Access-Control-Allow-Origin:*
15:08:47.551 > [  8847][V][SoapESP32.cpp:330] soapReadHttpHeader(): header line:
15:08:47.557 > [  8853][D][SoapESP32.cpp:352] soapReadHttpHeader(): HTTP-Header ok, trailing content is not chunked, announced size: 2906
15:08:47.568 > [  8875][D][SoapESP32.cpp:528] seekServer(): scanned friendly name: Mezzmo (Virtual-Win10)
15:08:47.604 > [  8911][D][SoapESP32.cpp:538] seekServer(): server offers service: urn:schemas-upnp-org:service:ContentDirectory:1
15:08:47.614 > [  8915][D][SoapESP32.cpp:555] seekServer(): assigned controlURL: ContentDirectory/control
15:08:47.622 > [  8918][I][SoapESP32.cpp:556] seekServer(): ok, this server delivers media content
15:08:47.630 > Number of discovered servers that deliver content: 1
15:08:47.634 >
15:08:47.634 > Server[0]: IP address: 192.168.1.34, port: 53168, name: Mezzmo (Virtual-Win10)
15:08:47.641 > [  8938][I][SoapESP32.cpp:881] browseServer(): new search on server: "Mezzmo (Virtual-Win10)", objectId: "0"
15:08:47.651 > [  8949][D][SoapESP32.cpp:1255] soapPost(): 192.168.1.34:53168 POST /ContentDirectory/control HTTP/1.1
15:08:47.660 > [  8956][V][SoapESP32.cpp:1298] soapPost(): send request to server:
15:08:47.666 > POST /ContentDirectory/control HTTP/1.1
15:08:47.670 > Host: 192.168.1.34:53168
15:08:47.672 > CACHE-CONTROL: no-cache
15:08:47.674 > PRAGMA: no-cache
15:08:47.675 > Connection: close
15:08:47.677 > Content-Length: 439
15:08:47.679 > Content-Type: text/xml; charset="utf-8"
15:08:47.682 > SOAPAction: "urn:schemas-upnp-org:service:ContentDirectory:1#Browse"
15:08:47.690 > User-Agent: ESP32/Player/UPNP1.0
15:08:47.693 >
15:08:47.693 > <s:Envelope xmlns:s="http://schemas.xmlsoap.org/soap/envelope/" s:encodingStyle="http://schemas.xmlsoap.org/soap/encoding/">
15:08:47.704 > <s:Body><u:Browse xmlns:u="urn:schemas-upnp-org:service:ContentDirectory:1">
15:08:47.710 > <ObjectID>0</ObjectID>
15:08:47.713 > <BrowseFlag>BrowseDirectChildren</BrowseFlag>
15:08:47.717 > <Filter>*</Filter>
15:08:47.718 > <StartingIndex>0</StartingIndex>
15:08:47.720 > <RequestedCount>100</RequestedCount>
15:08:47.724 > <SortCriteria></SortCriteria>
15:08:47.726 > </u:Browse>
15:08:47.727 > </s:Body>
15:08:47.728 > </s:Envelope>
15:08:47.730 >
15:08:47.730 >
15:08:47.730 > [  9034][I][SoapESP32.cpp:893] browseServer(): connected successfully to server 192.168.1.34:53168
15:08:47.740 > [  9035][V][SoapESP32.cpp:313] soapReadHttpHeader(): header line: HTTP/1.1 200 OK
15:08:47.746 > [  9043][V][SoapESP32.cpp:330] soapReadHttpHeader(): header line: Date: Fri, 10 Mar 2023 15:08:48 GMT
15:08:47.755 > [  9051][V][SoapESP32.cpp:330] soapReadHttpHeader(): header line: EXT:
15:08:47.761 > [  9058][V][SoapESP32.cpp:330] soapReadHttpHeader(): header line: CONTENT-TYPE: text/xml; charset="utf-8"
15:08:47.770 > [  9068][V][SoapESP32.cpp:330] soapReadHttpHeader(): header line: Server: Windows/6.2 UPnP/1.0 DLNADOC/1.50 Mezzmo Server (Windows)/6.0.6.0
15:08:47.784 > [  9079][V][SoapESP32.cpp:330] soapReadHttpHeader(): header line: Content-Length: 3253
15:08:47.791 > [  9086][V][SoapESP32.cpp:330] soapReadHttpHeader(): header line:
15:08:47.796 > [  9092][D][SoapESP32.cpp:352] soapReadHttpHeader(): HTTP-Header ok, trailing content is not chunked, announced size: 3253
15:08:47.807 > [  9103][I][SoapESP32.cpp:916] browseServer(): scan answer from media server:
15:08:47.839 > [  9146][V][SoapESP32.cpp:945] browseServer(): container attribute (length=74): id="taz1l0z1l3" parentID="0" searchable="1" restricted="1" childCount="12"
15:08:47.853 > [  9149][V][SoapESP32.cpp:946] browseServer(): container (length=545): <searchClass includeDerived="1">object.item</searchClass>
15:08:47.864 > <searchClass includeDerived="1">object.container</searchClass>
15:08:47.870 > <searchClass includeDerived="0">object.container.storageFolder</searchClass>
15:08:47.877 > <upnp:class>object.container.playlistContainer</upnp:class>
15:08:47.882 > <av:mediaClass xmlns:av="urn:schemas-sony-com:av">M</av:mediaClass>
15:08:47.889 > <dc:title>Music</dc:title>
15:08:47.891 > <dc:description>Playlist for all your music files and music playlists</dc:description>
15:08:47.898 > <upnp:longDescription>Playlist for all your music files and music playlists</upnp:longDescription>
15:08:47.907 > [  9203][D][SoapESP32.cpp:646] soapScanContainer(): function entered, parent id: 0
15:08:47.915 > [  9210][D][SoapESP32.cpp:650] soapScanContainer(): id="taz1l0z1l3"
15:08:47.921 > [  9216][D][SoapESP32.cpp:672] soapScanContainer(): childCount="12"
15:08:47.926 > [  9222][D][SoapESP32.cpp:684] soapScanContainer(): searchable="1"
15:08:47.932 > [  9228][D][SoapESP32.cpp:698] soapScanContainer(): title="Music"
15:08:47.938 > [  9234][I][SoapESP32.cpp:707] soapScanContainer(): folder "Music" (id: "taz1l0z1l3", childCount: 12) added to list
15:08:47.960 > [  9266][V][SoapESP32.cpp:945] browseServer(): container attribute (length=75): id="taz1l0z1l15" parentID="0" searchable="1" restricted="1" childCount="15"
15:08:47.974 > [  9269][V][SoapESP32.cpp:946] browseServer(): container (length=535): <searchClass includeDerived="1">object.item</searchClass>
15:08:47.986 > <searchClass includeDerived="1">object.container</searchClass>
15:08:47.991 > <searchClass includeDerived="0">object.container.storageFolder</searchClass>
15:08:47.998 > <upnp:class>object.container.playlistContainer</upnp:class>
15:08:48.002 > <av:mediaClass xmlns:av="urn:schemas-sony-com:av">V</av:mediaClass>
15:08:48.008 > <dc:title>Video</dc:title>
15:08:48.011 > <dc:description>Playlist for all your videos and video playlists</dc:description>
15:08:48.018 > <upnp:longDescription>Playlist for all your videos and video playlists</upnp:longDescription>
15:08:48.026 > [  9322][D][SoapESP32.cpp:646] soapScanContainer(): function entered, parent id: 0
15:08:48.033 > [  9329][D][SoapESP32.cpp:650] soapScanContainer(): id="taz1l0z1l15"
15:08:48.039 > [  9335][D][SoapESP32.cpp:672] soapScanContainer(): childCount="15"
15:08:48.045 > [  9341][D][SoapESP32.cpp:684] soapScanContainer(): searchable="1"
15:08:48.051 > [  9347][D][SoapESP32.cpp:698] soapScanContainer(): title="Video"
15:08:48.057 > [  9353][I][SoapESP32.cpp:707] soapScanContainer(): folder "Video" (id: "taz1l0z1l15", childCount: 15) added to list
15:08:48.078 > [  9385][V][SoapESP32.cpp:945] browseServer(): container attribute (length=74): id="taz1l0z1l30" parentID="0" searchable="1" restricted="1" childCount="7"
15:08:48.092 > [  9388][V][SoapESP32.cpp:946] browseServer(): container (length=538): <searchClass includeDerived="1">object.item</searchClass>
15:08:48.103 > <searchClass includeDerived="1">object.container</searchClass>
15:08:48.109 > <searchClass includeDerived="0">object.container.storageFolder</searchClass>
15:08:48.117 > <upnp:class>object.container.playlistContainer</upnp:class>
15:08:48.122 > <av:mediaClass xmlns:av="urn:schemas-sony-com:av">P</av:mediaClass>
15:08:48.127 > <dc:title>Photos</dc:title>
15:08:48.130 > <dc:description>Playlist for all your photos and photo slideshows</dc:description>
15:08:48.137 > <upnp:longDescription>Playlist for all your photos and photo slideshows</upnp:longDescription>
15:08:48.145 > [  9441][D][SoapESP32.cpp:646] soapScanContainer(): function entered, parent id: 0
15:08:48.152 > [  9448][D][SoapESP32.cpp:650] soapScanContainer(): id="taz1l0z1l30"
15:08:48.159 > [  9454][D][SoapESP32.cpp:672] soapScanContainer(): childCount="7"
15:08:48.164 > [  9460][D][SoapESP32.cpp:684] soapScanContainer(): searchable="1"
15:08:48.170 > [  9466][D][SoapESP32.cpp:698] soapScanContainer(): title="Photos"
15:08:48.176 > [  9472][I][SoapESP32.cpp:707] soapScanContainer(): folder "Photos" (id: "taz1l0z1l30", childCount: 7) added to list
15:08:48.186 > [  9484][D][SoapESP32.cpp:966] browseServer(): announced number of folders and/or files: 3
15:08:48.195 > [  9492][I][SoapESP32.cpp:982] browseServer(): found 3 folders and 0 files
15:08:48.202 > Browsing root directory. Number of sub-directories: 3
15:08:48.207 >  Music (child count: 12)
15:08:48.208 >  Video (child count: 15)
15:08:48.210 >  Photos (child count: 7)
15:08:48.213 >
15:08:48.213 >
15:08:48.213 > Sketch finished.