02:27:05.071 > ets Jun  8 2016 00:22:57
02:27:05.073 >
02:27:05.073 > rst:0x1 (POWERON_RESET),boot:0x33 (SPI_FAST_FLASH_BOOT)
02:27:05.078 > configsip: 0, SPIWP:0xee
02:27:05.080 > clk_drv:0x00,q_drv:0x00,d_drv:0x00,cs0_drv:0x00,hd_drv:0x00,wp_drv:0x00
02:27:05.086 > mode:DIO, clock div:2
02:27:05.088 > load:0x3fff0018,len:4
02:27:05.090 > load:0x3fff001c,len:1044
02:27:05.092 > load:0x40078000,len:10124
02:27:05.094 > load:0x40080400,len:5828
02:27:05.096 > entry 0x400806a8
02:27:05.418 >
02:27:05.419 > Connecting to WiFi network [D][WiFiGeneric.cpp:374] _eventCallback(): Event: 0 - WIFI_READY
02:27:05.564 > [D][WiFiGeneric.cpp:374] _eventCallback(): Event: 2 - STA_START
02:27:05.570 > .....[D][WiFiGeneric.cpp:374] _eventCallback(): Event: 4 - STA_CONNECTED
02:27:08.062 > .[D][WiFiGeneric.cpp:374] _eventCallback(): Event: 7 - STA_GOT_IP
02:27:08.486 > [D][WiFiGeneric.cpp:419] _eventCallback(): STA IP: 192.168.1.37, MASK: 255.255.255.0, GW: 192.168.1.1
02:27:08.561 >
02:27:08.563 > Connected successfully. IP address: 192.168.1.37
02:27:08.567 >
02:27:08.567 > Initializing SD card...done. Creating file on SD was successful.
02:27:08.578 > [I][SoapESP32.cpp:998] readStart(): server ip: 192.168.1.42, port: 8895, uri: "resource/229/MEDIA_ITEM/MP3-0/ORIGINAL"
02:27:08.643 > [V][SoapESP32.cpp:310] soapReadHttpHeader(): header line: HTTP/1.1 200 OK
02:27:08.649 > [V][SoapESP32.cpp:323] soapReadHttpHeader(): header line: Content-Length: 8555384
02:27:08.656 > [V][SoapESP32.cpp:323] soapReadHttpHeader(): header line: Content-Type: audio/mpeg
02:27:08.664 > [V][SoapESP32.cpp:323] soapReadHttpHeader(): header line: Cache-control: no-cache
02:27:08.672 > [V][SoapESP32.cpp:323] soapReadHttpHeader(): header line: Connection: close
02:27:08.679 > [V][SoapESP32.cpp:323] soapReadHttpHeader(): header line: Date: Fri, 21 Jan 2022 01:27:10 GMT
02:27:08.687 > [V][SoapESP32.cpp:323] soapReadHttpHeader(): header line: realTimeInfo.dlna.org: DLNA.ORG_TLAG=*
02:27:08.695 > [V][SoapESP32.cpp:323] soapReadHttpHeader(): header line: Server: Windows_10 UPnP/1.0 DLNADOC/1.50 Serviio/2.2.1
02:27:08.705 > [V][SoapESP32.cpp:323] soapReadHttpHeader(): header line: transferMode.dlna.org: Streaming
02:27:08.713 > [V][SoapESP32.cpp:323] soapReadHttpHeader(): header line:
02:27:08.718 > [D][SoapESP32.cpp:345] soapReadHttpHeader(): HTTP-Header ok, trailing content is not chunked, announced size: 8555384
02:27:08.728 > .......................................................................................................................................................................................................................................................................................................................................................................................................................................................................................................................................................................................................................................................................................................................................................................................................................................................................................................................................................................................................................................................................................................................................................................................................................................................................................................................................................................................................................................................................................................................................................................................................................................................................................................................................................................................................
02:27:50.537 > [D][SoapESP32.cpp:1106] readStop(): client data connection to media server closed
02:27:50.545 >
02:27:50.546 > File download was successful.
02:27:50.632 > File on SD closed.
02:27:50.635 >
02:27:50.635 > Sketch finished.