22:59:14.830 > Initializing Ethernet...DHCP ok.
22:59:18.554 > Local IP: 192.168.1.45
22:59:18.555 >
22:59:18.555 > Initializing SD card...done. Creating file on SD [  4846][W][sd_diskio.cpp:174] sdCommand(): no token received
22:59:19.217 > was successful.
22:59:19.219 > [  5366][I][SoapESP32.cpp:1004] readStart(): server ip: 192.168.1.42, port: 9790, uri: "minimserver/*/Media/Music/Alphaville*20-*20Big*20In*20Japan.mp3"
22:59:19.231 > [  5372][D][SoapESP32.cpp:1155] soapGet(): 192.168.1.42:9790 GET /minimserver/*/Media/Music/Alphaville*20-*20Big*20In*20Japan.mp3 HTTP/1.1
22:59:19.249 > [  5399][V][SoapESP32.cpp:312] soapReadHttpHeader(): header line: HTTP/1.1 200 OK     
22:59:19.257 > [  5400][V][SoapESP32.cpp:329] soapReadHttpHeader(): header line: Accept-Ranges: bytes
22:59:19.264 > [  5403][V][SoapESP32.cpp:329] soapReadHttpHeader(): header line: Date: Thu, 16 Jun 2022 20:59:19 GMT
22:59:19.274 > [  5412][V][SoapESP32.cpp:329] soapReadHttpHeader(): header line: Content-Length: 6892958 
22:59:19.282 > [  5420][V][SoapESP32.cpp:329] soapReadHttpHeader(): header line: Content-Type: audio/mpeg
22:59:19.290 > [  5428][V][SoapESP32.cpp:329] soapReadHttpHeader(): header line: Connection: close       
22:59:19.297 > [  5435][V][SoapESP32.cpp:329] soapReadHttpHeader(): header line: Last-Modified: Thu, 04 Feb 2021 16:38:36 GMT
22:59:19.307 > [  5445][V][SoapESP32.cpp:329] soapReadHttpHeader(): header line:
22:59:19.312 > [  5450][D][SoapESP32.cpp:351] soapReadHttpHeader(): HTTP-Header ok, trailing content is not chunked, announced size: 6892958
22:59:19.323 >
22:59:19.324 > Download request granted from server, announced file size: 6892958
22:59:19.329 > Start copying file from server to SD, please wait.
22:59:20.738 > ...........................................................................................................................................................................................................................................................................................................................................................................................................................................................................................................................................................................................................................................................................................................................................................................................................................................................................................................................................................................................................................................................................................................................................................................................................................................................................................................................................................................................................................................................................................................................................................................................................................................................................................................................................................................................................................................................................................................................................................................................................................................................................................................................................................................................................................................................................................................................................
22:59:55.000 > [ 41152][D][SoapESP32.cpp:1112] readStop(): client data connection to media server closed
22:59:55.008 >
22:59:55.008 > File download was successful.
22:59:55.422 > File on SD closed.
22:59:55.424 >
22:59:55.424 > Sketch finished.