18:19:10.955 > ets Jun  8 2016 00:22:57
18:19:10.958 >
18:19:10.958 > rst:0x1 (POWERON_RESET),boot:0x33 (SPI_FAST_FLASH_BOOT)
18:19:10.963 > configsip: 0, SPIWP:0xee
18:19:10.965 > clk_drv:0x00,q_drv:0x00,d_drv:0x00,cs0_drv:0x00,hd_drv:0x00,wp_drv:0x00
18:19:10.971 > mode:DIO, clock div:2    
18:19:10.973 > load:0x3fff0018,len:4    
18:19:10.975 > load:0x3fff001c,len:1044 
18:19:10.977 > load:0x40078000,len:10124
18:19:10.979 > load:0x40080400,len:5828 
18:19:10.981 > entry 0x400806a8
18:19:11.309 > 
18:19:11.310 > Connecting to WiFi network .......
18:19:15.050 > Connected successfully. IP address: 192.168.1.37
18:19:15.052 >
18:19:15.052 > Initializing SD card...done. Opening file on SD was successful.
18:19:15.071 > Scanning local network for DLNA media servers...
18:19:19.267 > Number of discovered servers that deliver content: 4
18:19:19.272 >
18:19:19.272 > Please be patient, searching audio file on server: Kodi (Virtual-Win10)
18:19:20.359 > Please be patient, searching audio file on server: Serviio (Virtual-Win10)
18:19:22.684 > Please be patient, searching audio file on server: VIRTUAL-WIN10: MediaPlayerVM:
18:19:34.167 > Audio file was found:
18:19:34.170 >  name: "500 Miles", id: 4-3339, size: 6359038
18:19:34.173 >  URI: WMPNSSv4/142089801/1_NC0zMzM5.mp3
18:19:34.208 > Download request granted from server, announced file size: 6359038
18:19:34.214 > Start copying file from server to SD, please wait.
18:19:34.245 > ........................................................................................................................................................................................................................................................................................................................................................................................................................................................................................................................................................................................................................................................................................................................................................................................................................................................................................................................................................................................................................................................................................................................................................................................................................................................................................................................
18:20:18.235 >
18:20:18.236 > File download was successful.
18:20:18.237 > Closing file on SD.
18:20:18.404 > 
18:20:18.406 > Some ESP32 memory stats after running this sketch:
18:20:18.409 >  1) minimum ever free memory of all regions [in bytes]: 194152
18:20:18.416 >  2) minimum ever free heap size [in bytes]:             125504
18:20:18.422 >  3) minimum ever stack size of this task [in bytes]:    2904
18:20:18.427 >
18:20:18.427 > Sketch finished.