17:52:08.739 >
17:52:08.739 > Initializing Ethernet...DHCP ok.
17:52:08.739 > Local IP: 192.168.1.45
17:52:08.739 >
17:52:08.739 > Initializing SD card...done. Creating file on SD was successful.
17:52:08.739 > [I][SoapESP32.cpp:985] readStart(): server ip: 192.168.1.42, port: 1557, uri: "%25/ad9b0c9f4cc1b5940a42962422d62eba/VideoNr2.mp4"
17:52:08.739 > [V][SoapESP32.cpp:310] soapReadHttpHeader(): header line: HTTP/1.1 200 OK
17:52:08.739 > [V][SoapESP32.cpp:323] soapReadHttpHeader(): header line: Last-Modified: Thu, 13 Jan 2022 15:01:42 GMT
17:52:08.739 > [V][SoapESP32.cpp:323] soapReadHttpHeader(): header line: Cache-Control: max-age=0,must-revalidate
17:52:08.739 > [V][SoapESP32.cpp:323] soapReadHttpHeader(): header line: Date: Fri, 14 Jan 2022 16:52:08 GMT
17:52:08.739 > [V][SoapESP32.cpp:323] soapReadHttpHeader(): header line: Accept-Ranges: bytes
17:52:08.739 > [V][SoapESP32.cpp:323] soapReadHttpHeader(): header line: TransferMode.DLNA.ORG: Streaming
17:52:08.739 > [V][SoapESP32.cpp:323] soapReadHttpHeader(): header line: Content-Length: 7675374555
17:52:08.739 > [V][SoapESP32.cpp:323] soapReadHttpHeader(): header line: Content-Type: video/mp4
17:52:08.746 > [V][SoapESP32.cpp:323] soapReadHttpHeader(): header line: Connection: close
17:52:08.753 > [V][SoapESP32.cpp:323] soapReadHttpHeader(): header line: Server: UPnP/1.0 DLNADOC/1.50 Kodi
17:52:08.761 > [V][SoapESP32.cpp:323] soapReadHttpHeader(): header line:
17:52:08.766 > [D][SoapESP32.cpp:345] soapReadHttpHeader(): HTTP-Header ok, trailing content is not chunked, announced size: 7675374555
17:52:08.777 > [E][SoapESP32.cpp:1013] readStart(): file too big for download. Maximum allowed file size is 4GB-1.
17:52:09.774 > Error requesting file from media server.
17:52:09.779 > File on SD closed.
17:52:09.781 >
17:52:09.781 > Some ESP32 memory stats after running this sketch:
17:52:09.786 >  1) minimum ever free memory of all regions [in bytes]: 335596
17:52:09.791 >  2) minimum ever free heap size [in bytes]:             249888
17:52:09.797 >  3) minimum ever stack size of this task [in bytes]:    2872  
17:52:09.802 >
17:52:09.802 > Sketch finished.