19:22:38.141 > ets Jun  8 2016 00:22:57
19:22:38.144 >
19:22:38.145 > rst:0x1 (POWERON_RESET),boot:0x33 (SPI_FAST_FLASH_BOOT)
19:22:38.149 > configsip: 0, SPIWP:0xee
19:22:38.152 > clk_drv:0x00,q_drv:0x00,d_drv:0x00,cs0_drv:0x00,hd_drv:0x00,wp_drv:0x00
19:22:38.157 > mode:DIO, clock div:2
19:22:38.159 > load:0x3fff0018,len:4
19:22:38.162 > load:0x3fff001c,len:1044
19:22:38.163 > load:0x40078000,len:10124
19:22:38.165 > load:0x40080400,len:5828
19:22:38.167 > entry 0x400806a8
19:22:38.493 > 
19:22:38.494 > Connecting to WiFi network ......
19:22:41.637 > Connected successfully. IP address: 192.168.1.37
19:22:41.641 >
19:22:41.641 > Initializing SD card...done. Opening file on SD was successful.
19:22:41.807 > Scanning local network for DLNA media servers...
19:22:46.049 > Number of discovered servers that deliver content: 5
19:22:46.054 >
19:22:46.054 > Please be patient, searching audio file on server: Serviio (Virtual-Win10)
19:22:48.055 > Please be patient, searching audio file on server: Jellyfin - VIRTUAL-WIN10
19:22:48.688 > [E][SoapESP32.cpp:648] soapScanContainer(): scanned parent id "f137a2dd21bbc1b99aa5c0f6bf02a805" != requested parent id "genres_f137a2dd21bbc1b99aa5c0f6bf02a805"
19:22:49.088 > [E][SoapESP32.cpp:648] soapScanContainer(): scanned parent id "7e64e319657a9516ec78490da03edccb" != requested parent id "latest_7e64e319657a9516ec78490da03edccb"
19:22:50.015 > Audio file was found:
19:22:50.017 >  name: "Major Tom (German Version)", id: 878a8ae781c26c5fb87d40c8d92a7a38, size: 3855747
19:22:50.025 >  URI: audio/878a8ae7-81c2-6c5f-b87d-40c8d92a7a38/stream.mp3?DeviceProfileId=89acdc60ad484f11a947d3783c23ab84&DeviceId=test&MediaSourceId=878a8ae781c26c5fb87d40c8d92a7a38&Static=true&Tag=f4b1a06eed25101d66280d86537bdd0a&dlnaheaders=true
19:22:50.076 > Download request granted from server, announced file size: 3855747
19:22:50.082 > Start copying file from server to SD, please wait.
19:22:50.582 > ....................................................................................................................................................................................................................................................................................................................................................................................................................................................................................................................................................................................................................................................................................................................................................................................................
19:23:18.171 >
19:23:18.172 > File download was successful.
19:23:18.175 > Closing file on SD.
19:23:18.296 > 
19:23:18.297 > Sketch finished.