18:27:30.236 > ets Jun  8 2016 00:22:57
18:27:30.238 >
18:27:30.238 > rst:0x1 (POWERON_RESET),boot:0x33 (SPI_FAST_FLASH_BOOT)
18:27:30.243 > configsip: 0, SPIWP:0xee
18:27:30.245 > clk_drv:0x00,q_drv:0x00,d_drv:0x00,cs0_drv:0x00,hd_drv:0x00,wp_drv:0x00
18:27:30.251 > mode:DIO, clock div:2
18:27:30.253 > load:0x3fff0018,len:4
18:27:30.255 > load:0x3fff001c,len:1044
18:27:30.257 > load:0x40078000,len:10124
18:27:30.261 > load:0x40080400,len:5828
18:27:30.263 > entry 0x400806a8
18:27:30.582 > 
18:27:30.583 > Connecting to WiFi network [D][WiFiGeneric.cpp:374] _eventCallback(): Event: 0 - WIFI_READY
18:27:30.824 > [D][WiFiGeneric.cpp:374] _eventCallback(): Event: 2 - STA_START
18:27:30.829 > .....[D][WiFiGeneric.cpp:374] _eventCallback(): Event: 4 - STA_CONNECTED
18:27:33.320 > .[D][WiFiGeneric.cpp:374] _eventCallback(): Event: 7 - STA_GOT_IP
18:27:33.634 > [D][WiFiGeneric.cpp:419] _eventCallback(): STA IP: 192.168.1.37, MASK: 255.255.255.0, GW: 192.168.1.1
18:27:33.821 > 
18:27:33.822 > Connected successfully.
18:27:33.824 > IP address: 192.168.1.37
18:27:33.826 >
18:27:33.826 > Scanning local network for DLNA media servers...
18:27:33.830 > [I][SoapESP32.cpp:472] seekServer(): SSDP search for media servers started
18:27:33.858 > [D][SoapESP32.cpp:241] soapSSDPquery(): received SSDP packet within 26 ms: packet size: 370
18:27:33.867 > [V][SoapESP32.cpp:247] soapSSDPquery(): SSDP packet content:
18:27:33.873 > HTTP/1.1 200 OK
18:27:33.874 > CACHE-CONTROL: max-age=1800
18:27:33.877 > DATE: Fri, 14 Jan 2022 17:27:33 GMT
18:27:33.880 > LOCATION: http://192.168.1.42:5001/description/fetch
18:27:33.884 > SERVER: Windows_10-amd64-10.0, UPnP/1.0 DLNADOC/1.50, UMS/10.14.1
18:27:33.890 > ST: urn:schemas-upnp-org:device:MediaServer:1
18:27:33.894 > EXT:
18:27:33.895 > USN: uuid:6056683d-9fdb-46ea-9ea6-5cfd0bf72c27::urn:schemas-upnp-org:device:MediaServer:1
18:27:33.903 > Content-Length: 0
18:27:33.904 >
18:27:33.905 >
18:27:33.905 > [D][SoapESP32.cpp:267] soapSSDPquery(): scanned ip=192.168.1.42, port=5001, location=description/fetch
18:27:34.253 > [D][SoapESP32.cpp:241] soapSSDPquery(): received SSDP packet within 421 ms: packet size: 369
18:27:34.262 > [V][SoapESP32.cpp:247] soapSSDPquery(): SSDP packet content:
18:27:34.267 > HTTP/1.1 200 OK
18:27:34.269 > Location: http://192.168.1.42:1557/DeviceDescription.xml
18:27:34.274 > Cache-Control: max-age=1800
18:27:34.276 > Server: UPnP/1.0 DLNADOC/1.50 Kodi
18:27:34.279 > EXT:
18:27:34.280 > BOOTID.UPNP.ORG: 0
18:27:34.282 > CONFIGID.UPNP.ORG: 5452
18:27:34.284 > USN: uuid:1960b02b-2618-c8eb-e6aa-2367704dac98::urn:schemas-upnp-org:device:MediaServer:1
18:27:34.292 > ST: urn:schemas-upnp-org:device:MediaServer:1
18:27:34.296 > Date: Fri, 14 Jan 2022 17:27:33 GMT
18:27:34.299 >
18:27:34.299 >
18:27:34.299 > [D][SoapESP32.cpp:267] soapSSDPquery(): scanned ip=192.168.1.42, port=1557, location=DeviceDescription.xml
18:27:34.322 > [D][SoapESP32.cpp:241] soapSSDPquery(): received SSDP packet within 491 ms: packet size: 369
18:27:34.332 > [V][SoapESP32.cpp:247] soapSSDPquery(): SSDP packet content:
18:27:34.337 > HTTP/1.1 200 OK
18:27:34.339 > Location: http://192.168.1.42:1557/DeviceDescription.xml
18:27:34.344 > Cache-Control: max-age=1800
18:27:34.345 > Server: UPnP/1.0 DLNADOC/1.50 Kodi
18:27:34.348 > EXT:
18:27:34.349 > BOOTID.UPNP.ORG: 0
18:27:34.352 > CONFIGID.UPNP.ORG: 5452
18:27:34.354 > USN: uuid:1960b02b-2618-c8eb-e6aa-2367704dac98::urn:schemas-upnp-org:device:MediaServer:1
18:27:34.362 > ST: urn:schemas-upnp-org:device:MediaServer:1
18:27:34.366 > Date: Fri, 14 Jan 2022 17:27:33 GMT
18:27:34.369 >
18:27:34.369 >
18:27:34.369 > [D][SoapESP32.cpp:267] soapSSDPquery(): scanned ip=192.168.1.42, port=1557, location=DeviceDescription.xml
18:27:34.393 > [D][SoapESP32.cpp:241] soapSSDPquery(): received SSDP packet within 561 ms: packet size: 489
18:27:34.402 > [V][SoapESP32.cpp:247] soapSSDPquery(): SSDP packet content:
18:27:34.407 > HTTP/1.1 200 OK
18:27:34.409 > ST: urn:schemas-upnp-org:device:MediaServer:1
18:27:34.413 > USN: uuid:5f8237e2-e279-46e6-91a1-16662dae9ac3::urn:schemas-upnp-org:device:MediaServer:1
18:27:34.421 > Location: http://192.168.1.42:2869/upnphost/udhisapi.dll?content=uuid:5f8237e2-e279-46e6-91a1-16662dae9ac3
18:27:34.430 > OPT:"http://schemas.upnp.org/upnp/1/0/"; ns=01
18:27:34.434 > 01-NLS: 5dfd0deb24d999005f691b458d12b76b
18:27:34.438 > Cache-Control: max-age=900
18:27:34.440 > Server: Microsoft-Windows/10.0 UPnP/1.0 UPnP-Device-Host/1.0
18:27:34.446 > Ext:
18:27:34.446 > Date: Fri, 14 Jan 2022 13:27:49 GMT
18:27:34.450 >
18:27:34.450 >
18:27:34.450 > [D][SoapESP32.cpp:267] soapSSDPquery(): scanned ip=192.168.1.42, port=2869, location=upnphost/udhisapi.dll?content=uuid:5f8237e2-e279-46e6-91a1-16662dae9ac3
18:27:34.477 > [D][SoapESP32.cpp:241] soapSSDPquery(): received SSDP packet within 645 ms: packet size: 489
18:27:34.486 > [V][SoapESP32.cpp:247] soapSSDPquery(): SSDP packet content:
18:27:34.491 > HTTP/1.1 200 OK
18:27:34.493 > ST: urn:schemas-upnp-org:device:MediaServer:1
18:27:34.497 > USN: uuid:5f8237e2-e279-46e6-91a1-16662dae9ac3::urn:schemas-upnp-org:device:MediaServer:1
18:27:34.505 > Location: http://192.168.1.42:2869/upnphost/udhisapi.dll?content=uuid:5f8237e2-e279-46e6-91a1-16662dae9ac3
18:27:34.513 > OPT:"http://schemas.upnp.org/upnp/1/0/"; ns=01
18:27:34.518 > 01-NLS: 5dfd0deb24d999005f691b458d12b76b
18:27:34.522 > Cache-Control: max-age=900
18:27:34.524 > Server: Microsoft-Windows/10.0 UPnP/1.0 UPnP-Device-Host/1.0
18:27:34.529 > Ext:
18:27:34.529 > Date: Fri, 14 Jan 2022 13:27:49 GMT
18:27:34.533 >
18:27:34.534 >
18:27:34.534 > [D][SoapESP32.cpp:267] soapSSDPquery(): scanned ip=192.168.1.42, port=2869, location=upnphost/udhisapi.dll?content=uuid:5f8237e2-e279-46e6-91a1-16662dae9ac3
18:27:34.561 > [D][SoapESP32.cpp:241] soapSSDPquery(): received SSDP packet within 729 ms: packet size: 379
18:27:34.570 > [V][SoapESP32.cpp:247] soapSSDPquery(): SSDP packet content:
18:27:34.575 > HTTP/1.1 200 OK
18:27:34.577 > CACHE-CONTROL: max-age = 1800
18:27:34.579 > LOCATION: http://192.168.1.42:8895/deviceDescription/f7e83734-b58d-342d-ab20-3dd0802b9dc3
18:27:34.587 > EXT:
18:27:34.588 > DATE: Fri, 14 Jan 2022 17:27:33 GMT
18:27:34.591 > SERVER: Windows_10 UPnP/1.0 DLNADOC/1.50 Serviio/2.2.1
18:27:34.596 > ST: urn:schemas-upnp-org:device:MediaServer:1
18:27:34.600 > USN: uuid:f7e83734-b58d-342d-ab20-3dd0802b9dc3::urn:schemas-upnp-org:device:MediaServer:1
18:27:34.608 >
18:27:34.608 >
18:27:34.608 > [D][SoapESP32.cpp:267] soapSSDPquery(): scanned ip=192.168.1.42, port=8895, location=deviceDescription/f7e83734-b58d-342d-ab20-3dd0802b9dc3
18:27:35.134 > [D][SoapESP32.cpp:241] soapSSDPquery(): received SSDP packet within 1302 ms: packet size: 379
18:27:35.142 > [V][SoapESP32.cpp:247] soapSSDPquery(): SSDP packet content:
18:27:35.147 > HTTP/1.1 200 OK
18:27:35.149 > CACHE-CONTROL: max-age = 1800
18:27:35.151 > LOCATION: http://192.168.1.42:8895/deviceDescription/f7e83734-b58d-342d-ab20-3dd0802b9dc3
18:27:35.159 > EXT:
18:27:35.160 > DATE: Fri, 14 Jan 2022 17:27:33 GMT
18:27:35.163 > SERVER: Windows_10 UPnP/1.0 DLNADOC/1.50 Serviio/2.2.1
18:27:35.169 > ST: urn:schemas-upnp-org:device:MediaServer:1
18:27:35.173 > USN: uuid:f7e83734-b58d-342d-ab20-3dd0802b9dc3::urn:schemas-upnp-org:device:MediaServer:1
18:27:35.181 >
18:27:35.181 >
18:27:35.181 > [D][SoapESP32.cpp:267] soapSSDPquery(): scanned ip=192.168.1.42, port=8895, location=deviceDescription/f7e83734-b58d-342d-ab20-3dd0802b9dc3
18:27:35.332 > [D][SoapESP32.cpp:241] soapSSDPquery(): received SSDP packet within 1500 ms: packet size: 489
18:27:35.341 > [V][SoapESP32.cpp:247] soapSSDPquery(): SSDP packet content:
18:27:35.346 > HTTP/1.1 200 OK
18:27:35.348 > ST: urn:schemas-upnp-org:device:MediaServer:1
18:27:35.352 > USN: uuid:5f8237e2-e279-46e6-91a1-16662dae9ac3::urn:schemas-upnp-org:device:MediaServer:1
18:27:35.360 > Location: http://192.168.1.42:2869/upnphost/udhisapi.dll?content=uuid:5f8237e2-e279-46e6-91a1-16662dae9ac3
18:27:35.369 > OPT:"http://schemas.upnp.org/upnp/1/0/"; ns=01
18:27:35.372 > 01-NLS: 5dfd0deb24d999005f691b458d12b76b
18:27:35.376 > Cache-Control: max-age=900
18:27:35.378 > Server: Microsoft-Windows/10.0 UPnP/1.0 UPnP-Device-Host/1.0
18:27:35.384 > Ext:
18:27:35.384 > Date: Fri, 14 Jan 2022 13:27:49 GMT
18:27:35.389 >
18:27:35.389 >
18:27:35.389 > [D][SoapESP32.cpp:267] soapSSDPquery(): scanned ip=192.168.1.42, port=2869, location=upnphost/udhisapi.dll?content=uuid:5f8237e2-e279-46e6-91a1-16662dae9ac3   
18:27:35.840 > [D][SoapESP32.cpp:241] soapSSDPquery(): received SSDP packet within 2009 ms: packet size: 489
18:27:35.849 > [V][SoapESP32.cpp:247] soapSSDPquery(): SSDP packet content:
18:27:35.854 > HTTP/1.1 200 OK
18:27:35.856 > ST: urn:schemas-upnp-org:device:MediaServer:1
18:27:35.861 > USN: uuid:5f8237e2-e279-46e6-91a1-16662dae9ac3::urn:schemas-upnp-org:device:MediaServer:1
18:27:35.869 > Location: http://192.168.1.42:2869/upnphost/udhisapi.dll?content=uuid:5f8237e2-e279-46e6-91a1-16662dae9ac3
18:27:35.878 > OPT:"http://schemas.upnp.org/upnp/1/0/"; ns=01
18:27:35.882 > 01-NLS: 5dfd0deb24d999005f691b458d12b76b
18:27:35.886 > Cache-Control: max-age=900
18:27:35.888 > Server: Microsoft-Windows/10.0 UPnP/1.0 UPnP-Device-Host/1.0
18:27:35.894 > Ext:
18:27:35.894 > Date: Fri, 14 Jan 2022 13:27:49 GMT
18:27:35.897 >
18:27:35.898 >
18:27:35.898 > [D][SoapESP32.cpp:267] soapSSDPquery(): scanned ip=192.168.1.42, port=2869, location=upnphost/udhisapi.dll?content=uuid:5f8237e2-e279-46e6-91a1-16662dae9ac3
18:27:35.924 > [D][SoapESP32.cpp:241] soapSSDPquery(): received SSDP packet within 2093 ms: packet size: 332
18:27:35.934 > [V][SoapESP32.cpp:247] soapSSDPquery(): SSDP packet content:
18:27:35.938 > HTTP/1.1 200 OK
18:27:35.941 > Cache-Control: max-age=1800
18:27:35.943 > EXT:
18:27:35.944 > Location: http://192.168.1.11:55247/dms/
18:27:35.947 > Server: Linux/3.10.24-rtk-nas-g0be9683+ UPnP/1.0 DiXiM/5.0
18:27:35.953 > ST: urn:schemas-upnp-org:device:MediaServer:1
18:27:35.957 > USN: uuid:86c1bc5c-751d-11ec-93e8-18c2bf1c6fdf::urn:schemas-upnp-org:device:MediaServer:1
18:27:35.964 > Date: Fri, 14 Jan 2022 17:27:36 GMT
18:27:35.967 >
18:27:35.967 >
18:27:35.967 > [D][SoapESP32.cpp:267] soapSSDPquery(): scanned ip=192.168.1.11, port=55247, location=dms/
18:27:35.990 > [D][SoapESP32.cpp:241] soapSSDPquery(): received SSDP packet within 2158 ms: packet size: 369
18:27:35.999 > [V][SoapESP32.cpp:247] soapSSDPquery(): SSDP packet content:
18:27:36.004 > HTTP/1.1 200 OK
18:27:36.006 > Location: http://192.168.1.42:1557/DeviceDescription.xml
18:27:36.011 > Cache-Control: max-age=1800
18:27:36.013 > Server: UPnP/1.0 DLNADOC/1.50 Kodi
18:27:36.016 > EXT: 
18:27:36.017 > BOOTID.UPNP.ORG: 0
18:27:36.019 > CONFIGID.UPNP.ORG: 5452
18:27:36.021 > USN: uuid:1960b02b-2618-c8eb-e6aa-2367704dac98::urn:schemas-upnp-org:device:MediaServer:1
18:27:36.029 > ST: urn:schemas-upnp-org:device:MediaServer:1
18:27:36.033 > Date: Fri, 14 Jan 2022 17:27:35 GMT
18:27:36.036 >
18:27:36.036 >
18:27:36.036 > [D][SoapESP32.cpp:267] soapSSDPquery(): scanned ip=192.168.1.42, port=1557, location=DeviceDescription.xml
18:27:36.059 > [D][SoapESP32.cpp:241] soapSSDPquery(): received SSDP packet within 2228 ms: packet size: 369
18:27:36.069 > [V][SoapESP32.cpp:247] soapSSDPquery(): SSDP packet content:
18:27:36.074 > HTTP/1.1 200 OK
18:27:36.076 > Location: http://192.168.1.42:1557/DeviceDescription.xml
18:27:36.081 > Cache-Control: max-age=1800
18:27:36.083 > Server: UPnP/1.0 DLNADOC/1.50 Kodi
18:27:36.086 > EXT:
18:27:36.087 > BOOTID.UPNP.ORG: 0
18:27:36.089 > CONFIGID.UPNP.ORG: 5452
18:27:36.091 > USN: uuid:1960b02b-2618-c8eb-e6aa-2367704dac98::urn:schemas-upnp-org:device:MediaServer:1
18:27:36.099 > ST: urn:schemas-upnp-org:device:MediaServer:1
18:27:36.103 > Date: Fri, 14 Jan 2022 17:27:35 GMT
18:27:36.106 >
18:27:36.106 >
18:27:36.106 > [D][SoapESP32.cpp:267] soapSSDPquery(): scanned ip=192.168.1.42, port=1557, location=DeviceDescription.xml
18:27:36.130 > [D][SoapESP32.cpp:241] soapSSDPquery(): received SSDP packet within 2298 ms: packet size: 332
18:27:36.139 > [V][SoapESP32.cpp:247] soapSSDPquery(): SSDP packet content:
18:27:36.143 > HTTP/1.1 200 OK
18:27:36.145 > Cache-Control: max-age=1800
18:27:36.147 > EXT:
18:27:36.148 > Location: http://192.168.1.11:55247/dms/
18:27:36.151 > Server: Linux/3.10.24-rtk-nas-g0be9683+ UPnP/1.0 DiXiM/5.0
18:27:36.157 > ST: urn:schemas-upnp-org:device:MediaServer:1
18:27:36.161 > USN: uuid:86c1bc5c-751d-11ec-93e8-18c2bf1c6fdf::urn:schemas-upnp-org:device:MediaServer:1
18:27:36.169 > Date: Fri, 14 Jan 2022 17:27:36 GMT
18:27:36.172 >
18:27:36.172 >
18:27:36.172 > [D][SoapESP32.cpp:267] soapSSDPquery(): scanned ip=192.168.1.11, port=55247, location=dms/
18:27:36.195 > [D][SoapESP32.cpp:241] soapSSDPquery(): received SSDP packet within 2363 ms: packet size: 379
18:27:36.204 > [V][SoapESP32.cpp:247] soapSSDPquery(): SSDP packet content:
18:27:36.208 > HTTP/1.1 200 OK
18:27:36.210 > CACHE-CONTROL: max-age = 1800
18:27:36.212 > LOCATION: http://192.168.1.42:8895/deviceDescription/f7e83734-b58d-342d-ab20-3dd0802b9dc3
18:27:36.220 > EXT: 
18:27:36.221 > DATE: Fri, 14 Jan 2022 17:27:33 GMT
18:27:36.224 > SERVER: Windows_10 UPnP/1.0 DLNADOC/1.50 Serviio/2.2.1
18:27:36.229 > ST: urn:schemas-upnp-org:device:MediaServer:1
18:27:36.233 > USN: uuid:f7e83734-b58d-342d-ab20-3dd0802b9dc3::urn:schemas-upnp-org:device:MediaServer:1
18:27:36.241 >
18:27:36.241 >
18:27:36.241 > [D][SoapESP32.cpp:267] soapSSDPquery(): scanned ip=192.168.1.42, port=8895, location=deviceDescription/f7e83734-b58d-342d-ab20-3dd0802b9dc3
18:27:36.668 > [D][SoapESP32.cpp:241] soapSSDPquery(): received SSDP packet within 2836 ms: packet size: 379
18:27:36.677 > [V][SoapESP32.cpp:247] soapSSDPquery(): SSDP packet content:
18:27:36.682 > HTTP/1.1 200 OK
18:27:36.684 > CACHE-CONTROL: max-age = 1800
18:27:36.686 > LOCATION: http://192.168.1.42:8895/deviceDescription/f7e83734-b58d-342d-ab20-3dd0802b9dc3
18:27:36.694 > EXT:
18:27:36.695 > DATE: Fri, 14 Jan 2022 17:27:33 GMT
18:27:36.698 > SERVER: Windows_10 UPnP/1.0 DLNADOC/1.50 Serviio/2.2.1
18:27:36.703 > ST: urn:schemas-upnp-org:device:MediaServer:1
18:27:36.707 > USN: uuid:f7e83734-b58d-342d-ab20-3dd0802b9dc3::urn:schemas-upnp-org:device:MediaServer:1
18:27:36.715 >
18:27:36.715 >
18:27:36.715 > [D][SoapESP32.cpp:267] soapSSDPquery(): scanned ip=192.168.1.42, port=8895, location=deviceDescription/f7e83734-b58d-342d-ab20-3dd0802b9dc3
18:27:37.845 > [I][SoapESP32.cpp:475] seekServer(): SSDP query discovered 5 media servers
18:27:37.851 > [I][SoapESP32.cpp:478] seekServer(): checking all discovered media servers for service ContentDirectory
18:27:37.877 > [I][SoapESP32.cpp:492] seekServer(): connected successfully to server 192.168.1.42:5001
18:27:37.887 > [V][SoapESP32.cpp:310] soapReadHttpHeader(): header line: HTTP/1.1 200 OK
18:27:37.893 > [V][SoapESP32.cpp:323] soapReadHttpHeader(): header line: Content-Type: text/xml; charset="utf-8"
18:27:37.901 > [V][SoapESP32.cpp:323] soapReadHttpHeader(): header line: Cache-Control: no-cache
18:27:37.908 > [V][SoapESP32.cpp:323] soapReadHttpHeader(): header line: Expires: 0
18:27:37.914 > [V][SoapESP32.cpp:323] soapReadHttpHeader(): header line: Accept-Ranges: bytes
18:27:37.922 > [V][SoapESP32.cpp:323] soapReadHttpHeader(): header line: Connection: keep-alive
18:27:37.928 > [V][SoapESP32.cpp:323] soapReadHttpHeader(): header line: Server: Windows_10-amd64-10.0, UPnP/1.0 DLNADOC/1.50, UMS/10.14.1
18:27:37.939 > [V][SoapESP32.cpp:323] soapReadHttpHeader(): header line: Content-Length: 3510
18:27:37.946 > [V][SoapESP32.cpp:323] soapReadHttpHeader(): header line: 
18:27:37.951 > [D][SoapESP32.cpp:345] soapReadHttpHeader(): HTTP-Header ok, trailing content is not chunked, announced size: 3510
18:27:37.961 > [D][SoapESP32.cpp:521] seekServer(): scanned friendly name: Universal Media Server
18:27:37.969 > [D][SoapESP32.cpp:531] seekServer(): server offers service: urn:schemas-upnp-org:service:ContentDirectory:1
18:27:37.978 > [D][SoapESP32.cpp:543] seekServer(): assigned controlURL: upnp/control/content_directory
18:27:37.986 > [I][SoapESP32.cpp:544] seekServer(): ok, this server delivers media content
18:27:38.022 > [I][SoapESP32.cpp:492] seekServer(): connected successfully to server 192.168.1.42:1557
18:27:38.030 > [V][SoapESP32.cpp:310] soapReadHttpHeader(): header line: HTTP/1.1 200 OK
18:27:38.037 > [V][SoapESP32.cpp:323] soapReadHttpHeader(): header line: Date: Fri, 14 Jan 2022 17:27:37 GMT
18:27:38.045 > [V][SoapESP32.cpp:323] soapReadHttpHeader(): header line: Content-Length: 3443
18:27:38.052 > [V][SoapESP32.cpp:323] soapReadHttpHeader(): header line: Content-Type: text/xml; charset="utf-8"
18:27:38.060 > [V][SoapESP32.cpp:323] soapReadHttpHeader(): header line: Connection: close
18:27:38.067 > [V][SoapESP32.cpp:323] soapReadHttpHeader(): header line: Server: UPnP/1.0 DLNADOC/1.50 Kodi
18:27:38.075 > [V][SoapESP32.cpp:323] soapReadHttpHeader(): header line:
18:27:38.081 > [D][SoapESP32.cpp:345] soapReadHttpHeader(): HTTP-Header ok, trailing content is not chunked, announced size: 3443
18:27:38.091 > [D][SoapESP32.cpp:521] seekServer(): scanned friendly name: Kodi (Virtual-Win10)
18:27:38.098 > [D][SoapESP32.cpp:531] seekServer(): server offers service: urn:schemas-upnp-org:service:ContentDirectory:1
18:27:38.107 > [D][SoapESP32.cpp:543] seekServer(): assigned controlURL: ContentDirectory/1960b02b-2618-c8eb-e6aa-2367704dac98/control.xml
18:27:38.118 > [I][SoapESP32.cpp:544] seekServer(): ok, this server delivers media content
18:27:38.133 > [I][SoapESP32.cpp:492] seekServer(): connected successfully to server 192.168.1.42:2869
18:27:38.141 > [V][SoapESP32.cpp:310] soapReadHttpHeader(): header line: HTTP/1.1 200 OK
18:27:38.148 > [V][SoapESP32.cpp:323] soapReadHttpHeader(): header line: Content-Length: 4153
18:27:38.155 > [V][SoapESP32.cpp:323] soapReadHttpHeader(): header line: Content-Type: text/xml; charset="utf-8"
18:27:38.163 > [V][SoapESP32.cpp:323] soapReadHttpHeader(): header line: Server: Microsoft-Windows/10.0 UPnP/1.0 UPnP-Device-Host/1.0 Microsoft-HTTPAPI/2.0
18:27:38.176 > [V][SoapESP32.cpp:323] soapReadHttpHeader(): header line: Date: Fri, 14 Jan 2022 17:27:37 GMT
18:27:38.184 > [V][SoapESP32.cpp:323] soapReadHttpHeader(): header line: Connection: close
18:27:38.190 > [V][SoapESP32.cpp:323] soapReadHttpHeader(): header line:
18:27:38.196 > [D][SoapESP32.cpp:345] soapReadHttpHeader(): HTTP-Header ok, trailing content is not chunked, announced size: 4153
18:27:38.207 > [D][SoapESP32.cpp:521] seekServer(): scanned friendly name: VIRTUAL-WIN10: MediaPlayerVM:
18:27:38.214 > [D][SoapESP32.cpp:531] seekServer(): server offers service: urn:schemas-upnp-org:service:ContentDirectory:1
18:27:38.223 > [D][SoapESP32.cpp:543] seekServer(): assigned controlURL: upnphost/udhisapi.dll?control=uuid:5f8237e2-e279-46e6-91a1-16662dae9ac3+urn:upnp-org:serviceId:ContentDirectory
18:27:38.238 > [I][SoapESP32.cpp:544] seekServer(): ok, this server delivers media content
18:27:38.253 > [I][SoapESP32.cpp:492] seekServer(): connected successfully to server 192.168.1.42:8895
18:27:38.261 > [V][SoapESP32.cpp:310] soapReadHttpHeader(): header line: HTTP/1.1 200 OK
18:27:38.268 > [V][SoapESP32.cpp:323] soapReadHttpHeader(): header line: DATE: Fri, 14 Jan 2022 17:27:37 GMT
18:27:38.276 > [V][SoapESP32.cpp:323] soapReadHttpHeader(): header line: Server: Windows_10 UPnP/1.0 DLNADOC/1.50 Serviio/2.2.1
18:27:38.286 > [V][SoapESP32.cpp:323] soapReadHttpHeader(): header line: Content-Length: 2485
18:27:38.293 > [V][SoapESP32.cpp:323] soapReadHttpHeader(): header line: Content-Type: text/xml
18:27:38.300 > [V][SoapESP32.cpp:323] soapReadHttpHeader(): header line: Connection: close
18:27:38.307 > [V][SoapESP32.cpp:323] soapReadHttpHeader(): header line:
18:27:38.312 > [D][SoapESP32.cpp:345] soapReadHttpHeader(): HTTP-Header ok, trailing content is not chunked, announced size: 2485
18:27:38.323 > [D][SoapESP32.cpp:521] seekServer(): scanned friendly name: Serviio (Virtual-Win10)
18:27:38.331 > [D][SoapESP32.cpp:531] seekServer(): server offers service: urn:schemas-upnp-org:service:ContentDirectory:1
18:27:38.339 > [D][SoapESP32.cpp:543] seekServer(): assigned controlURL: serviceControl
18:27:38.345 > [I][SoapESP32.cpp:544] seekServer(): ok, this server delivers media content
18:27:38.375 > [I][SoapESP32.cpp:492] seekServer(): connected successfully to server 192.168.1.11:55247
18:27:38.383 > [V][SoapESP32.cpp:310] soapReadHttpHeader(): header line: HTTP/1.1 200 OK
18:27:38.389 > [V][SoapESP32.cpp:323] soapReadHttpHeader(): header line: Server: Linux/3.10.24-rtk-nas-g0be9683+ UPnP/1.0 DiXiM/5.0
18:27:38.400 > [V][SoapESP32.cpp:323] soapReadHttpHeader(): header line: Date: Fri, 14 Jan 2022 17:27:38 GMT
18:27:38.409 > [V][SoapESP32.cpp:323] soapReadHttpHeader(): header line: Connection: close
18:27:38.416 > [V][SoapESP32.cpp:323] soapReadHttpHeader(): header line: Content-Type: text/xml; charset="utf-8"
18:27:38.424 > [V][SoapESP32.cpp:323] soapReadHttpHeader(): header line: Transfer-Encoding: chunked
18:27:38.432 > [V][SoapESP32.cpp:323] soapReadHttpHeader(): header line:
18:27:38.437 > [D][SoapESP32.cpp:342] soapReadHttpHeader(): HTTP-Header ok, trailing content is chunked, no size announced
18:27:38.446 > [D][SoapESP32.cpp:392] soapReadXML(): announced chunk size: 0x4b0, 1200
18:27:38.453 > [D][SoapESP32.cpp:521] seekServer(): scanned friendly name: LINKSTATION2 [LinkStation Media Server]
18:27:38.460 > [D][SoapESP32.cpp:392] soapReadXML(): announced chunk size: 0x4b0, 1200
18:27:38.467 > [D][SoapESP32.cpp:531] seekServer(): server offers service: urn:schemas-upnp-org:service:ContentDirectory:1
18:27:38.476 > [D][SoapESP32.cpp:392] soapReadXML(): announced chunk size: 0x4b0, 1200
18:27:38.483 > [D][SoapESP32.cpp:543] seekServer(): assigned controlURL: dms/control/ContentDirectory
18:27:38.490 > [I][SoapESP32.cpp:544] seekServer(): ok, this server delivers media content
18:27:38.497 > Number of discovered servers that deliver content: 5
18:27:38.502 >
18:27:38.502 > Server[1]: IP address: 192.168.1.42, port: 5001, name: Universal Media Server
18:27:38.509 >   -> controlURL: upnp/control/content_directory
18:27:38.513 > Server[2]: IP address: 192.168.1.42, port: 1557, name: Kodi (Virtual-Win10)
18:27:38.521 >   -> controlURL: ContentDirectory/1960b02b-2618-c8eb-e6aa-2367704dac98/control.xml
18:27:38.527 > Server[3]: IP address: 192.168.1.42, port: 2869, name: VIRTUAL-WIN10: MediaPlayerVM:
18:27:38.534 >   -> controlURL: upnphost/udhisapi.dll?control=uuid:5f8237e2-e279-46e6-91a1-16662dae9ac3+urn:upnp-org:serviceId:ContentDirectory
18:27:38.546 > Server[4]: IP address: 192.168.1.42, port: 8895, name: Serviio (Virtual-Win10)
18:27:38.554 >   -> controlURL: serviceControl
18:27:38.556 > Server[5]: IP address: 192.168.1.11, port: 55247, name: LINKSTATION2 [LinkStation Media Server]
18:27:38.565 >   -> controlURL: dms/control/ContentDirectory
18:27:38.569 >
18:27:38.569 > Sketch finished.