--- Terminal on COM3 | 115200 8-N-1
--- Available filters and text transformations: colorize, debug, default, direct, esp32_exception_decoder, hexlify, log2file, nocontrol, printable, send_on_enter, time
--- More details at https://bit.ly/pio-monitor-filters
--- Quit: Ctrl+C | Menu: Ctrl+T | Help: Ctrl+T followed by Ctrl+H
18:25:18.794 > [     6][D][esp32-hal-cpu.c:244] setCpuFrequencyMhz(): PLL: 480 / 2 = 240 Mhz, APB: 80000000 Hz
18:25:18.794 > 
18:25:18.794 > Initializing Ethernet...DHCP ok.
18:25:22.649 > Local IP: 192.168.1.33
18:25:22.651 > 
18:25:22.651 > Scanning local network for DLNA media servers...
18:25:22.656 > [  4754][I][SoapESP32.cpp:479] seekServer(): SSDP search for media servers started
18:25:22.677 > [  4784][D][SoapESP32.cpp:243] soapSSDPquery(): received SSDP packet within 25 ms: packet size: 365
18:25:22.687 > [  4784][V][SoapESP32.cpp:249] soapSSDPquery(): SSDP packet content:
18:25:22.693 > HTTP/1.1 200 OK
18:25:22.695 > LOCATION: http://192.168.1.34:53168/desc
18:25:22.698 > EXT:
18:25:22.699 > SERVER: Windows/6.2 UPnP/1.0 DLNADOC/1.50 Mezzmo Server (Windows)/6.0.6.0
18:25:22.705 > USN: uuid:f987c79e-a017-4c72-9689-cb619434f683::urn:schemas-upnp-org:device:MediaServer:1
18:25:22.713 > CACHE-CONTROL: max-age=1800
18:25:22.716 > ST: urn:schemas-upnp-org:device:MediaServer:1
18:25:22.720 > DATE: Fri, 10 Mar 2023 17:25:23 GMT
18:25:22.723 > Content-Length: 0
18:25:22.725 > 
18:25:22.725 > 
18:25:22.725 > [  4820][D][SoapESP32.cpp:270] soapSSDPquery(): scanned ip=192.168.1.34, port=53168, location="desc"
18:25:22.747 > [  4854][D][SoapESP32.cpp:243] soapSSDPquery(): received SSDP packet within 95 ms: packet size: 365
18:25:22.757 > [  4854][V][SoapESP32.cpp:249] soapSSDPquery(): SSDP packet content:
18:25:22.763 > HTTP/1.1 200 OK
18:25:22.765 > LOCATION: http://192.168.1.34:53168/desc
18:25:22.767 > EXT:
18:25:22.769 > SERVER: Windows/6.2 UPnP/1.0 DLNADOC/1.50 Mezzmo Server (Windows)/6.0.6.0
18:25:22.774 > USN: uuid:f987c79e-a017-4c72-9689-cb619434f683::urn:schemas-upnp-org:device:MediaServer:1
18:25:22.783 > CACHE-CONTROL: max-age=1800
18:25:22.786 > ST: urn:schemas-upnp-org:device:MediaServer:1
18:25:22.789 > DATE: Fri, 10 Mar 2023 17:25:23 GMT
18:25:22.792 > Content-Length: 0
18:25:22.794 > 
18:25:22.795 > 
18:25:22.795 > [  4889][D][SoapESP32.cpp:270] soapSSDPquery(): scanned ip=192.168.1.34, port=53168, location="desc"
18:25:26.667 > [  8773][I][SoapESP32.cpp:482] seekServer(): SSDP query discovered 1 media servers
18:25:26.674 > [  8773][I][SoapESP32.cpp:485] seekServer(): checking all discovered media servers for service ContentDirectory
18:25:26.684 > [  8780][D][SoapESP32.cpp:1159] soapGet(): 192.168.1.34:53168 GET /desc HTTP/1.1
18:25:26.691 > [  8788][I][SoapESP32.cpp:499] seekServer(): connected successfully to server 192.168.1.34:53168
18:25:26.700 > [  8795][V][SoapESP32.cpp:313] soapReadHttpHeader(): header line: HTTP/1.1 200 OK
18:25:26.707 > [  8804][V][SoapESP32.cpp:330] soapReadHttpHeader(): header line: Date: Fri, 10 Mar 2023 18:25:27 GMT
18:25:26.716 > [  8812][V][SoapESP32.cpp:330] soapReadHttpHeader(): header line: CONTENT-TYPE:  text/xml; charset="utf-8"
18:25:26.725 > [  8822][V][SoapESP32.cpp:330] soapReadHttpHeader(): header line: Server: Windows/6.2 UPnP/1.0 DLNADOC/1.50 Mezzmo Server (Windows)/6.0.6.0
18:25:26.738 > [  8833][V][SoapESP32.cpp:330] soapReadHttpHeader(): header line: Content-Length: 2906
18:25:26.745 > [  8841][V][SoapESP32.cpp:330] soapReadHttpHeader(): header line: Access-Control-Allow-Origin:*
18:25:26.754 > [  8848][V][SoapESP32.cpp:330] soapReadHttpHeader(): header line:
18:25:26.760 > [  8854][D][SoapESP32.cpp:352] soapReadHttpHeader(): HTTP-Header ok, trailing content is not chunked, announced size: 2906
18:25:26.776 > [  8882][D][SoapESP32.cpp:528] seekServer(): scanned friendly name: Mezzmo (Virtual-Win10)
18:25:26.832 > [  8938][D][SoapESP32.cpp:538] seekServer(): server offers service: urn:schemas-upnp-org:service:ContentDirectory:1
18:25:26.843 > [  8945][D][SoapESP32.cpp:555] seekServer(): assigned controlURL: ContentDirectory/control
18:25:26.851 > [  8945][I][SoapESP32.cpp:556] seekServer(): ok, this server delivers media content
18:25:26.858 > Number of discovered servers that deliver content: 1
18:25:26.862 >
18:25:26.862 > Server[1]: IP address: 192.168.1.34, port: 53168, name: Mezzmo (Virtual-Win10)
18:25:26.869 >   -> controlURL: ContentDirectory/control
18:25:26.873 >
18:25:26.873 > Sketch finished.