22:23:54.522 > ets Jun  8 2016 00:22:57
22:23:54.525 >
22:23:54.525 > rst:0x1 (POWERON_RESET),boot:0x33 (SPI_FAST_FLASH_BOOT)
22:23:54.531 > configsip: 0, SPIWP:0xee
22:23:54.532 > clk_drv:0x00,q_drv:0x00,d_drv:0x00,cs0_drv:0x00,hd_drv:0x00,wp_drv:0x00
22:23:54.538 > mode:DIO, clock div:2
22:23:54.540 > load:0x3fff0018,len:4
22:23:54.542 > load:0x3fff001c,len:1044
22:23:54.544 > load:0x40078000,len:10124
22:23:54.547 > load:0x40080400,len:5828
22:23:54.549 > entry 0x400806a8
22:23:54.863 > 
22:23:54.864 > Connecting to WiFi network ......
22:23:58.007 > Connected successfully.
22:23:58.009 > IP address: 192.168.1.37
22:23:58.011 >
22:23:58.012 > Scanning local network for DLNA media servers...
22:24:02.258 > Number of discovered servers that deliver content: 5
22:24:02.263 >
22:24:02.263 > Server[1]: IP address: 192.168.1.42, port: 5001, name: Universal Media Server
22:24:02.271 >   -> controlURL: upnp/control/content_directory
22:24:02.275 > Server[2]: IP address: 192.168.1.42, port: 1557, name: Kodi (Virtual-Win10)
22:24:02.282 >   -> controlURL: ContentDirectory/1960b02b-2618-c8eb-e6aa-2367704dac98/control.xml
22:24:02.289 > Server[3]: IP address: 192.168.1.42, port: 8895, name: Serviio (Virtual-Win10)
22:24:02.296 >   -> controlURL: serviceControl
22:24:02.299 > Server[4]: IP address: 192.168.1.42, port: 2869, name: VIRTUAL-WIN10: MediaPlayerVM:
22:24:02.306 >   -> controlURL: upnphost/udhisapi.dll?control=uuid:5f8237e2-e279-46e6-91a1-16662dae9ac3+urn:upnp-org:serviceId:ContentDirectory
22:24:02.317 > Server[5]: IP address: 192.168.1.11, port: 55247, name: LINKSTATION2 [LinkStation Media Server]
22:24:02.326 >   -> controlURL: dms/control/ContentDirectory
22:24:02.330 >
22:24:02.330 > Some ESP32 memory stats after running this sketch:
22:24:02.335 >  1) minimum ever free memory of all regions [in bytes]: 267572
22:24:02.340 >  2) minimum ever free heap size [in bytes]:             198572
22:24:02.345 >  3) minimum ever stack size of this task [in bytes]:    5752
22:24:02.350 >
22:24:02.350 > Sketch finished.
