01:23:54.071 > ets Jun  8 2016 00:22:57
01:23:54.074 >
01:23:54.074 > rst:0x1 (POWERON_RESET),boot:0x33 (SPI_FAST_FLASH_BOOT)
01:23:54.079 > configsip: 0, SPIWP:0xee
01:23:54.081 > clk_drv:0x00,q_drv:0x00,d_drv:0x00,cs0_drv:0x00,hd_drv:0x00,wp_drv:0x00
01:23:54.087 > mode:DIO, clock div:2
01:23:54.089 > load:0x3fff0018,len:4
01:23:54.091 > load:0x3fff001c,len:1044
01:23:54.093 > load:0x40078000,len:10124
01:23:54.096 > load:0x40080400,len:5828
01:23:54.098 > entry 0x400806a8
01:23:54.255 > 
01:23:54.256 > Initializing Ethernet...DHCP ok.
01:23:54.942 > Local IP: 192.168.1.45
01:23:54.944 > Additional task started. LED should blink.
01:23:54.949 >
01:23:54.949 > Scanning local network for DLNA media servers...
01:23:54.953 > [I][SoapESP32.cpp:472] seekServer(): SSDP search for media servers started
01:23:58.959 > [I][SoapESP32.cpp:475] seekServer(): SSDP query discovered 5 media servers
01:23:58.966 > [I][SoapESP32.cpp:478] seekServer(): checking all discovered media servers for service ContentDirectory
01:23:58.975 > [I][SoapESP32.cpp:492] seekServer(): connected successfully to server 192.168.1.42:5001
01:23:59.074 > [I][SoapESP32.cpp:544] seekServer(): ok, this server delivers media content
01:23:59.081 > [I][SoapESP32.cpp:492] seekServer(): connected successfully to server 192.168.1.11:55247
01:23:59.180 > [I][SoapESP32.cpp:544] seekServer(): ok, this server delivers media content
01:23:59.192 > [I][SoapESP32.cpp:492] seekServer(): connected successfully to server 192.168.1.42:8895
01:23:59.269 > [I][SoapESP32.cpp:544] seekServer(): ok, this server delivers media content
01:23:59.283 > [I][SoapESP32.cpp:492] seekServer(): connected successfully to server 192.168.1.42:1557
01:23:59.389 > [I][SoapESP32.cpp:544] seekServer(): ok, this server delivers media content
01:23:59.397 > [I][SoapESP32.cpp:492] seekServer(): connected successfully to server 192.168.1.42:2869
01:23:59.519 > [I][SoapESP32.cpp:544] seekServer(): ok, this server delivers media content
01:23:59.525 > Number of discovered servers that deliver content: 5
01:23:59.530 >
01:23:59.531 > Server[0]: IP address: 192.168.1.42, port: 5001, name: Universal Media Server
01:23:59.537 > [I][SoapESP32.cpp:861] browseServer(): new search on server: "Universal Media Server", objectId: "0"
01:23:59.661 > [I][SoapESP32.cpp:873] browseServer(): connected successfully to server 192.168.1.42:5001
01:23:59.669 > [I][SoapESP32.cpp:896] browseServer(): scan answer from media server:
01:24:00.180 > [W][SoapESP32.cpp:617] soapScanAttribute(): attribute: "searchable=" missing.
01:24:00.187 > [W][SoapESP32.cpp:663] soapScanContainer(): attribute "searchable=" is missing, we set it true
01:24:00.196 > [I][SoapESP32.cpp:690] soapScanContainer(): folder "Music" (id: "37", childCount: 1) added to list
01:24:00.597 > [W][SoapESP32.cpp:617] soapScanAttribute(): attribute: "searchable=" missing.
01:24:00.604 > [W][SoapESP32.cpp:663] soapScanContainer(): attribute "searchable=" is missing, we set it true
01:24:00.612 > [I][SoapESP32.cpp:690] soapScanContainer(): folder "Videos" (id: "38", childCount: 1) added to list
01:24:00.999 > [W][SoapESP32.cpp:617] soapScanAttribute(): attribute: "searchable=" missing.
01:24:01.006 > [W][SoapESP32.cpp:663] soapScanContainer(): attribute "searchable=" is missing, we set it true
01:24:01.014 > [I][SoapESP32.cpp:690] soapScanContainer(): folder "Web" (id: "39", childCount: 2) added to list
01:24:01.028 > [I][SoapESP32.cpp:962] browseServer(): found 3 folders and 0 files
01:24:01.034 > Browsing root directory. Number of sub-directories: 3
01:24:01.039 >  Music (child count: 1)
01:24:01.041 >  Videos (child count: 1)
01:24:01.044 >  Web (child count: 2)
01:24:01.046 > 
01:24:01.046 > Server[1]: IP address: 192.168.1.11, port: 55247, name: LINKSTATION2 [LinkStation Media Server]
01:24:01.055 > [I][SoapESP32.cpp:861] browseServer(): new search on server: "LINKSTATION2 [LinkStation Media Server]", objectId: "0"
01:24:01.090 > [I][SoapESP32.cpp:873] browseServer(): connected successfully to server 192.168.1.11:55247
01:24:01.098 > [I][SoapESP32.cpp:896] browseServer(): scan answer from media server:
01:24:01.287 > [I][SoapESP32.cpp:690] soapScanContainer(): folder "Video" (id: "CAT-VIDEO", childCount: 8) added to list
01:24:01.327 > [I][SoapESP32.cpp:690] soapScanContainer(): folder "Music" (id: "CAT-AUDIO", childCount: 9) added to list
01:24:01.368 > [I][SoapESP32.cpp:690] soapScanContainer(): folder "Photos" (id: "CAT-IMAGE", childCount: 7) added to list
01:24:01.409 > [I][SoapESP32.cpp:690] soapScanContainer(): folder "Folders" (id: "FS-Folder", childCount: 2) added to list
01:24:02.424 > [I][SoapESP32.cpp:962] browseServer(): found 4 folders and 0 files
01:24:02.430 > Browsing root directory. Number of sub-directories: 4
01:24:02.435 >  Video (child count: 8)
01:24:02.437 >  Music (child count: 9)
01:24:02.439 >  Photos (child count: 7)
01:24:02.442 >  Folders (child count: 2)
01:24:02.444 >
01:24:02.444 > Server[2]: IP address: 192.168.1.42, port: 8895, name: Serviio (Virtual-Win10)
01:24:02.451 > [I][SoapESP32.cpp:861] browseServer(): new search on server: "Serviio (Virtual-Win10)", objectId: "0"
01:24:03.565 > [I][SoapESP32.cpp:873] browseServer(): connected successfully to server 192.168.1.42:8895
01:24:03.573 > [I][SoapESP32.cpp:896] browseServer(): scan answer from media server:
01:24:03.699 > [I][SoapESP32.cpp:670] soapScanContainer(): "A" attribute searchable=0
01:24:03.706 > [I][SoapESP32.cpp:690] soapScanContainer(): folder "Audio" (id: "A", childCount: 10) added to list
01:24:03.738 > [I][SoapESP32.cpp:670] soapScanContainer(): "I" attribute searchable=0
01:24:03.744 > [I][SoapESP32.cpp:690] soapScanContainer(): folder "Image" (id: "I", childCount: 5) added to list
01:24:03.776 > [I][SoapESP32.cpp:670] soapScanContainer(): "V" attribute searchable=0
01:24:03.782 > [I][SoapESP32.cpp:690] soapScanContainer(): folder "Video" (id: "V", childCount: 7) added to list
01:24:03.793 > [I][SoapESP32.cpp:962] browseServer(): found 3 folders and 0 files
01:24:03.799 > Browsing root directory. Number of sub-directories: 3
01:24:03.804 >  Audio (child count: 10)
01:24:03.806 >  Image (child count: 5)
01:24:03.809 >  Video (child count: 7)
01:24:03.811 >
01:24:03.811 > Server[3]: IP address: 192.168.1.42, port: 1557, name: Kodi (Virtual-Win10)
01:24:03.818 > [I][SoapESP32.cpp:861] browseServer(): new search on server: "Kodi (Virtual-Win10)", objectId: "0"
01:24:03.826 > [I][SoapESP32.cpp:873] browseServer(): connected successfully to server 192.168.1.42:1557
01:24:03.834 > [I][SoapESP32.cpp:896] browseServer(): scan answer from media server:
01:24:04.043 > [W][SoapESP32.cpp:617] soapScanAttribute(): attribute: "childCount=" missing.
01:24:04.051 > [I][SoapESP32.cpp:670] soapScanContainer(): "musicdb://" attribute searchable=0
01:24:04.057 > [I][SoapESP32.cpp:690] soapScanContainer(): folder "Music Library" (id: "musicdb://", childCount: 0) added to list
01:24:04.149 > [W][SoapESP32.cpp:617] soapScanAttribute(): attribute: "childCount=" missing.
01:24:04.157 > [I][SoapESP32.cpp:670] soapScanContainer(): "library://video/" attribute searchable=0
01:24:04.164 > [I][SoapESP32.cpp:690] soapScanContainer(): folder "Video Library" (id: "library://video/", childCount: 0) added to list
01:24:04.178 > [I][SoapESP32.cpp:962] browseServer(): found 2 folders and 0 files
01:24:04.184 > Browsing root directory. Number of sub-directories: 2
01:24:04.189 >  Music Library (child count: missing)
01:24:04.193 >  Video Library (child count: missing)
01:24:04.196 >
01:24:04.196 > Server[4]: IP address: 192.168.1.42, port: 2869, name: VIRTUAL-WIN10: MediaPlayerVM:
01:24:04.203 > [I][SoapESP32.cpp:861] browseServer(): new search on server: "VIRTUAL-WIN10: MediaPlayerVM:", objectId: "0"
01:24:04.212 > [I][SoapESP32.cpp:873] browseServer(): connected successfully to server 192.168.1.42:2869
01:24:04.221 > [I][SoapESP32.cpp:896] browseServer(): scan answer from media server:
01:24:04.527 > [I][SoapESP32.cpp:690] soapScanContainer(): folder "Bilder" (id: "3", childCount: 7) added to list
01:24:04.769 > [I][SoapESP32.cpp:690] soapScanContainer(): folder "Musik" (id: "1", childCount: 10) added to list
01:24:05.032 > [I][SoapESP32.cpp:690] soapScanContainer(): folder "Videos" (id: "2", childCount: 8) added to list
01:24:05.290 > [I][SoapESP32.cpp:690] soapScanContainer(): folder "Wiedergabelisten" (id: "12", childCount: 2) added to list
01:24:05.317 > [I][SoapESP32.cpp:962] browseServer(): found 4 folders and 0 files
01:24:05.323 > Browsing root directory. Number of sub-directories: 4
01:24:05.328 >  Bilder (child count: 7)
01:24:05.330 >  Musik (child count: 10)
01:24:05.333 >  Videos (child count: 8)
01:24:05.334 >  Wiedergabelisten (child count: 2)
01:24:05.338 >
01:24:05.338 > Some ESP32 memory stats after running this sketch:
01:24:05.342 >  1) minimum ever free memory of all regions [in bytes]: 361900
01:24:05.347 >  2) minimum ever free heap size [in bytes]:             275996
01:24:05.354 >  3) minimum ever stack size of this task [in bytes]:    5736
01:24:05.359 >
01:24:05.359 > Sketch finished.